\BOOKMARK [1][-]{Doc-Start}{\376\377\000S\000y\000m\000b\000o\000l\000s\000\040\000a\000n\000d\000\040\000a\000c\000r\000o\000n\000y\000m\000s\000\040\000u\000s\000e\000d\000\040\000i\000n\000\040\000t\000h\000i\000s\000\040\000d\000o\000c\000u\000m\000e\000n\000t}{}% 1
\BOOKMARK [1][-]{section.1}{\376\377\000P\000h\000y\000s\000i\000c\000a\000l\000\040\000p\000r\000o\000b\000l\000e\000m\000\040\000s\000o\000l\000v\000e\000d\000\040\000b\000y\000\040\000M\000o\000d\000u\000l\000e\000\040\0004}{}% 2
\BOOKMARK [2][-]{subsection.1.1}{\376\377\000W\000h\000a\000t\000\040\000M\000o\000d\000u\000l\000e\000\040\0004\000\040\000d\000o\000e\000s\000\040\000i\000n\000\040\000t\000h\000e\000\040\000p\000r\000o\000j\000e\000c\000t}{section.1}% 3
\BOOKMARK [2][-]{subsection.1.2}{\376\377\000C\000o\000r\000e\000\040\000h\000e\000a\000t\000\040\000e\000q\000u\000a\000t\000i\000o\000n}{section.1}% 4
\BOOKMARK [2][-]{subsection.1.3}{\376\377\000F\000o\000u\000r\000i\000e\000r\000\040\000t\000h\000e\000r\000m\000a\000l\000\040\000d\000i\000f\000f\000u\000s\000i\000v\000i\000t\000y}{section.1}% 5
\BOOKMARK [2][-]{subsection.1.4}{\376\377\000W\000h\000a\000t\000\040\000`\000`\000b\000a\000l\000l\000i\000s\000t\000i\000c\000-\000d\000i\000f\000f\000u\000s\000i\000v\000e\000'\000'\000\040\000m\000e\000a\000n\000s\000\040\000h\000e\000r\000e}{section.1}% 6
\BOOKMARK [1][-]{section.2}{\376\377\000F\000E\000M\000\040\000i\000n\000t\000e\000r\000p\000r\000e\000t\000a\000t\000i\000o\000n\000\040\000b\000e\000f\000o\000r\000e\000\040\000o\000p\000e\000n\000i\000n\000g\000\040\000C\000O\000M\000S\000O\000L}{}% 7
\BOOKMARK [2][-]{subsection.2.1}{\376\377\000W\000e\000a\000k\000\040\000f\000o\000r\000m\000\040\000o\000f\000\040\000t\000h\000e\000\040\000h\000e\000a\000t\000\040\000e\000q\000u\000a\000t\000i\000o\000n}{section.2}% 8
\BOOKMARK [2][-]{subsection.2.2}{\376\377\000F\000i\000n\000i\000t\000e\000\040\000e\000l\000e\000m\000e\000n\000t\000\040\000m\000a\000t\000r\000i\000x\000\040\000f\000o\000r\000m}{section.2}% 9
\BOOKMARK [1][-]{section.3}{\376\377\000R\000e\000c\000o\000m\000m\000e\000n\000d\000e\000d\000\040\000C\000O\000M\000S\000O\000L\000\040\000m\000o\000d\000e\000l\000\040\000r\000o\000u\000t\000e}{}% 10
\BOOKMARK [1][-]{section.4}{\376\377\000R\000o\000u\000t\000e\000\040\000A\000:\000\040\000H\000e\000a\000t\000\040\000T\000r\000a\000n\000s\000f\000e\000r\000\040\000i\000n\000\040\000S\000o\000l\000i\000d\000s\000,\000\040\000c\000l\000i\000c\000k\000-\000b\000y\000-\000c\000l\000i\000c\000k}{}% 11
\BOOKMARK [2][-]{subsection.4.1}{\376\377\000S\000t\000a\000r\000t\000\040\000a\000\040\000n\000e\000w\000\040\000m\000o\000d\000e\000l}{section.4}% 12
\BOOKMARK [2][-]{subsection.4.2}{\376\377\000S\000a\000v\000e\000\040\000t\000h\000e\000\040\000m\000o\000d\000e\000l}{section.4}% 13
\BOOKMARK [1][-]{section.5}{\376\377\000D\000e\000f\000i\000n\000e\000\040\000g\000l\000o\000b\000a\000l\000\040\000p\000a\000r\000a\000m\000e\000t\000e\000r\000s}{}% 14
\BOOKMARK [2][-]{subsection.5.1}{\376\377\000O\000p\000e\000n\000\040\000t\000h\000e\000\040\000p\000a\000r\000a\000m\000e\000t\000e\000r\000\040\000t\000a\000b\000l\000e}{section.5}% 15
\BOOKMARK [1][-]{section.6}{\376\377\000B\000u\000i\000l\000d\000\040\000t\000h\000e\000\040\000t\000w\000o\000-\000d\000i\000m\000e\000n\000s\000i\000o\000n\000a\000l\000\040\000s\000i\000l\000i\000c\000o\000n\000\040\000g\000e\000o\000m\000e\000t\000r\000y}{}% 16
\BOOKMARK [2][-]{subsection.6.1}{\376\377\000C\000r\000e\000a\000t\000e\000\040\000a\000\040\000r\000e\000c\000t\000a\000n\000g\000l\000e}{section.6}% 17
\BOOKMARK [2][-]{subsection.6.2}{\376\377\000N\000a\000m\000e\000\040\000t\000h\000e\000\040\000g\000e\000o\000m\000e\000t\000r\000y\000\040\000s\000e\000l\000e\000c\000t\000i\000o\000n}{section.6}% 18
\BOOKMARK [1][-]{section.7}{\376\377\000D\000e\000f\000i\000n\000e\000\040\000s\000o\000u\000r\000c\000e\000\040\000v\000a\000r\000i\000a\000b\000l\000e\000s}{}% 19
\BOOKMARK [2][-]{subsection.7.1}{\376\377\000O\000p\000e\000n\000\040\000c\000o\000m\000p\000o\000n\000e\000n\000t\000\040\000v\000a\000r\000i\000a\000b\000l\000e\000s}{section.7}% 20
\BOOKMARK [1][-]{section.8}{\376\377\000A\000s\000s\000i\000g\000n\000\040\000s\000i\000l\000i\000c\000o\000n\000\040\000m\000a\000t\000e\000r\000i\000a\000l\000\040\000p\000r\000o\000p\000e\000r\000t\000i\000e\000s}{}% 21
\BOOKMARK [2][-]{subsection.8.1}{\376\377\000C\000r\000e\000a\000t\000e\000\040\000a\000\040\000b\000l\000a\000n\000k\000\040\000m\000a\000t\000e\000r\000i\000a\000l}{section.8}% 22
\BOOKMARK [2][-]{subsection.8.2}{\376\377\000E\000n\000t\000e\000r\000\040\000m\000a\000t\000e\000r\000i\000a\000l\000\040\000v\000a\000l\000u\000e\000s}{section.8}% 23
\BOOKMARK [1][-]{section.9}{\376\377\000S\000e\000t\000\040\000u\000p\000\040\000H\000e\000a\000t\000\040\000T\000r\000a\000n\000s\000f\000e\000r\000\040\000i\000n\000\040\000S\000o\000l\000i\000d\000s}{}% 24
\BOOKMARK [2][-]{subsection.9.1}{\376\377\000C\000h\000e\000c\000k\000\040\000t\000h\000e\000\040\000d\000o\000m\000a\000i\000n\000\040\000e\000q\000u\000a\000t\000i\000o\000n}{section.9}% 25
\BOOKMARK [2][-]{subsection.9.2}{\376\377\000I\000n\000i\000t\000i\000a\000l\000\040\000t\000e\000m\000p\000e\000r\000a\000t\000u\000r\000e}{section.9}% 26
\BOOKMARK [2][-]{subsection.9.3}{\376\377\000A\000d\000d\000\040\000a\000\040\000v\000o\000l\000u\000m\000e\000t\000r\000i\000c\000\040\000h\000e\000a\000t\000\040\000s\000o\000u\000r\000c\000e}{section.9}% 27
\BOOKMARK [1][-]{section.10}{\376\377\000B\000o\000u\000n\000d\000a\000r\000y\000\040\000c\000o\000n\000d\000i\000t\000i\000o\000n\000s}{}% 28
\BOOKMARK [2][-]{subsection.10.1}{\376\377\000D\000e\000f\000a\000u\000l\000t\000\040\000t\000h\000e\000r\000m\000a\000l\000\040\000i\000n\000s\000u\000l\000a\000t\000i\000o\000n}{section.10}% 29
\BOOKMARK [2][-]{subsection.10.2}{\376\377\000V\000e\000r\000i\000f\000y\000\040\000t\000h\000e\000\040\000d\000e\000f\000a\000u\000l\000t\000\040\000i\000n\000s\000u\000l\000a\000t\000i\000o\000n}{section.10}% 30
\BOOKMARK [2][-]{subsection.10.3}{\376\377\000A\000d\000d\000\040\000f\000i\000x\000e\000d\000-\000t\000e\000m\000p\000e\000r\000a\000t\000u\000r\000e\000\040\000c\000o\000n\000t\000a\000c\000t\000s\000,\000\040\000o\000p\000t\000i\000o\000n\000a\000l}{section.10}% 31
\BOOKMARK [1][-]{section.11}{\376\377\000M\000e\000s\000h\000\040\000c\000r\000e\000a\000t\000i\000o\000n}{}% 32
\BOOKMARK [2][-]{subsection.11.1}{\376\377\000C\000r\000e\000a\000t\000e\000\040\000a\000\040\000c\000o\000n\000t\000r\000o\000l\000l\000e\000d\000\040\000t\000r\000i\000a\000n\000g\000u\000l\000a\000r\000\040\000m\000e\000s\000h}{section.11}% 33
\BOOKMARK [2][-]{subsection.11.2}{\376\377\000M\000e\000s\000h\000\040\000p\000h\000y\000s\000i\000c\000s\000\040\000e\000x\000p\000l\000a\000n\000a\000t\000i\000o\000n}{section.11}% 34
\BOOKMARK [2][-]{subsection.11.3}{\376\377\000O\000p\000t\000i\000o\000n\000a\000l\000\040\000l\000o\000c\000a\000l\000\040\000r\000e\000f\000i\000n\000e\000m\000e\000n\000t\000\040\000n\000e\000a\000r\000\040\000t\000h\000e\000\040\000h\000o\000t\000s\000p\000o\000t}{section.11}% 35
\BOOKMARK [1][-]{section.12}{\376\377\000S\000e\000t\000\040\000t\000h\000e\000\040\000t\000i\000m\000e\000-\000d\000e\000p\000e\000n\000d\000e\000n\000t\000\040\000s\000t\000u\000d\000y}{}% 36
\BOOKMARK [2][-]{subsection.12.1}{\376\377\000O\000p\000e\000n\000\040\000S\000t\000u\000d\000y\000\040\0001}{section.12}% 37
\BOOKMARK [2][-]{subsection.12.2}{\376\377\000S\000o\000l\000v\000e\000r\000\040\000t\000o\000l\000e\000r\000a\000n\000c\000e}{section.12}% 38
\BOOKMARK [2][-]{subsection.12.3}{\376\377\000C\000o\000m\000p\000u\000t\000e}{section.12}% 39
\BOOKMARK [1][-]{section.13}{\376\377\000P\000o\000s\000t\000p\000r\000o\000c\000e\000s\000s\000i\000n\000g\000\040\000a\000n\000d\000\040\000p\000l\000o\000t\000s}{}% 40
\BOOKMARK [2][-]{subsection.13.1}{\376\377\000T\000e\000m\000p\000e\000r\000a\000t\000u\000r\000e\000\040\000s\000u\000r\000f\000a\000c\000e\000\040\000p\000l\000o\000t}{section.13}% 41
\BOOKMARK [2][-]{subsection.13.2}{\376\377\000T\000e\000m\000p\000e\000r\000a\000t\000u\000r\000e\000\040\000r\000i\000s\000e\000\040\000p\000l\000o\000t}{section.13}% 42
\BOOKMARK [2][-]{subsection.13.3}{\376\377\000L\000i\000n\000e\000\040\000p\000l\000o\000t\000\040\000t\000h\000r\000o\000u\000g\000h\000\040\000t\000h\000e\000\040\000h\000o\000t\000s\000p\000o\000t}{section.13}% 43
\BOOKMARK [1][-]{section.14}{\376\377\000D\000e\000r\000i\000v\000e\000d\000\040\000v\000a\000l\000u\000e\000s\000\040\000a\000n\000d\000\040\000e\000n\000e\000r\000g\000y\000\040\000c\000h\000e\000c\000k\000s}{}% 44
\BOOKMARK [2][-]{subsection.14.1}{\376\377\000C\000r\000e\000a\000t\000e\000\040\000a\000n\000\040\000i\000n\000t\000e\000g\000r\000a\000t\000i\000o\000n\000\040\000o\000p\000e\000r\000a\000t\000o\000r}{section.14}% 45
\BOOKMARK [2][-]{subsection.14.2}{\376\377\000T\000o\000t\000a\000l\000\040\000e\000x\000c\000e\000s\000s\000\040\000t\000h\000e\000r\000m\000a\000l\000\040\000e\000n\000e\000r\000g\000y}{section.14}% 46
\BOOKMARK [2][-]{subsection.14.3}{\376\377\000E\000v\000a\000l\000u\000a\000t\000e\000\040\000g\000l\000o\000b\000a\000l\000\040\000q\000u\000a\000n\000t\000i\000t\000i\000e\000s}{section.14}% 47
\BOOKMARK [1][-]{section.15}{\376\377\000V\000e\000r\000i\000f\000i\000c\000a\000t\000i\000o\000n\000\040\000t\000u\000t\000o\000r\000i\000a\000l\000\040\0001\000:\000\040\000u\000n\000i\000f\000o\000r\000m\000\040\000e\000q\000u\000i\000l\000i\000b\000r\000i\000u\000m}{}% 48
\BOOKMARK [2][-]{subsection.15.1}{\376\377\000P\000u\000r\000p\000o\000s\000e}{section.15}% 49
\BOOKMARK [2][-]{subsection.15.2}{\376\377\000S\000t\000e\000p\000s}{section.15}% 50
\BOOKMARK [2][-]{subsection.15.3}{\376\377\000E\000x\000p\000e\000c\000t\000e\000d\000\040\000r\000e\000s\000u\000l\000t}{section.15}% 51
\BOOKMARK [1][-]{section.16}{\376\377\000V\000e\000r\000i\000f\000i\000c\000a\000t\000i\000o\000n\000\040\000t\000u\000t\000o\000r\000i\000a\000l\000\040\0002\000:\000\040\000u\000n\000i\000f\000o\000r\000m\000\040\000s\000o\000u\000r\000c\000e\000\040\000i\000n\000\040\000i\000n\000s\000u\000l\000a\000t\000e\000d\000\040\000d\000o\000m\000a\000i\000n}{}% 52
\BOOKMARK [2][-]{subsection.16.1}{\376\377\000P\000u\000r\000p\000o\000s\000e}{section.16}% 53
\BOOKMARK [2][-]{subsection.16.2}{\376\377\000S\000t\000e\000p\000s}{section.16}% 54
\BOOKMARK [2][-]{subsection.16.3}{\376\377\000E\000x\000p\000e\000c\000t\000e\000d\000\040\000r\000e\000s\000u\000l\000t}{section.16}% 55
\BOOKMARK [1][-]{section.17}{\376\377\000V\000e\000r\000i\000f\000i\000c\000a\000t\000i\000o\000n\000\040\000t\000u\000t\000o\000r\000i\000a\000l\000\040\0003\000:\000\040\000G\000a\000u\000s\000s\000i\000a\000n\000\040\000d\000i\000f\000f\000u\000s\000i\000o\000n}{}% 56
\BOOKMARK [2][-]{subsection.17.1}{\376\377\000P\000u\000r\000p\000o\000s\000e}{section.17}% 57
\BOOKMARK [2][-]{subsection.17.2}{\376\377\000C\000r\000e\000a\000t\000e\000\040\000a\000\040\000G\000a\000u\000s\000s\000i\000a\000n\000\040\000i\000n\000i\000t\000i\000a\000l\000\040\000c\000o\000n\000d\000i\000t\000i\000o\000n}{section.17}% 58
\BOOKMARK [2][-]{subsection.17.3}{\376\377\000E\000x\000p\000e\000c\000t\000e\000d\000\040\000r\000e\000s\000u\000l\000t}{section.17}% 59
\BOOKMARK [1][-]{section.18}{\376\377\000V\000e\000r\000i\000f\000i\000c\000a\000t\000i\000o\000n\000\040\000t\000u\000t\000o\000r\000i\000a\000l\000\040\0004\000:\000\040\000f\000i\000x\000e\000d\000-\000t\000e\000m\000p\000e\000r\000a\000t\000u\000r\000e\000\040\000b\000o\000u\000n\000d\000a\000r\000i\000e\000s}{}% 60
\BOOKMARK [2][-]{subsection.18.1}{\376\377\000P\000u\000r\000p\000o\000s\000e}{section.18}% 61
\BOOKMARK [2][-]{subsection.18.2}{\376\377\000S\000t\000e\000p\000s}{section.18}% 62
\BOOKMARK [2][-]{subsection.18.3}{\376\377\000E\000x\000p\000e\000c\000t\000e\000d\000\040\000r\000e\000s\000u\000l\000t}{section.18}% 63
\BOOKMARK [1][-]{section.19}{\376\377\000R\000o\000u\000t\000e\000\040\000B\000:\000\040\000C\000o\000e\000f\000f\000i\000c\000i\000e\000n\000t\000\040\000F\000o\000r\000m\000\040\000P\000D\000E\000\040\000i\000m\000p\000l\000e\000m\000e\000n\000t\000a\000t\000i\000o\000n}{}% 64
\BOOKMARK [2][-]{subsection.19.1}{\376\377\000W\000h\000e\000n\000\040\000t\000o\000\040\000u\000s\000e\000\040\000t\000h\000i\000s\000\040\000r\000o\000u\000t\000e}{section.19}% 65
\BOOKMARK [2][-]{subsection.19.2}{\376\377\000C\000r\000e\000a\000t\000e\000\040\000t\000h\000e\000\040\000P\000D\000E\000\040\000m\000o\000d\000e\000l}{section.19}% 66
\BOOKMARK [2][-]{subsection.19.3}{\376\377\000C\000o\000e\000f\000f\000i\000c\000i\000e\000n\000t\000\040\000f\000o\000r\000m\000\040\000e\000q\000u\000a\000t\000i\000o\000n}{section.19}% 67
\BOOKMARK [2][-]{subsection.19.4}{\376\377\000E\000n\000t\000e\000r\000\040\000P\000D\000E\000\040\000c\000o\000e\000f\000f\000i\000c\000i\000e\000n\000t\000s}{section.19}% 68
\BOOKMARK [2][-]{subsection.19.5}{\376\377\000B\000o\000u\000n\000d\000a\000r\000y\000\040\000c\000o\000n\000d\000i\000t\000i\000o\000n\000\040\000i\000n\000\040\000P\000D\000E\000\040\000r\000o\000u\000t\000e}{section.19}% 69
\BOOKMARK [1][-]{section.20}{\376\377\000A\000d\000d\000i\000n\000g\000\040\000i\000m\000p\000o\000r\000t\000e\000d\000\040\000r\000a\000d\000i\000a\000t\000i\000o\000n\000-\000d\000e\000p\000o\000s\000i\000t\000i\000o\000n\000\040\000m\000a\000p\000s}{}% 70
\BOOKMARK [2][-]{subsection.20.1}{\376\377\000W\000h\000y\000\040\000i\000m\000p\000o\000r\000t\000\040\000m\000a\000p\000s}{section.20}% 71
\BOOKMARK [2][-]{subsection.20.2}{\376\377\000P\000r\000e\000p\000a\000r\000e\000\040\000a\000\040\000t\000e\000x\000t\000\040\000f\000i\000l\000e}{section.20}% 72
\BOOKMARK [2][-]{subsection.20.3}{\376\377\000I\000m\000p\000o\000r\000t\000\040\000i\000n\000t\000e\000r\000p\000o\000l\000a\000t\000i\000o\000n\000\040\000f\000u\000n\000c\000t\000i\000o\000n}{section.20}% 73
\BOOKMARK [2][-]{subsection.20.4}{\376\377\000U\000s\000e\000\040\000i\000m\000p\000o\000r\000t\000e\000d\000\040\000m\000a\000p\000\040\000i\000n\000\040\000s\000o\000u\000r\000c\000e\000\040\000t\000e\000r\000m}{section.20}% 74
\BOOKMARK [1][-]{section.21}{\376\377\000A\000d\000d\000i\000n\000g\000\040\000d\000e\000f\000e\000c\000t\000-\000r\000e\000l\000a\000t\000e\000d\000\040\000t\000h\000e\000r\000m\000a\000l\000\040\000c\000o\000u\000p\000l\000i\000n\000g}{}% 75
\BOOKMARK [2][-]{subsection.21.1}{\376\377\000T\000e\000m\000p\000e\000r\000a\000t\000u\000r\000e\000-\000d\000e\000p\000e\000n\000d\000e\000n\000t\000\040\000d\000e\000f\000e\000c\000t\000\040\000k\000i\000n\000e\000t\000i\000c\000s}{section.21}% 76
\BOOKMARK [2][-]{subsection.21.2}{\376\377\000D\000e\000f\000e\000c\000t\000\040\000r\000e\000a\000c\000t\000i\000o\000n\000\040\000h\000e\000a\000t\000\040\000s\000o\000u\000r\000c\000e}{section.21}% 77
\BOOKMARK [1][-]{section.22}{\376\377\000E\000x\000p\000o\000r\000t\000i\000n\000g\000\040\000d\000a\000t\000a\000\040\000t\000o\000\040\000M\000A\000T\000L\000A\000B}{}% 78
\BOOKMARK [2][-]{subsection.22.1}{\376\377\000E\000x\000p\000o\000r\000t\000\040\000a\000\040\000t\000e\000m\000p\000e\000r\000a\000t\000u\000r\000e\000\040\000f\000i\000e\000l\000d}{section.22}% 79
\BOOKMARK [2][-]{subsection.22.2}{\376\377\000E\000x\000p\000o\000r\000t\000\040\000c\000e\000n\000t\000e\000r\000l\000i\000n\000e\000\040\000d\000a\000t\000a}{section.22}% 80
\BOOKMARK [1][-]{section.23}{\376\377\000M\000e\000s\000h\000\040\000c\000o\000n\000v\000e\000r\000g\000e\000n\000c\000e\000\040\000w\000o\000r\000k\000f\000l\000o\000w}{}% 81
\BOOKMARK [2][-]{subsection.23.1}{\376\377\000W\000h\000y\000\040\000c\000o\000n\000v\000e\000r\000g\000e\000n\000c\000e\000\040\000m\000a\000t\000t\000e\000r\000s}{section.23}% 82
\BOOKMARK [2][-]{subsection.23.2}{\376\377\000M\000a\000n\000u\000a\000l\000\040\000m\000e\000s\000h\000\040\000c\000o\000n\000v\000e\000r\000g\000e\000n\000c\000e\000\040\000s\000t\000e\000p\000s}{section.23}% 83
\BOOKMARK [1][-]{section.24}{\376\377\000T\000i\000m\000e\000-\000s\000t\000e\000p\000\040\000s\000e\000n\000s\000i\000t\000i\000v\000i\000t\000y\000\040\000w\000o\000r\000k\000f\000l\000o\000w}{}% 84
\BOOKMARK [2][-]{subsection.24.1}{\376\377\000W\000h\000y\000\040\000t\000i\000m\000e\000-\000s\000t\000e\000p\000\040\000c\000h\000e\000c\000k\000s\000\040\000m\000a\000t\000t\000e\000r}{section.24}% 85
\BOOKMARK [2][-]{subsection.24.2}{\376\377\000S\000t\000e\000p\000s}{section.24}% 86
\BOOKMARK [1][-]{section.25}{\376\377\000C\000o\000m\000m\000o\000n\000\040\000m\000i\000s\000t\000a\000k\000e\000s\000\040\000a\000n\000d\000\040\000f\000i\000x\000e\000s}{}% 87
\BOOKMARK [1][-]{section.26}{\376\377\000M\000a\000p\000p\000i\000n\000g\000\040\000C\000O\000M\000S\000O\000L\000\040\000o\000b\000j\000e\000c\000t\000s\000\040\000t\000o\000\040\000M\000A\000T\000L\000A\000B\000\040\000F\000E\000M\000\040\000o\000b\000j\000e\000c\000t\000s}{}% 88
\BOOKMARK [1][-]{section.27}{\376\377\000R\000e\000c\000o\000m\000m\000e\000n\000d\000e\000d\000\040\000m\000o\000d\000e\000l\000-\000b\000u\000i\000l\000d\000i\000n\000g\000\040\000o\000r\000d\000e\000r}{}% 89
\BOOKMARK [1][-]{section.28}{\376\377\000F\000i\000n\000a\000l\000\040\000t\000r\000u\000s\000t\000\040\000c\000h\000e\000c\000k\000l\000i\000s\000t}{}% 90
\BOOKMARK [1][-]{section.29}{\376\377\000D\000e\000t\000a\000i\000l\000e\000d\000\040\000C\000O\000M\000S\000O\000L\000\040\000n\000o\000d\000e\000\040\000t\000r\000e\000e\000\040\000e\000x\000p\000e\000c\000t\000e\000d\000\040\000a\000f\000t\000e\000r\000\040\000s\000e\000t\000u\000p}{}% 91
\BOOKMARK [1][-]{section.30}{\376\377\000D\000e\000t\000a\000i\000l\000e\000d\000\040\000e\000x\000p\000r\000e\000s\000s\000i\000o\000n\000-\000e\000n\000t\000r\000y\000\040\000r\000u\000l\000e\000s\000\040\000i\000n\000\040\000C\000O\000M\000S\000O\000L}{}% 92
\BOOKMARK [2][-]{subsection.30.1}{\376\377\000M\000u\000l\000t\000i\000p\000l\000i\000c\000a\000t\000i\000o\000n\000\040\000s\000i\000g\000n\000s}{section.30}% 93
\BOOKMARK [2][-]{subsection.30.2}{\376\377\000U\000n\000i\000t\000s\000\040\000i\000n\000s\000i\000d\000e\000\040\000b\000r\000a\000c\000k\000e\000t\000s}{section.30}% 94
\BOOKMARK [2][-]{subsection.30.3}{\376\377\000C\000o\000o\000r\000d\000i\000n\000a\000t\000e\000\040\000v\000a\000r\000i\000a\000b\000l\000e\000s}{section.30}% 95
\BOOKMARK [2][-]{subsection.30.4}{\376\377\000T\000i\000m\000e\000\040\000v\000a\000r\000i\000a\000b\000l\000e}{section.30}% 96
\BOOKMARK [1][-]{section.31}{\376\377\000M\000o\000r\000e\000\040\000d\000e\000t\000a\000i\000l\000e\000d\000\040\000b\000o\000u\000n\000d\000a\000r\000y\000-\000c\000o\000n\000d\000i\000t\000i\000o\000n\000\040\000o\000p\000t\000i\000o\000n\000s}{}% 97
\BOOKMARK [2][-]{subsection.31.1}{\376\377\000T\000h\000e\000r\000m\000a\000l\000\040\000i\000n\000s\000u\000l\000a\000t\000i\000o\000n}{section.31}% 98
\BOOKMARK [2][-]{subsection.31.2}{\376\377\000F\000i\000x\000e\000d\000\040\000t\000e\000m\000p\000e\000r\000a\000t\000u\000r\000e}{section.31}% 99
\BOOKMARK [2][-]{subsection.31.3}{\376\377\000P\000r\000e\000s\000c\000r\000i\000b\000e\000d\000\040\000h\000e\000a\000t\000\040\000f\000l\000u\000x}{section.31}% 100
\BOOKMARK [2][-]{subsection.31.4}{\376\377\000C\000o\000n\000v\000e\000c\000t\000i\000v\000e\000\040\000c\000o\000o\000l\000i\000n\000g}{section.31}% 101
\BOOKMARK [1][-]{section.32}{\376\377\000H\000o\000w\000\040\000t\000o\000\040\000c\000r\000e\000a\000t\000e\000\040\000s\000e\000l\000e\000c\000t\000i\000o\000n\000s\000\040\000f\000o\000r\000\040\000b\000o\000u\000n\000d\000a\000r\000i\000e\000s}{}% 102
\BOOKMARK [2][-]{subsection.32.1}{\376\377\000L\000e\000f\000t\000\040\000b\000o\000u\000n\000d\000a\000r\000y\000\040\000s\000e\000l\000e\000c\000t\000i\000o\000n}{section.32}% 103
\BOOKMARK [2][-]{subsection.32.2}{\376\377\000R\000i\000g\000h\000t\000\040\000b\000o\000u\000n\000d\000a\000r\000y\000\040\000s\000e\000l\000e\000c\000t\000i\000o\000n}{section.32}% 104
\BOOKMARK [2][-]{subsection.32.3}{\376\377\000S\000o\000u\000r\000c\000e\000-\000r\000e\000g\000i\000o\000n\000\040\000s\000e\000l\000e\000c\000t\000i\000o\000n\000,\000\040\000o\000p\000t\000i\000o\000n\000a\000l}{section.32}% 105
\BOOKMARK [1][-]{section.33}{\376\377\000H\000o\000w\000\040\000t\000o\000\040\000i\000n\000s\000p\000e\000c\000t\000\040\000t\000h\000e\000\040\000m\000e\000s\000h}{}% 106
\BOOKMARK [2][-]{subsection.33.1}{\376\377\000P\000l\000o\000t\000\040\000m\000e\000s\000h\000\040\000q\000u\000a\000l\000i\000t\000y}{section.33}% 107
\BOOKMARK [2][-]{subsection.33.2}{\376\377\000C\000h\000e\000c\000k\000\040\000e\000l\000e\000m\000e\000n\000t\000\040\000s\000i\000z\000e\000\040\000n\000e\000a\000r\000\040\000t\000h\000e\000\040\000s\000o\000u\000r\000c\000e}{section.33}% 108
\BOOKMARK [2][-]{subsection.33.3}{\376\377\000C\000h\000e\000c\000k\000\040\000m\000e\000s\000h\000\040\000s\000t\000a\000t\000i\000s\000t\000i\000c\000s}{section.33}% 109
\BOOKMARK [1][-]{section.34}{\376\377\000H\000o\000w\000\040\000t\000o\000\040\000d\000u\000p\000l\000i\000c\000a\000t\000e\000\040\000s\000t\000u\000d\000i\000e\000s\000\040\000f\000o\000r\000\040\000v\000e\000r\000i\000f\000i\000c\000a\000t\000i\000o\000n\000\040\000c\000a\000s\000e\000s}{}% 110
\BOOKMARK [1][-]{section.35}{\376\377\000P\000a\000r\000a\000m\000e\000t\000r\000i\000c\000\040\000s\000w\000e\000e\000p\000\040\000f\000o\000r\000\040\000m\000e\000s\000h\000\040\000r\000e\000f\000i\000n\000e\000m\000e\000n\000t}{}% 111
\BOOKMARK [2][-]{subsection.35.1}{\376\377\000A\000d\000d\000\040\000t\000h\000e\000\040\000s\000w\000e\000e\000p}{section.35}% 112
\BOOKMARK [2][-]{subsection.35.2}{\376\377\000W\000h\000a\000t\000\040\000t\000o\000\040\000r\000e\000c\000o\000r\000d}{section.35}% 113
\BOOKMARK [1][-]{section.36}{\376\377\000P\000a\000r\000a\000m\000e\000t\000r\000i\000c\000\040\000s\000w\000e\000e\000p\000\040\000f\000o\000r\000\040\000b\000a\000l\000l\000i\000s\000t\000i\000c\000\040\000s\000o\000u\000r\000c\000e\000\040\000w\000i\000d\000t\000h}{}% 114
\BOOKMARK [1][-]{section.37}{\376\377\000S\000o\000u\000r\000c\000e\000\040\000n\000o\000r\000m\000a\000l\000i\000z\000a\000t\000i\000o\000n\000\040\000i\000s\000s\000u\000e}{}% 115
\BOOKMARK [1][-]{section.38}{\376\377\000I\000n\000t\000e\000r\000p\000r\000e\000t\000i\000n\000g\000\040\0002\000D\000\040\000u\000n\000i\000t\000s\000\040\000c\000a\000r\000e\000f\000u\000l\000l\000y}{}% 116
\BOOKMARK [1][-]{section.39}{\376\377\000A\000d\000d\000i\000n\000g\000\040\000t\000e\000m\000p\000e\000r\000a\000t\000u\000r\000e\000-\000d\000e\000p\000e\000n\000d\000e\000n\000t\000\040\000t\000h\000e\000r\000m\000a\000l\000\040\000c\000o\000n\000d\000u\000c\000t\000i\000v\000i\000t\000y}{}% 117
\BOOKMARK [1][-]{section.40}{\376\377\000A\000d\000d\000i\000n\000g\000\040\000a\000\040\000h\000e\000a\000t\000\040\000s\000i\000n\000k\000\040\000l\000a\000y\000e\000r\000,\000\040\000o\000p\000t\000i\000o\000n\000a\000l\000\040\000m\000o\000d\000e\000l\000\040\000v\000a\000r\000i\000a\000n\000t}{}% 118
\BOOKMARK [1][-]{section.41}{\376\377\000C\000r\000e\000a\000t\000i\000n\000g\000\040\000p\000r\000o\000b\000e\000s\000\040\000f\000o\000r\000\040\000t\000i\000m\000e\000\040\000t\000r\000a\000c\000e\000s}{}% 119
\BOOKMARK [2][-]{subsection.41.1}{\376\377\000P\000o\000i\000n\000t\000\040\000p\000r\000o\000b\000e\000\040\000a\000t\000\040\000h\000o\000t\000s\000p\000o\000t\000\040\000c\000e\000n\000t\000e\000r}{section.41}% 120
\BOOKMARK [2][-]{subsection.41.2}{\376\377\000D\000o\000m\000a\000i\000n\000\040\000p\000r\000o\000b\000e\000\040\000f\000o\000r\000\040\000t\000o\000t\000a\000l\000\040\000t\000h\000e\000r\000m\000a\000l\000\040\000e\000n\000e\000r\000g\000y}{section.41}% 121
\BOOKMARK [1][-]{section.42}{\376\377\000R\000e\000p\000o\000r\000t\000\040\000g\000e\000n\000e\000r\000a\000t\000i\000o\000n\000\040\000i\000n\000s\000i\000d\000e\000\040\000C\000O\000M\000S\000O\000L\000,\000\040\000o\000p\000t\000i\000o\000n\000a\000l}{}% 122
\BOOKMARK [1][-]{section.43}{\376\377\000H\000o\000w\000\040\000t\000o\000\040\000c\000o\000m\000p\000a\000r\000e\000\040\000w\000i\000t\000h\000\040\000M\000A\000T\000L\000A\000B\000\040\000M\000o\000d\000u\000l\000e\000\040\0004}{}% 123
\BOOKMARK [2][-]{subsection.43.1}{\376\377\000U\000s\000e\000\040\000t\000h\000e\000\040\000s\000a\000m\000e\000\040\000i\000n\000p\000u\000t\000s}{section.43}% 124
\BOOKMARK [2][-]{subsection.43.2}{\376\377\000C\000o\000m\000p\000a\000r\000e\000\040\000r\000o\000b\000u\000s\000t\000\040\000q\000u\000a\000n\000t\000i\000t\000i\000e\000s\000\040\000f\000i\000r\000s\000t}{section.43}% 125
\BOOKMARK [2][-]{subsection.43.3}{\376\377\000T\000h\000e\000n\000\040\000c\000o\000m\000p\000a\000r\000e\000\040\000f\000i\000e\000l\000d\000\040\000m\000a\000p\000s}{section.43}% 126
\BOOKMARK [1][-]{section.44}{\376\377\000B\000e\000g\000i\000n\000n\000e\000r\000\040\000n\000a\000v\000i\000g\000a\000t\000i\000o\000n\000\040\000s\000u\000m\000m\000a\000r\000y}{}% 127
\BOOKMARK [1][-]{section.45}{\376\377\000D\000e\000t\000a\000i\000l\000e\000d\000\040\000v\000e\000r\000i\000f\000i\000c\000a\000t\000i\000o\000n\000\040\000w\000o\000r\000k\000s\000h\000e\000e\000t\000s}{}% 128
\BOOKMARK [2][-]{subsection.45.1}{\376\377\000W\000o\000r\000k\000s\000h\000e\000e\000t\000\040\000A\000:\000\040\000b\000a\000s\000e\000l\000i\000n\000e\000\040\000r\000a\000d\000i\000a\000t\000i\000o\000n\000\040\000p\000u\000l\000s\000e\000\040\000c\000a\000s\000e}{section.45}% 129
\BOOKMARK [2][-]{subsection.45.2}{\376\377\000W\000o\000r\000k\000s\000h\000e\000e\000t\000\040\000B\000:\000\040\000l\000o\000c\000a\000l\000\040\000d\000e\000p\000o\000s\000i\000t\000i\000o\000n\000\040\000o\000n\000l\000y}{section.45}% 130
\BOOKMARK [2][-]{subsection.45.3}{\376\377\000W\000o\000r\000k\000s\000h\000e\000e\000t\000\040\000C\000:\000\040\000b\000a\000l\000l\000i\000s\000t\000i\000c\000\040\000b\000r\000o\000a\000d\000e\000n\000i\000n\000g\000\040\000s\000e\000n\000s\000i\000t\000i\000v\000i\000t\000y}{section.45}% 131
\BOOKMARK [2][-]{subsection.45.4}{\376\377\000W\000o\000r\000k\000s\000h\000e\000e\000t\000\040\000D\000:\000\040\000i\000n\000s\000u\000l\000a\000t\000e\000d\000\040\000e\000n\000e\000r\000g\000y\000\040\000a\000c\000c\000o\000u\000n\000t\000i\000n\000g}{section.45}% 132
\BOOKMARK [1][-]{section.46}{\376\377\000D\000e\000t\000a\000i\000l\000e\000d\000\040\000s\000o\000l\000v\000e\000r\000\040\000s\000e\000t\000t\000i\000n\000g\000s\000\040\000f\000o\000r\000\040\000d\000i\000f\000f\000i\000c\000u\000l\000t\000\040\000t\000r\000a\000n\000s\000i\000e\000n\000t\000\040\000r\000u\000n\000s}{}% 133
\BOOKMARK [2][-]{subsection.46.1}{\376\377\000O\000p\000e\000n\000\040\000t\000h\000e\000\040\000s\000o\000l\000v\000e\000r\000\040\000c\000o\000n\000f\000i\000g\000u\000r\000a\000t\000i\000o\000n}{section.46}% 134
\BOOKMARK [2][-]{subsection.46.2}{\376\377\000S\000u\000g\000g\000e\000s\000t\000e\000d\000\040\000t\000i\000m\000e\000\040\000s\000t\000e\000p\000p\000i\000n\000g}{section.46}% 135
\BOOKMARK [2][-]{subsection.46.3}{\376\377\000L\000i\000n\000e\000a\000r\000\040\000s\000o\000l\000v\000e\000r\000\040\000c\000h\000o\000i\000c\000e}{section.46}% 136
\BOOKMARK [1][-]{section.47}{\376\377\000D\000e\000t\000a\000i\000l\000e\000d\000\040\000i\000n\000s\000t\000r\000u\000c\000t\000i\000o\000n\000s\000\040\000f\000o\000r\000\040\000s\000a\000v\000i\000n\000g\000\040\000m\000o\000d\000e\000l\000\040\000v\000a\000r\000i\000a\000n\000t\000s}{}% 137
\BOOKMARK [2][-]{subsection.47.1}{\376\377\000U\000s\000e\000\040\000s\000e\000p\000a\000r\000a\000t\000e\000\040\000f\000i\000l\000e\000s\000\040\000f\000o\000r\000\040\000m\000a\000j\000o\000r\000\040\000v\000a\000r\000i\000a\000n\000t\000s}{section.47}% 138
\BOOKMARK [2][-]{subsection.47.2}{\376\377\000U\000s\000e\000\040\000d\000e\000s\000c\000r\000i\000p\000t\000i\000v\000e\000\040\000s\000t\000u\000d\000y\000\040\000n\000a\000m\000e\000s}{section.47}% 139
\BOOKMARK [1][-]{section.48}{\376\377\000D\000e\000t\000a\000i\000l\000e\000d\000\040\000i\000m\000p\000o\000r\000t\000e\000d\000-\000m\000a\000p\000\040\000w\000o\000r\000k\000f\000l\000o\000w}{}% 140
\BOOKMARK [2][-]{subsection.48.1}{\376\377\000C\000h\000e\000c\000k\000\040\000c\000o\000o\000r\000d\000i\000n\000a\000t\000e\000\040\000c\000o\000n\000v\000e\000n\000t\000i\000o\000n\000\040\000b\000e\000f\000o\000r\000e\000\040\000i\000m\000p\000o\000r\000t}{section.48}% 141
\BOOKMARK [2][-]{subsection.48.2}{\376\377\000C\000o\000n\000v\000e\000r\000t\000\040\000d\000e\000p\000o\000s\000i\000t\000e\000d\000\040\000e\000n\000e\000r\000g\000y\000\040\000t\000o\000\040\000h\000e\000a\000t\000\040\000s\000o\000u\000r\000c\000e}{section.48}% 142
\BOOKMARK [2][-]{subsection.48.3}{\376\377\000I\000n\000t\000e\000r\000p\000o\000l\000a\000t\000i\000o\000n\000\040\000s\000e\000t\000t\000i\000n\000g\000s\000\040\000t\000o\000\040\000c\000h\000e\000c\000k}{section.48}% 143
\BOOKMARK [1][-]{section.49}{\376\377\000D\000e\000t\000a\000i\000l\000e\000d\000\040\000p\000o\000s\000t\000p\000r\000o\000c\000e\000s\000s\000i\000n\000g\000\040\000r\000e\000c\000i\000p\000e\000s}{}% 144
\BOOKMARK [2][-]{subsection.49.1}{\376\377\000P\000l\000o\000t\000\040\000t\000e\000m\000p\000e\000r\000a\000t\000u\000r\000e\000\040\000a\000t\000\040\000s\000e\000l\000e\000c\000t\000e\000d\000\040\000t\000i\000m\000e\000s}{section.49}% 145
\BOOKMARK [2][-]{subsection.49.2}{\376\377\000C\000r\000e\000a\000t\000e\000\040\000a\000n\000\040\000a\000n\000i\000m\000a\000t\000i\000o\000n}{section.49}% 146
\BOOKMARK [2][-]{subsection.49.3}{\376\377\000E\000x\000p\000o\000r\000t\000\040\000p\000l\000o\000t\000\040\000i\000m\000a\000g\000e\000s}{section.49}% 147
\BOOKMARK [1][-]{section.50}{\376\377\000P\000h\000y\000s\000i\000c\000a\000l\000\040\000i\000n\000t\000e\000r\000p\000r\000e\000t\000a\000t\000i\000o\000n\000\040\000o\000f\000\040\000c\000o\000m\000m\000o\000n\000\040\000o\000u\000t\000c\000o\000m\000e\000s}{}% 148
\BOOKMARK [2][-]{subsection.50.1}{\376\377\000H\000i\000g\000h\000\040\000n\000a\000r\000r\000o\000w\000\040\000p\000e\000a\000k}{section.50}% 149
\BOOKMARK [2][-]{subsection.50.2}{\376\377\000B\000r\000o\000a\000d\000\040\000l\000o\000w\000-\000a\000m\000p\000l\000i\000t\000u\000d\000e\000\040\000h\000o\000t\000s\000p\000o\000t}{section.50}% 150
\BOOKMARK [2][-]{subsection.50.3}{\376\377\000B\000o\000u\000n\000d\000a\000r\000y\000-\000d\000o\000m\000i\000n\000a\000t\000e\000d\000\040\000c\000o\000o\000l\000i\000n\000g}{section.50}% 151
\BOOKMARK [2][-]{subsection.50.4}{\376\377\000N\000e\000a\000r\000l\000y\000\040\000u\000n\000i\000f\000o\000r\000m\000\040\000t\000e\000m\000p\000e\000r\000a\000t\000u\000r\000e\000\040\000r\000i\000s\000e}{section.50}% 152
\BOOKMARK [1][-]{section.51}{\376\377\000W\000h\000a\000t\000\040\000n\000o\000t\000\040\000t\000o\000\040\000i\000n\000c\000l\000u\000d\000e\000\040\000i\000n\000\040\000t\000h\000e\000\040\000f\000i\000r\000s\000t\000\040\000C\000O\000M\000S\000O\000L\000\040\000m\000o\000d\000e\000l}{}% 153
\BOOKMARK [1][-]{section.52}{\376\377\000S\000t\000a\000n\000d\000a\000l\000o\000n\000e\000\040\000r\000e\000p\000r\000o\000d\000u\000c\000t\000i\000o\000n\000\040\000c\000h\000e\000c\000k\000l\000i\000s\000t}{}% 154
\BOOKMARK [1][-]{section.53}{\376\377\000S\000u\000m\000m\000a\000r\000y}{}% 155
