\BOOKMARK [1][-]{Doc-Start}{\376\377\000S\000y\000m\000b\000o\000l\000s\000\040\000a\000n\000d\000\040\000a\000c\000r\000o\000n\000y\000m\000s\000\040\000u\000s\000e\000d\000\040\000i\000n\000\040\000t\000h\000i\000s\000\040\000d\000o\000c\000u\000m\000e\000n\000t}{}% 1
\BOOKMARK [1][-]{section.1}{\376\377\000W\000h\000a\000t\000\040\000t\000h\000e\000\040\000C\000O\000M\000S\000O\000L\000\040\000m\000o\000d\000e\000l\000\040\000s\000h\000o\000u\000l\000d\000\040\000r\000e\000p\000r\000o\000d\000u\000c\000e}{}% 2
\BOOKMARK [1][-]{section.2}{\376\377\000W\000h\000y\000\040\000t\000h\000e\000\040\000E\000l\000e\000c\000t\000r\000o\000s\000t\000a\000t\000i\000c\000s\000\040\000i\000n\000t\000e\000r\000f\000a\000c\000e\000\040\000i\000s\000\040\000t\000h\000e\000\040\000r\000i\000g\000h\000t\000\040\000s\000t\000a\000r\000t\000i\000n\000g\000\040\000p\000o\000i\000n\000t}{}% 3
\BOOKMARK [2][-]{subsection.2.1}{\376\377\000B\000u\000i\000l\000t\000-\000i\000n\000\040\000E\000l\000e\000c\000t\000r\000o\000s\000t\000a\000t\000i\000c\000s\000\040\000v\000e\000r\000s\000u\000s\000\040\000W\000e\000a\000k\000\040\000F\000o\000r\000m\000\040\000P\000D\000E}{section.2}% 4
\BOOKMARK [1][-]{section.3}{\376\377\000F\000E\000M\000\040\000f\000o\000r\000m\000\040\000b\000e\000i\000n\000g\000\040\000i\000m\000p\000l\000e\000m\000e\000n\000t\000e\000d\000\040\000b\000e\000h\000i\000n\000d\000\040\000t\000h\000e\000\040\000C\000O\000M\000S\000O\000L\000\040\000m\000o\000d\000e\000l}{}% 5
\BOOKMARK [1][-]{section.4}{\376\377\000R\000e\000c\000o\000m\000m\000e\000n\000d\000e\000d\000\040\000C\000O\000M\000S\000O\000L\000\040\000m\000o\000d\000e\000l\000:\000\040\000h\000i\000g\000h\000-\000l\000e\000v\000e\000l\000\040\000w\000o\000r\000k\000f\000l\000o\000w}{}% 6
\BOOKMARK [1][-]{section.5}{\376\377\000S\000t\000e\000p\000\040\0001\000:\000\040\000s\000t\000a\000r\000t\000\040\000a\000\040\000n\000e\000w\000\040\0002\000D\000\040\000e\000l\000e\000c\000t\000r\000o\000s\000t\000a\000t\000i\000c\000s\000\040\000m\000o\000d\000e\000l}{}% 7
\BOOKMARK [2][-]{subsection.5.1}{\376\377\000M\000o\000d\000e\000l\000\040\000W\000i\000z\000a\000r\000d\000\040\000c\000l\000i\000c\000k\000s}{section.5}% 8
\BOOKMARK [2][-]{subsection.5.2}{\376\377\000P\000h\000y\000s\000i\000c\000s\000\040\000m\000e\000a\000n\000i\000n\000g\000\040\000o\000f\000\040\000t\000h\000i\000s\000\040\000c\000h\000o\000i\000c\000e}{section.5}% 9
\BOOKMARK [1][-]{section.6}{\376\377\000S\000t\000e\000p\000\040\0002\000:\000\040\000d\000e\000f\000i\000n\000e\000\040\000g\000l\000o\000b\000a\000l\000\040\000p\000a\000r\000a\000m\000e\000t\000e\000r\000s}{}% 10
\BOOKMARK [2][-]{subsection.6.1}{\376\377\000O\000p\000e\000n\000\040\000t\000h\000e\000\040\000P\000a\000r\000a\000m\000e\000t\000e\000r\000s\000\040\000t\000a\000b\000l\000e}{section.6}% 11
\BOOKMARK [2][-]{subsection.6.2}{\376\377\000P\000a\000r\000a\000m\000e\000t\000e\000r\000s\000\040\000t\000o\000\040\000t\000y\000p\000e}{section.6}% 12
\BOOKMARK [1][-]{section.7}{\376\377\000S\000t\000e\000p\000\040\0003\000:\000\040\000b\000u\000i\000l\000d\000\040\000t\000h\000e\000\040\0002\000D\000\040\000s\000i\000l\000i\000c\000o\000n\000\040\000r\000e\000c\000t\000a\000n\000g\000l\000e}{}% 13
\BOOKMARK [2][-]{subsection.7.1}{\376\377\000G\000e\000o\000m\000e\000t\000r\000y\000\040\000c\000l\000i\000c\000k\000s}{section.7}% 14
\BOOKMARK [2][-]{subsection.7.2}{\376\377\000P\000h\000y\000s\000i\000c\000s\000\040\000m\000e\000a\000n\000i\000n\000g}{section.7}% 15
\BOOKMARK [1][-]{section.8}{\376\377\000S\000t\000e\000p\000\040\0004\000:\000\040\000a\000s\000s\000i\000g\000n\000\040\000s\000i\000l\000i\000c\000o\000n\000\040\000p\000e\000r\000m\000i\000t\000t\000i\000v\000i\000t\000y}{}% 16
\BOOKMARK [2][-]{subsection.8.1}{\376\377\000U\000s\000i\000n\000g\000\040\000a\000\040\000b\000l\000a\000n\000k\000\040\000m\000a\000t\000e\000r\000i\000a\000l}{section.8}% 17
\BOOKMARK [2][-]{subsection.8.2}{\376\377\000P\000h\000y\000s\000i\000c\000s\000\040\000m\000e\000a\000n\000i\000n\000g}{section.8}% 18
\BOOKMARK [1][-]{section.9}{\376\377\000S\000t\000e\000p\000\040\0005\000:\000\040\000d\000e\000f\000i\000n\000e\000\040\000c\000a\000r\000r\000i\000e\000r\000,\000\040\000d\000o\000p\000a\000n\000t\000,\000\040\000a\000n\000d\000\040\000d\000e\000f\000e\000c\000t\000\040\000c\000h\000a\000r\000g\000e\000\040\000v\000a\000r\000i\000a\000b\000l\000e\000s}{}% 19
\BOOKMARK [2][-]{subsection.9.1}{\376\377\000O\000p\000e\000n\000\040\000a\000\040\000V\000a\000r\000i\000a\000b\000l\000e\000s\000\040\000n\000o\000d\000e}{section.9}% 20
\BOOKMARK [2][-]{subsection.9.2}{\376\377\000V\000a\000r\000i\000a\000b\000l\000e\000s\000\040\000t\000o\000\040\000t\000y\000p\000e}{section.9}% 21
\BOOKMARK [2][-]{subsection.9.3}{\376\377\000P\000h\000y\000s\000i\000c\000s\000\040\000m\000e\000a\000n\000i\000n\000g}{section.9}% 22
\BOOKMARK [1][-]{section.10}{\376\377\000S\000t\000e\000p\000\040\0006\000:\000\040\000i\000n\000s\000e\000r\000t\000\040\000t\000h\000e\000\040\000s\000p\000a\000c\000e\000-\000c\000h\000a\000r\000g\000e\000\040\000d\000e\000n\000s\000i\000t\000y\000\040\000i\000n\000t\000o\000\040\000E\000l\000e\000c\000t\000r\000o\000s\000t\000a\000t\000i\000c\000s}{}% 23
\BOOKMARK [2][-]{subsection.10.1}{\376\377\000C\000h\000a\000r\000g\000e\000\040\000C\000o\000n\000s\000e\000r\000v\000a\000t\000i\000o\000n\000\040\000s\000e\000t\000t\000i\000n\000g\000s}{section.10}% 24
\BOOKMARK [2][-]{subsection.10.2}{\376\377\000A\000d\000d\000\040\000a\000\040\000S\000p\000a\000c\000e\000\040\000C\000h\000a\000r\000g\000e\000\040\000D\000e\000n\000s\000i\000t\000y\000\040\000d\000o\000m\000a\000i\000n\000\040\000f\000e\000a\000t\000u\000r\000e}{section.10}% 25
\BOOKMARK [2][-]{subsection.10.3}{\376\377\000S\000i\000g\000n\000\040\000c\000h\000e\000c\000k}{section.10}% 26
\BOOKMARK [1][-]{section.11}{\376\377\000S\000t\000e\000p\000\040\0007\000:\000\040\000i\000m\000p\000o\000s\000e\000\040\000c\000o\000n\000t\000a\000c\000t\000\040\000p\000o\000t\000e\000n\000t\000i\000a\000l\000s\000\040\000a\000n\000d\000\040\000i\000n\000s\000u\000l\000a\000t\000i\000n\000g\000\040\000b\000o\000u\000n\000d\000a\000r\000i\000e\000s}{}% 27
\BOOKMARK [2][-]{subsection.11.1}{\376\377\000I\000d\000e\000n\000t\000i\000f\000y\000\040\000b\000o\000u\000n\000d\000a\000r\000i\000e\000s}{section.11}% 28
\BOOKMARK [2][-]{subsection.11.2}{\376\377\000L\000e\000f\000t\000\040\000c\000o\000n\000t\000a\000c\000t\000:\000\040\000E\000l\000e\000c\000t\000r\000i\000c\000\040\000P\000o\000t\000e\000n\000t\000i\000a\000l}{section.11}% 29
\BOOKMARK [2][-]{subsection.11.3}{\376\377\000R\000i\000g\000h\000t\000\040\000c\000o\000n\000t\000a\000c\000t\000:\000\040\000E\000l\000e\000c\000t\000r\000i\000c\000\040\000P\000o\000t\000e\000n\000t\000i\000a\000l}{section.11}% 30
\BOOKMARK [2][-]{subsection.11.4}{\376\377\000T\000o\000p\000\040\000a\000n\000d\000\040\000b\000o\000t\000t\000o\000m\000\040\000b\000o\000u\000n\000d\000a\000r\000i\000e\000s\000:\000\040\000Z\000e\000r\000o\000\040\000C\000h\000a\000r\000g\000e\000\040\000o\000r\000\040\000s\000y\000m\000m\000e\000t\000r\000y}{section.11}% 31
\BOOKMARK [2][-]{subsection.11.5}{\376\377\000P\000h\000y\000s\000i\000c\000s\000\040\000m\000e\000a\000n\000i\000n\000g}{section.11}% 32
\BOOKMARK [1][-]{section.12}{\376\377\000S\000t\000e\000p\000\040\0008\000:\000\040\000c\000h\000o\000o\000s\000e\000\040\000F\000E\000M\000\040\000d\000i\000s\000c\000r\000e\000t\000i\000z\000a\000t\000i\000o\000n\000\040\000o\000r\000d\000e\000r}{}% 33
\BOOKMARK [2][-]{subsection.12.1}{\376\377\000E\000n\000a\000b\000l\000e\000\040\000a\000d\000v\000a\000n\000c\000e\000d\000\040\000s\000e\000t\000t\000i\000n\000g\000s\000\040\000i\000f\000\040\000n\000e\000e\000d\000e\000d}{section.12}% 34
\BOOKMARK [2][-]{subsection.12.2}{\376\377\000S\000e\000t\000\040\000p\000o\000t\000e\000n\000t\000i\000a\000l\000\040\000d\000i\000s\000c\000r\000e\000t\000i\000z\000a\000t\000i\000o\000n}{section.12}% 35
\BOOKMARK [2][-]{subsection.12.3}{\376\377\000P\000h\000y\000s\000i\000c\000s\000\040\000m\000e\000a\000n\000i\000n\000g}{section.12}% 36
\BOOKMARK [1][-]{section.13}{\376\377\000S\000t\000e\000p\000\040\0009\000:\000\040\000b\000u\000i\000l\000d\000\040\000a\000\040\000t\000r\000i\000a\000n\000g\000u\000l\000a\000r\000\040\000m\000e\000s\000h}{}% 37
\BOOKMARK [2][-]{subsection.13.1}{\376\377\000B\000a\000s\000i\000c\000\040\000m\000e\000s\000h\000\040\000c\000l\000i\000c\000k\000s}{section.13}% 38
\BOOKMARK [2][-]{subsection.13.2}{\376\377\000M\000e\000s\000h\000\040\000r\000e\000f\000i\000n\000e\000m\000e\000n\000t\000\040\000n\000e\000a\000r\000\040\000a\000\040\000l\000o\000c\000a\000l\000i\000z\000e\000d\000\040\000d\000e\000f\000e\000c\000t}{section.13}% 39
\BOOKMARK [2][-]{subsection.13.3}{\376\377\000P\000h\000y\000s\000i\000c\000s\000\040\000m\000e\000a\000n\000i\000n\000g}{section.13}% 40
\BOOKMARK [1][-]{section.14}{\376\377\000S\000t\000e\000p\000\040\0001\0000\000:\000\040\000s\000o\000l\000v\000e\000\040\000t\000h\000e\000\040\000s\000t\000a\000t\000i\000o\000n\000a\000r\000y\000\040\000m\000o\000d\000e\000l}{}% 41
\BOOKMARK [2][-]{subsection.14.1}{\376\377\000S\000t\000u\000d\000y\000\040\000c\000l\000i\000c\000k\000s}{section.14}% 42
\BOOKMARK [2][-]{subsection.14.2}{\376\377\000W\000h\000a\000t\000\040\000t\000h\000e\000\040\000s\000o\000l\000v\000e\000r\000\040\000i\000s\000\040\000d\000o\000i\000n\000g}{section.14}% 43
\BOOKMARK [1][-]{section.15}{\376\377\000S\000t\000e\000p\000\040\0001\0001\000:\000\040\000p\000l\000o\000t\000\040\000p\000o\000t\000e\000n\000t\000i\000a\000l\000\040\000a\000n\000d\000\040\000e\000l\000e\000c\000t\000r\000i\000c\000\040\000f\000i\000e\000l\000d}{}% 44
\BOOKMARK [2][-]{subsection.15.1}{\376\377\000P\000o\000t\000e\000n\000t\000i\000a\000l\000\040\000s\000u\000r\000f\000a\000c\000e\000\040\000p\000l\000o\000t}{section.15}% 45
\BOOKMARK [2][-]{subsection.15.2}{\376\377\000E\000l\000e\000c\000t\000r\000i\000c\000-\000f\000i\000e\000l\000d\000\040\000m\000a\000g\000n\000i\000t\000u\000d\000e\000\040\000p\000l\000o\000t}{section.15}% 46
\BOOKMARK [2][-]{subsection.15.3}{\376\377\000E\000l\000e\000c\000t\000r\000i\000c\000-\000f\000i\000e\000l\000d\000\040\000a\000r\000r\000o\000w\000s}{section.15}% 47
\BOOKMARK [2][-]{subsection.15.4}{\376\377\000P\000h\000y\000s\000i\000c\000s\000\040\000m\000e\000a\000n\000i\000n\000g}{section.15}% 48
\BOOKMARK [1][-]{section.16}{\376\377\000S\000t\000e\000p\000\040\0001\0002\000:\000\040\000p\000e\000r\000f\000o\000r\000m\000\040\000t\000h\000e\000\040\000b\000a\000s\000i\000c\000\040\000v\000e\000r\000i\000f\000i\000c\000a\000t\000i\000o\000n\000\040\000c\000a\000s\000e\000s}{}% 49
\BOOKMARK [2][-]{subsection.16.1}{\376\377\000V\000e\000r\000i\000f\000i\000c\000a\000t\000i\000o\000n\000\040\000c\000a\000s\000e\000\040\0001\000:\000\040\000z\000e\000r\000o\000\040\000c\000h\000a\000r\000g\000e\000,\000\040\000e\000q\000u\000a\000l\000\040\000c\000o\000n\000t\000a\000c\000t\000s}{section.16}% 50
\BOOKMARK [2][-]{subsection.16.2}{\376\377\000V\000e\000r\000i\000f\000i\000c\000a\000t\000i\000o\000n\000\040\000c\000a\000s\000e\000\040\0002\000:\000\040\000z\000e\000r\000o\000\040\000c\000h\000a\000r\000g\000e\000,\000\040\000d\000i\000f\000f\000e\000r\000e\000n\000t\000\040\000c\000o\000n\000t\000a\000c\000t\000s}{section.16}% 51
\BOOKMARK [2][-]{subsection.16.3}{\376\377\000V\000e\000r\000i\000f\000i\000c\000a\000t\000i\000o\000n\000\040\000c\000a\000s\000e\000\040\0003\000:\000\040\000u\000n\000i\000f\000o\000r\000m\000\040\000s\000p\000a\000c\000e\000\040\000c\000h\000a\000r\000g\000e}{section.16}% 52
\BOOKMARK [2][-]{subsection.16.4}{\376\377\000V\000e\000r\000i\000f\000i\000c\000a\000t\000i\000o\000n\000\040\000c\000a\000s\000e\000\040\0004\000:\000\040\000l\000o\000c\000a\000l\000i\000z\000e\000d\000\040\000d\000e\000f\000e\000c\000t\000\040\000p\000e\000r\000t\000u\000r\000b\000a\000t\000i\000o\000n}{section.16}% 53
\BOOKMARK [1][-]{section.17}{\376\377\000S\000t\000e\000p\000\040\0001\0003\000:\000\040\000m\000e\000s\000h\000-\000c\000o\000n\000v\000e\000r\000g\000e\000n\000c\000e\000\040\000s\000t\000u\000d\000y}{}% 54
\BOOKMARK [2][-]{subsection.17.1}{\376\377\000M\000a\000n\000u\000a\000l\000\040\000m\000e\000s\000h\000\040\000r\000e\000f\000i\000n\000e\000m\000e\000n\000t}{section.17}% 55
\BOOKMARK [2][-]{subsection.17.2}{\376\377\000D\000e\000r\000i\000v\000e\000d\000\040\000v\000a\000l\000u\000e\000s\000\040\000f\000o\000r\000\040\000m\000a\000x\000i\000m\000u\000m\000\040\000a\000n\000d\000\040\000m\000i\000n\000i\000m\000u\000m}{section.17}% 56
\BOOKMARK [2][-]{subsection.17.3}{\376\377\000P\000h\000y\000s\000i\000c\000s\000\040\000m\000e\000a\000n\000i\000n\000g}{section.17}% 57
\BOOKMARK [1][-]{section.18}{\376\377\000S\000t\000e\000p\000\040\0001\0004\000:\000\040\000i\000n\000t\000e\000g\000r\000a\000t\000e\000\040\000t\000o\000t\000a\000l\000\040\000d\000e\000f\000e\000c\000t\000\040\000c\000h\000a\000r\000g\000e}{}% 58
\BOOKMARK [2][-]{subsection.18.1}{\376\377\000W\000h\000y\000\040\000i\000n\000t\000e\000g\000r\000a\000t\000e\000d\000\040\000c\000h\000a\000r\000g\000e\000\040\000m\000a\000t\000t\000e\000r\000s}{section.18}% 59
\BOOKMARK [2][-]{subsection.18.2}{\376\377\000C\000O\000M\000S\000O\000L\000\040\000i\000n\000t\000e\000g\000r\000a\000t\000i\000o\000n\000\040\000s\000t\000e\000p\000s}{section.18}% 60
\BOOKMARK [1][-]{section.19}{\376\377\000S\000t\000e\000p\000\040\0001\0005\000:\000\040\000l\000i\000n\000e\000\040\000p\000l\000o\000t\000s\000\040\000f\000o\000r\000\040\000c\000o\000m\000p\000a\000r\000i\000s\000o\000n\000\040\000w\000i\000t\000h\000\040\000M\000A\000T\000L\000A\000B}{}% 61
\BOOKMARK [2][-]{subsection.19.1}{\376\377\000C\000r\000e\000a\000t\000e\000\040\000a\000\040\000c\000u\000t\000\040\000l\000i\000n\000e}{section.19}% 62
\BOOKMARK [2][-]{subsection.19.2}{\376\377\000P\000l\000o\000t\000\040\000p\000o\000t\000e\000n\000t\000i\000a\000l\000\040\000o\000n\000\040\000t\000h\000e\000\040\000c\000u\000t\000\040\000l\000i\000n\000e}{section.19}% 63
\BOOKMARK [2][-]{subsection.19.3}{\376\377\000P\000l\000o\000t\000\040\000e\000l\000e\000c\000t\000r\000i\000c\000-\000f\000i\000e\000l\000d\000\040\000c\000o\000m\000p\000o\000n\000e\000n\000t\000\040\000o\000n\000\040\000t\000h\000e\000\040\000c\000u\000t\000\040\000l\000i\000n\000e}{section.19}% 64
\BOOKMARK [1][-]{section.20}{\376\377\000S\000t\000e\000p\000\040\0001\0006\000:\000\040\000e\000x\000p\000o\000r\000t\000\040\000d\000a\000t\000a\000\040\000f\000o\000r\000\040\000M\000A\000T\000L\000A\000B\000\040\000c\000o\000m\000p\000a\000r\000i\000s\000o\000n}{}% 65
\BOOKMARK [2][-]{subsection.20.1}{\376\377\000E\000x\000p\000o\000r\000t\000\040\000p\000o\000t\000e\000n\000t\000i\000a\000l\000\040\000a\000n\000d\000\040\000f\000i\000e\000l\000d\000\040\000o\000n\000\040\000t\000h\000e\000\040\000m\000e\000s\000h\000\040\000o\000r\000\040\000g\000r\000i\000d}{section.20}% 66
\BOOKMARK [2][-]{subsection.20.2}{\376\377\000W\000h\000a\000t\000\040\000t\000o\000\040\000c\000o\000m\000p\000a\000r\000e\000\040\000i\000n\000\040\000M\000A\000T\000L\000A\000B}{section.20}% 67
\BOOKMARK [1][-]{section.21}{\376\377\000S\000t\000e\000p\000\040\0001\0007\000:\000\040\000o\000p\000t\000i\000o\000n\000a\000l\000\040\000p\000a\000r\000a\000m\000e\000t\000r\000i\000c\000\040\000s\000w\000e\000e\000p\000\040\000o\000v\000e\000r\000\040\000d\000e\000f\000e\000c\000t\000\040\000c\000h\000a\000r\000g\000e\000\040\000f\000a\000c\000t\000o\000r}{}% 68
\BOOKMARK [2][-]{subsection.21.1}{\376\377\000C\000r\000e\000a\000t\000e\000\040\000a\000\040\000p\000a\000r\000a\000m\000e\000t\000r\000i\000c\000\040\000s\000w\000e\000e\000p}{section.21}% 69
\BOOKMARK [2][-]{subsection.21.2}{\376\377\000P\000h\000y\000s\000i\000c\000s\000\040\000m\000e\000a\000n\000i\000n\000g}{section.21}% 70
\BOOKMARK [1][-]{section.22}{\376\377\000S\000t\000e\000p\000\040\0001\0008\000:\000\040\000o\000p\000t\000i\000o\000n\000a\000l\000\040\000p\000a\000r\000a\000m\000e\000t\000r\000i\000c\000\040\000s\000w\000e\000e\000p\000\040\000o\000v\000e\000r\000\040\000d\000e\000f\000e\000c\000t\000\040\000d\000o\000s\000e\000\040\000a\000m\000p\000l\000i\000t\000u\000d\000e}{}% 71
\BOOKMARK [2][-]{subsection.22.1}{\376\377\000S\000w\000e\000e\000p\000\040\000d\000e\000f\000e\000c\000t\000\040\000c\000o\000n\000c\000e\000n\000t\000r\000a\000t\000i\000o\000n\000\040\000a\000m\000p\000l\000i\000t\000u\000d\000e}{section.22}% 72
\BOOKMARK [2][-]{subsection.22.2}{\376\377\000E\000x\000p\000e\000c\000t\000e\000d\000\040\000t\000r\000e\000n\000d}{section.22}% 73
\BOOKMARK [1][-]{section.23}{\376\377\000S\000t\000e\000p\000\040\0001\0009\000:\000\040\000u\000s\000i\000n\000g\000\040\000i\000m\000p\000o\000r\000t\000e\000d\000\040\000d\000e\000f\000e\000c\000t\000\040\000f\000i\000e\000l\000d\000s\000\040\000f\000r\000o\000m\000\040\000M\000A\000T\000L\000A\000B}{}% 74
\BOOKMARK [2][-]{subsection.23.1}{\376\377\000W\000h\000y\000\040\000i\000m\000p\000o\000r\000t\000\040\000f\000i\000e\000l\000d\000s}{section.23}% 75
\BOOKMARK [2][-]{subsection.23.2}{\376\377\000P\000r\000e\000p\000a\000r\000e\000\040\000a\000\040\000M\000A\000T\000L\000A\000B\000\040\000e\000x\000p\000o\000r\000t\000\040\000f\000i\000l\000e}{section.23}% 76
\BOOKMARK [2][-]{subsection.23.3}{\376\377\000I\000m\000p\000o\000r\000t\000\040\000i\000n\000t\000e\000r\000p\000o\000l\000a\000t\000i\000o\000n\000\040\000f\000u\000n\000c\000t\000i\000o\000n\000s\000\040\000i\000n\000\040\000C\000O\000M\000S\000O\000L}{section.23}% 77
\BOOKMARK [2][-]{subsection.23.4}{\376\377\000P\000h\000y\000s\000i\000c\000s\000\040\000m\000e\000a\000n\000i\000n\000g}{section.23}% 78
\BOOKMARK [1][-]{section.24}{\376\377\000S\000t\000e\000p\000\040\0002\0000\000:\000\040\000s\000t\000a\000t\000i\000o\000n\000a\000r\000y\000\040\000s\000n\000a\000p\000s\000h\000o\000t\000\040\000v\000e\000r\000s\000u\000s\000\040\000t\000r\000a\000n\000s\000i\000e\000n\000t\000\040\000c\000o\000u\000p\000l\000e\000d\000\040\000s\000o\000l\000v\000e}{}% 79
\BOOKMARK [1][-]{section.25}{\376\377\000W\000e\000a\000k\000\040\000F\000o\000r\000m\000\040\000P\000D\000E\000\040\000f\000a\000l\000l\000b\000a\000c\000k\000\040\000i\000m\000p\000l\000e\000m\000e\000n\000t\000a\000t\000i\000o\000n}{}% 80
\BOOKMARK [2][-]{subsection.25.1}{\376\377\000M\000o\000d\000e\000l\000\040\000W\000i\000z\000a\000r\000d}{section.25}% 81
\BOOKMARK [2][-]{subsection.25.2}{\376\377\000W\000e\000a\000k\000\040\000e\000x\000p\000r\000e\000s\000s\000i\000o\000n}{section.25}% 82
\BOOKMARK [2][-]{subsection.25.3}{\376\377\000B\000o\000u\000n\000d\000a\000r\000y\000\040\000c\000o\000n\000d\000i\000t\000i\000o\000n\000s\000\040\000i\000n\000\040\000W\000e\000a\000k\000\040\000F\000o\000r\000m\000\040\000P\000D\000E}{section.25}% 83
\BOOKMARK [2][-]{subsection.25.4}{\376\377\000W\000h\000e\000n\000\040\000t\000o\000\040\000u\000s\000e\000\040\000t\000h\000i\000s\000\040\000r\000o\000u\000t\000e}{section.25}% 84
\BOOKMARK [1][-]{section.26}{\376\377\000C\000o\000m\000m\000o\000n\000\040\000m\000i\000s\000t\000a\000k\000e\000s\000\040\000a\000n\000d\000\040\000d\000i\000a\000g\000n\000o\000s\000t\000i\000c\000\040\000c\000h\000e\000c\000k\000s}{}% 85
\BOOKMARK [2][-]{subsection.26.1}{\376\377\000M\000i\000s\000t\000a\000k\000e\000\040\0001\000:\000\040\000u\000s\000i\000n\000g\000\040\000e\000l\000e\000c\000t\000r\000o\000n\000\040\000c\000h\000a\000r\000g\000e\000\040\000w\000i\000t\000h\000\040\000t\000h\000e\000\040\000w\000r\000o\000n\000g\000\040\000s\000i\000g\000n}{section.26}% 86
\BOOKMARK [2][-]{subsection.26.2}{\376\377\000M\000i\000s\000t\000a\000k\000e\000\040\0002\000:\000\040\000c\000o\000n\000f\000u\000s\000i\000n\000g\000\040\000a\000\040\000v\000a\000c\000a\000n\000c\000y\000\040\000w\000i\000t\000h\000\040\000a\000\040\000h\000o\000l\000e}{section.26}% 87
\BOOKMARK [2][-]{subsection.26.3}{\376\377\000M\000i\000s\000t\000a\000k\000e\000\040\0003\000:\000\040\000u\000n\000d\000e\000r\000-\000r\000e\000s\000o\000l\000v\000i\000n\000g\000\040\000l\000o\000c\000a\000l\000i\000z\000e\000d\000\040\000c\000h\000a\000r\000g\000e}{section.26}% 88
\BOOKMARK [2][-]{subsection.26.4}{\376\377\000M\000i\000s\000t\000a\000k\000e\000\040\0004\000:\000\040\000c\000o\000m\000p\000a\000r\000i\000n\000g\000\040\000q\000u\000a\000d\000r\000a\000t\000i\000c\000\040\000C\000O\000M\000S\000O\000L\000\040\000e\000l\000e\000m\000e\000n\000t\000s\000\040\000t\000o\000\040\000l\000i\000n\000e\000a\000r\000\040\000M\000A\000T\000L\000A\000B\000\040\000e\000l\000e\000m\000e\000n\000t\000s}{section.26}% 89
\BOOKMARK [2][-]{subsection.26.5}{\376\377\000M\000i\000s\000t\000a\000k\000e\000\040\0005\000:\000\040\000i\000m\000p\000o\000s\000i\000n\000g\000\040\000i\000n\000c\000o\000n\000s\000i\000s\000t\000e\000n\000t\000\040\000b\000o\000u\000n\000d\000a\000r\000y\000\040\000c\000o\000n\000d\000i\000t\000i\000o\000n\000s}{section.26}% 90
\BOOKMARK [1][-]{section.27}{\376\377\000R\000e\000c\000o\000m\000m\000e\000n\000d\000e\000d\000\040\000f\000i\000l\000e\000\040\000o\000r\000g\000a\000n\000i\000z\000a\000t\000i\000o\000n\000\040\000f\000o\000r\000\040\000C\000O\000M\000S\000O\000L\000\040\000w\000o\000r\000k}{}% 91
\BOOKMARK [1][-]{section.28}{\376\377\000S\000u\000g\000g\000e\000s\000t\000e\000d\000\040\000C\000O\000M\000S\000O\000L\000\040\000m\000o\000d\000e\000l\000\040\000v\000a\000r\000i\000a\000n\000t\000s}{}% 92
\BOOKMARK [2][-]{subsection.28.1}{\376\377\000V\000a\000r\000i\000a\000n\000t\000\040\000A\000:\000\040\000p\000u\000r\000e\000\040\000L\000a\000p\000l\000a\000c\000e\000\040\000c\000o\000n\000t\000a\000c\000t\000\040\000t\000e\000s\000t}{section.28}% 93
\BOOKMARK [2][-]{subsection.28.2}{\376\377\000V\000a\000r\000i\000a\000n\000t\000\040\000B\000:\000\040\000u\000n\000i\000f\000o\000r\000m\000\040\000d\000o\000p\000a\000n\000t\000\040\000c\000h\000a\000r\000g\000e}{section.28}% 94
\BOOKMARK [2][-]{subsection.28.3}{\376\377\000V\000a\000r\000i\000a\000n\000t\000\040\000C\000:\000\040\000l\000o\000c\000a\000l\000i\000z\000e\000d\000\040\000c\000h\000a\000r\000g\000e\000d\000\040\000v\000a\000c\000a\000n\000c\000y\000\040\000p\000o\000p\000u\000l\000a\000t\000i\000o\000n}{section.28}% 95
\BOOKMARK [2][-]{subsection.28.4}{\376\377\000V\000a\000r\000i\000a\000n\000t\000\040\000D\000:\000\040\000i\000m\000p\000o\000r\000t\000e\000d\000\040\000M\000A\000T\000L\000A\000B\000\040\000d\000e\000f\000e\000c\000t\000\040\000m\000a\000p}{section.28}% 96
\BOOKMARK [1][-]{section.29}{\376\377\000C\000o\000n\000n\000e\000c\000t\000i\000o\000n\000\040\000b\000a\000c\000k\000\040\000t\000o\000\040\000t\000h\000e\000\040\000M\000A\000T\000L\000A\000B\000\040\000F\000E\000M\000\040\000i\000m\000p\000l\000e\000m\000e\000n\000t\000a\000t\000i\000o\000n}{}% 97
\BOOKMARK [1][-]{section.30}{\376\377\000C\000h\000e\000c\000k\000l\000i\000s\000t\000\040\000b\000e\000f\000o\000r\000e\000\040\000t\000r\000u\000s\000t\000i\000n\000g\000\040\000r\000e\000s\000u\000l\000t\000s}{}% 98
\BOOKMARK [1][-]{section.31}{\376\377\000E\000x\000p\000a\000n\000d\000e\000d\000\040\000b\000e\000g\000i\000n\000n\000e\000r\000\040\000t\000u\000t\000o\000r\000i\000a\000l\000\040\000l\000a\000y\000e\000r\000:\000\040\000e\000x\000a\000c\000t\000\040\000C\000O\000M\000S\000O\000L\000\040\000r\000e\000p\000r\000o\000d\000u\000c\000t\000i\000o\000n\000\040\000w\000o\000r\000k\000f\000l\000o\000w}{}% 99
\BOOKMARK [2][-]{subsection.31.1}{\376\377\000B\000e\000f\000o\000r\000e\000\040\000o\000p\000e\000n\000i\000n\000g\000\040\000C\000O\000M\000S\000O\000L\000:\000\040\000d\000e\000c\000i\000d\000e\000\040\000t\000h\000e\000\040\000f\000i\000r\000s\000t\000\040\000m\000o\000d\000e\000l\000\040\000v\000a\000r\000i\000a\000n\000t}{section.31}% 100
\BOOKMARK [2][-]{subsection.31.2}{\376\377\000D\000e\000t\000a\000i\000l\000e\000d\000\040\000M\000o\000d\000e\000l\000\040\000W\000i\000z\000a\000r\000d\000\040\000s\000e\000q\000u\000e\000n\000c\000e}{section.31}% 101
\BOOKMARK [2][-]{subsection.31.3}{\376\377\000M\000o\000d\000e\000l\000\040\000B\000u\000i\000l\000d\000e\000r\000\040\000t\000r\000e\000e\000\040\000t\000h\000a\000t\000\040\000s\000h\000o\000u\000l\000d\000\040\000a\000p\000p\000e\000a\000r}{section.31}% 102
\BOOKMARK [2][-]{subsection.31.4}{\376\377\000G\000l\000o\000b\000a\000l\000\040\000p\000a\000r\000a\000m\000e\000t\000e\000r\000s\000:\000\040\000e\000x\000a\000c\000t\000\040\000t\000a\000b\000l\000e\000\040\000t\000o\000\040\000t\000y\000p\000e}{section.31}% 103
\BOOKMARK [2][-]{subsection.31.5}{\376\377\000G\000e\000o\000m\000e\000t\000r\000y\000:\000\040\000e\000x\000a\000c\000t\000\040\000c\000l\000i\000c\000k\000s\000\040\000f\000o\000r\000\040\000t\000h\000e\000\040\000s\000i\000l\000i\000c\000o\000n\000\040\000r\000e\000c\000t\000a\000n\000g\000l\000e}{section.31}% 104
\BOOKMARK [2][-]{subsection.31.6}{\376\377\000O\000p\000t\000i\000o\000n\000a\000l\000\040\000s\000e\000l\000e\000c\000t\000i\000o\000n\000s\000:\000\040\000n\000a\000m\000e\000\040\000t\000h\000e\000\040\000f\000o\000u\000r\000\040\000b\000o\000u\000n\000d\000a\000r\000i\000e\000s}{section.31}% 105
\BOOKMARK [2][-]{subsection.31.7}{\376\377\000M\000a\000t\000e\000r\000i\000a\000l\000\040\000a\000n\000d\000\040\000p\000e\000r\000m\000i\000t\000t\000i\000v\000i\000t\000y\000:\000\040\000e\000x\000a\000c\000t\000\040\000c\000l\000i\000c\000k\000s}{section.31}% 106
\BOOKMARK [2][-]{subsection.31.8}{\376\377\000V\000a\000r\000i\000a\000b\000l\000e\000s\000:\000\040\000e\000x\000a\000c\000t\000\040\000e\000x\000p\000r\000e\000s\000s\000i\000o\000n\000s\000\040\000f\000o\000r\000\040\000c\000h\000a\000r\000g\000e\000\040\000d\000e\000n\000s\000i\000t\000y}{section.31}% 107
\BOOKMARK [2][-]{subsection.31.9}{\376\377\000E\000l\000e\000c\000t\000r\000o\000s\000t\000a\000t\000i\000c\000s\000\040\000s\000e\000t\000t\000i\000n\000g\000s\000:\000\040\000e\000x\000a\000c\000t\000\040\000d\000o\000m\000a\000i\000n\000\040\000a\000n\000d\000\040\000s\000o\000u\000r\000c\000e\000\040\000s\000t\000e\000p\000s}{section.31}% 108
\BOOKMARK [2][-]{subsection.31.10}{\376\377\000B\000o\000u\000n\000d\000a\000r\000y\000\040\000c\000o\000n\000d\000i\000t\000i\000o\000n\000s\000:\000\040\000e\000x\000a\000c\000t\000\040\000c\000l\000i\000c\000k\000s}{section.31}% 109
\BOOKMARK [3][-]{subsubsection.31.10.1}{\376\377\000L\000e\000f\000t\000\040\000c\000o\000n\000t\000a\000c\000t}{subsection.31.10}% 110
\BOOKMARK [3][-]{subsubsection.31.10.2}{\376\377\000R\000i\000g\000h\000t\000\040\000c\000o\000n\000t\000a\000c\000t}{subsection.31.10}% 111
\BOOKMARK [3][-]{subsubsection.31.10.3}{\376\377\000T\000o\000p\000\040\000a\000n\000d\000\040\000b\000o\000t\000t\000o\000m}{subsection.31.10}% 112
\BOOKMARK [2][-]{subsection.31.11}{\376\377\000M\000e\000s\000h\000:\000\040\000e\000x\000a\000c\000t\000\040\000b\000e\000g\000i\000n\000n\000e\000r\000\040\000w\000o\000r\000k\000f\000l\000o\000w}{section.31}% 113
\BOOKMARK [2][-]{subsection.31.12}{\376\377\000S\000t\000a\000t\000i\000o\000n\000a\000r\000y\000\040\000s\000t\000u\000d\000y\000:\000\040\000e\000x\000a\000c\000t\000\040\000c\000l\000i\000c\000k\000s}{section.31}% 114
\BOOKMARK [2][-]{subsection.31.13}{\376\377\000R\000e\000s\000u\000l\000t\000\040\000p\000l\000o\000t\000s\000:\000\040\000e\000x\000a\000c\000t\000\040\000c\000l\000i\000c\000k\000\040\000s\000e\000q\000u\000e\000n\000c\000e}{section.31}% 115
\BOOKMARK [3][-]{subsubsection.31.13.1}{\376\377\000P\000o\000t\000e\000n\000t\000i\000a\000l\000\040\000s\000u\000r\000f\000a\000c\000e\000\040\000p\000l\000o\000t}{subsection.31.13}% 116
\BOOKMARK [3][-]{subsubsection.31.13.2}{\376\377\000E\000l\000e\000c\000t\000r\000i\000c\000-\000f\000i\000e\000l\000d\000\040\000m\000a\000g\000n\000i\000t\000u\000d\000e\000\040\000p\000l\000o\000t}{subsection.31.13}% 117
\BOOKMARK [3][-]{subsubsection.31.13.3}{\376\377\000E\000l\000e\000c\000t\000r\000i\000c\000-\000f\000i\000e\000l\000d\000\040\000a\000r\000r\000o\000w\000s}{subsection.31.13}% 118
\BOOKMARK [2][-]{subsection.31.14}{\376\377\000F\000o\000u\000r\000\040\000v\000e\000r\000i\000f\000i\000c\000a\000t\000i\000o\000n\000\040\000w\000o\000r\000k\000s\000h\000e\000e\000t\000s\000\040\000t\000o\000\040\000r\000u\000n\000\040\000b\000e\000f\000o\000r\000e\000\040\000u\000s\000i\000n\000g\000\040\000t\000h\000e\000\040\000m\000o\000d\000e\000l}{section.31}% 119
\BOOKMARK [3][-]{subsubsection.31.14.1}{\376\377\000W\000o\000r\000k\000s\000h\000e\000e\000t\000\040\0001\000:\000\040\000c\000o\000n\000s\000t\000a\000n\000t\000\040\000p\000o\000t\000e\000n\000t\000i\000a\000l}{subsection.31.14}% 120
\BOOKMARK [3][-]{subsubsection.31.14.2}{\376\377\000W\000o\000r\000k\000s\000h\000e\000e\000t\000\040\0002\000:\000\040\000l\000i\000n\000e\000a\000r\000\040\000p\000o\000t\000e\000n\000t\000i\000a\000l}{subsection.31.14}% 121
\BOOKMARK [3][-]{subsubsection.31.14.3}{\376\377\000W\000o\000r\000k\000s\000h\000e\000e\000t\000\040\0003\000:\000\040\000u\000n\000i\000f\000o\000r\000m\000\040\000p\000o\000s\000i\000t\000i\000v\000e\000\040\000s\000p\000a\000c\000e\000\040\000c\000h\000a\000r\000g\000e}{subsection.31.14}% 122
\BOOKMARK [3][-]{subsubsection.31.14.4}{\376\377\000W\000o\000r\000k\000s\000h\000e\000e\000t\000\040\0004\000:\000\040\000l\000o\000c\000a\000l\000i\000z\000e\000d\000\040\000d\000e\000f\000e\000c\000t\000\040\000c\000h\000a\000r\000g\000e}{subsection.31.14}% 123
\BOOKMARK [1][-]{section.32}{\376\377\000E\000x\000p\000a\000n\000d\000e\000d\000\040\000i\000m\000p\000o\000r\000t\000e\000d\000-\000d\000e\000f\000e\000c\000t\000-\000m\000a\000p\000\040\000t\000u\000t\000o\000r\000i\000a\000l}{}% 124
\BOOKMARK [2][-]{subsection.32.1}{\376\377\000P\000l\000o\000t\000\040\000t\000h\000e\000\040\000i\000m\000p\000o\000r\000t\000e\000d\000\040\000c\000o\000n\000c\000e\000n\000t\000r\000a\000t\000i\000o\000n\000\040\000b\000e\000f\000o\000r\000e\000\040\000s\000o\000l\000v\000i\000n\000g}{section.32}% 125
\BOOKMARK [1][-]{section.33}{\376\377\000E\000x\000p\000a\000n\000d\000e\000d\000\040\000m\000e\000s\000h\000-\000c\000o\000n\000v\000e\000r\000g\000e\000n\000c\000e\000\040\000t\000u\000t\000o\000r\000i\000a\000l\000\040\000f\000o\000r\000\040\000M\000o\000d\000u\000l\000e\000\040\0002}{}% 126
\BOOKMARK [1][-]{section.34}{\376\377\000E\000x\000p\000a\000n\000d\000e\000d\000\040\000e\000x\000p\000o\000r\000t\000\040\000w\000o\000r\000k\000f\000l\000o\000w\000\040\000f\000o\000r\000\040\000M\000A\000T\000L\000A\000B\000\040\000c\000o\000m\000p\000a\000r\000i\000s\000o\000n}{}% 127
\BOOKMARK [1][-]{section.35}{\376\377\000E\000x\000p\000a\000n\000d\000e\000d\000\040\000s\000t\000a\000n\000d\000a\000l\000o\000n\000e\000\040\000c\000h\000e\000c\000k\000l\000i\000s\000t\000\040\000f\000o\000r\000\040\000M\000o\000d\000u\000l\000e\000\040\0002}{}% 128
\BOOKMARK [1][-]{section.36}{\376\377\000S\000u\000m\000m\000a\000r\000y}{}% 129
\BOOKMARK [1][-]{section.37}{\376\377\000R\000e\000f\000e\000r\000e\000n\000c\000e\000s\000\040\000a\000n\000d\000\040\000C\000O\000M\000S\000O\000L\000\040\000d\000o\000c\000u\000m\000e\000n\000t\000a\000t\000i\000o\000n\000\040\000p\000o\000i\000n\000t\000e\000r\000s}{}% 130
