\BOOKMARK [1][-]{Doc-Start}{\376\377\000S\000y\000m\000b\000o\000l\000s\000\040\000a\000n\000d\000\040\000a\000c\000r\000o\000n\000y\000m\000s\000\040\000u\000s\000e\000d\000\040\000i\000n\000\040\000t\000h\000i\000s\000\040\000d\000o\000c\000u\000m\000e\000n\000t}{}% 1
\BOOKMARK [1][-]{section.1}{\376\377\000W\000h\000a\000t\000\040\000M\000o\000d\000u\000l\000e\000\040\0003\000\040\000d\000o\000e\000s\000\040\000i\000n\000\040\000t\000h\000e\000\040\000p\000r\000o\000j\000e\000c\000t}{}% 2
\BOOKMARK [1][-]{section.2}{\376\377\000W\000h\000y\000\040\000C\000O\000M\000S\000O\000L\000\040\000i\000s\000\040\000u\000s\000e\000f\000u\000l\000\040\000e\000v\000e\000n\000\040\000t\000h\000o\000u\000g\000h\000\040\000M\000A\000T\000L\000A\000B\000\040\000r\000e\000m\000a\000i\000n\000s\000\040\000t\000h\000e\000\040\000m\000a\000i\000n\000\040\000t\000o\000o\000l}{}% 3
\BOOKMARK [1][-]{section.3}{\376\377\000W\000h\000i\000c\000h\000\040\000C\000O\000M\000S\000O\000L\000\040\000p\000h\000y\000s\000i\000c\000s\000\040\000i\000n\000t\000e\000r\000f\000a\000c\000e\000\040\000t\000o\000\040\000u\000s\000e}{}% 4
\BOOKMARK [2][-]{subsection.3.1}{\376\377\000R\000e\000c\000o\000m\000m\000e\000n\000d\000e\000d\000\040\000r\000o\000u\000t\000e\000:\000\040\000C\000o\000e\000f\000f\000i\000c\000i\000e\000n\000t\000\040\000F\000o\000r\000m\000\040\000P\000D\000E}{section.3}% 5
\BOOKMARK [2][-]{subsection.3.2}{\376\377\000A\000l\000t\000e\000r\000n\000a\000t\000i\000v\000e\000\040\000r\000o\000u\000t\000e\000:\000\040\000T\000r\000a\000n\000s\000p\000o\000r\000t\000\040\000o\000f\000\040\000D\000i\000l\000u\000t\000e\000d\000\040\000S\000p\000e\000c\000i\000e\000s}{section.3}% 6
\BOOKMARK [1][-]{section.4}{\376\377\000F\000i\000n\000i\000t\000e\000-\000e\000l\000e\000m\000e\000n\000t\000\040\000f\000o\000r\000m\000\040\000b\000e\000h\000i\000n\000d\000\040\000t\000h\000e\000\040\000C\000O\000M\000S\000O\000L\000\040\000m\000o\000d\000e\000l}{}% 7
\BOOKMARK [1][-]{section.5}{\376\377\000T\000u\000t\000o\000r\000i\000a\000l\000\040\000m\000o\000d\000e\000l\000\040\000d\000e\000f\000i\000n\000i\000t\000i\000o\000n}{}% 8
\BOOKMARK [1][-]{section.6}{\376\377\000B\000e\000g\000i\000n\000n\000e\000r\000\040\000c\000l\000i\000c\000k\000-\000b\000y\000-\000c\000l\000i\000c\000k\000\040\000i\000m\000p\000l\000e\000m\000e\000n\000t\000a\000t\000i\000o\000n}{}% 9
\BOOKMARK [2][-]{subsection.6.1}{\376\377\000S\000t\000a\000r\000t\000\040\000C\000O\000M\000S\000O\000L\000\040\000a\000n\000d\000\040\000o\000p\000e\000n\000\040\000t\000h\000e\000\040\000M\000o\000d\000e\000l\000\040\000W\000i\000z\000a\000r\000d}{section.6}% 10
\BOOKMARK [2][-]{subsection.6.2}{\376\377\000C\000h\000o\000o\000s\000e\000\040\000t\000h\000e\000\040\000m\000o\000d\000e\000l\000\040\000d\000i\000m\000e\000n\000s\000i\000o\000n}{section.6}% 11
\BOOKMARK [2][-]{subsection.6.3}{\376\377\000A\000d\000d\000\040\000t\000h\000e\000\040\000C\000o\000e\000f\000f\000i\000c\000i\000e\000n\000t\000\040\000F\000o\000r\000m\000\040\000P\000D\000E\000\040\000p\000h\000y\000s\000i\000c\000s}{section.6}% 12
\BOOKMARK [2][-]{subsection.6.4}{\376\377\000C\000h\000o\000o\000s\000e\000\040\000a\000\040\000t\000i\000m\000e\000-\000d\000e\000p\000e\000n\000d\000e\000n\000t\000\040\000s\000t\000u\000d\000y}{section.6}% 13
\BOOKMARK [2][-]{subsection.6.5}{\376\377\000S\000a\000v\000e\000\040\000t\000h\000e\000\040\000m\000o\000d\000e\000l\000\040\000i\000m\000m\000e\000d\000i\000a\000t\000e\000l\000y}{section.6}% 14
\BOOKMARK [1][-]{section.7}{\376\377\000S\000e\000t\000\040\000g\000l\000o\000b\000a\000l\000\040\000u\000n\000i\000t\000s\000\040\000a\000n\000d\000\040\000p\000a\000r\000a\000m\000e\000t\000e\000r\000s}{}% 15
\BOOKMARK [2][-]{subsection.7.1}{\376\377\000C\000h\000e\000c\000k\000\040\000t\000h\000e\000\040\000u\000n\000i\000t\000\040\000s\000y\000s\000t\000e\000m}{section.7}% 16
\BOOKMARK [2][-]{subsection.7.2}{\376\377\000O\000p\000e\000n\000\040\000t\000h\000e\000\040\000P\000a\000r\000a\000m\000e\000t\000e\000r\000s\000\040\000t\000a\000b\000l\000e}{section.7}% 17
\BOOKMARK [2][-]{subsection.7.3}{\376\377\000C\000o\000n\000f\000i\000r\000m\000\040\000p\000a\000r\000a\000m\000e\000t\000e\000r\000\040\000u\000n\000i\000t\000s}{section.7}% 18
\BOOKMARK [1][-]{section.8}{\376\377\000B\000u\000i\000l\000d\000\040\000t\000h\000e\000\040\0002\000D\000\040\000s\000i\000l\000i\000c\000o\000n\000\040\000g\000e\000o\000m\000e\000t\000r\000y}{}% 19
\BOOKMARK [2][-]{subsection.8.1}{\376\377\000C\000r\000e\000a\000t\000e\000\040\000a\000\040\000r\000e\000c\000t\000a\000n\000g\000l\000e}{section.8}% 20
\BOOKMARK [2][-]{subsection.8.2}{\376\377\000C\000h\000e\000c\000k\000\040\000t\000h\000e\000\040\000g\000e\000o\000m\000e\000t\000r\000y\000\040\000s\000c\000a\000l\000e}{section.8}% 21
\BOOKMARK [1][-]{section.9}{\376\377\000D\000e\000f\000i\000n\000e\000\040\000v\000a\000r\000i\000a\000b\000l\000e\000s\000\040\000f\000o\000r\000\040\000c\000o\000e\000f\000f\000i\000c\000i\000e\000n\000t\000s\000,\000\040\000i\000n\000i\000t\000i\000a\000l\000\040\000c\000o\000n\000d\000i\000t\000i\000o\000n\000,\000\040\000a\000n\000d\000\040\000d\000i\000a\000g\000n\000o\000s\000t\000i\000c\000s}{}% 22
\BOOKMARK [2][-]{subsection.9.1}{\376\377\000C\000r\000e\000a\000t\000e\000\040\000d\000o\000m\000a\000i\000n\000\040\000v\000a\000r\000i\000a\000b\000l\000e\000s}{section.9}% 23
\BOOKMARK [2][-]{subsection.9.2}{\376\377\000T\000y\000p\000e\000\040\000t\000h\000e\000\040\000v\000a\000r\000i\000a\000b\000l\000e\000\040\000d\000e\000f\000i\000n\000i\000t\000i\000o\000n\000s}{section.9}% 24
\BOOKMARK [2][-]{subsection.9.3}{\376\377\000C\000h\000e\000c\000k\000\040\000t\000h\000e\000\040\000A\000r\000r\000h\000e\000n\000i\000u\000s\000\040\000e\000x\000p\000r\000e\000s\000s\000i\000o\000n\000s}{section.9}% 25
\BOOKMARK [1][-]{section.10}{\376\377\000E\000n\000t\000e\000r\000\040\000t\000h\000e\000\040\000C\000o\000e\000f\000f\000i\000c\000i\000e\000n\000t\000\040\000F\000o\000r\000m\000\040\000P\000D\000E}{}% 26
\BOOKMARK [2][-]{subsection.10.1}{\376\377\000O\000p\000e\000n\000\040\000t\000h\000e\000\040\000c\000o\000e\000f\000f\000i\000c\000i\000e\000n\000t\000\040\000s\000e\000t\000t\000i\000n\000g\000s}{section.10}% 27
\BOOKMARK [2][-]{subsection.10.2}{\376\377\000E\000n\000t\000e\000r\000\040\000t\000h\000e\000\040\000P\000D\000E\000\040\000c\000o\000e\000f\000f\000i\000c\000i\000e\000n\000t\000s}{section.10}% 28
\BOOKMARK [2][-]{subsection.10.3}{\376\377\000C\000h\000e\000c\000k\000\040\000t\000h\000a\000t\000\040\000t\000h\000e\000\040\000P\000D\000E\000\040\000m\000a\000t\000c\000h\000e\000s\000\040\000t\000h\000e\000\040\000t\000a\000r\000g\000e\000t\000\040\000e\000q\000u\000a\000t\000i\000o\000n}{section.10}% 29
\BOOKMARK [1][-]{section.11}{\376\377\000S\000e\000t\000\040\000i\000n\000i\000t\000i\000a\000l\000\040\000a\000n\000d\000\040\000b\000o\000u\000n\000d\000a\000r\000y\000\040\000c\000o\000n\000d\000i\000t\000i\000o\000n\000s}{}% 30
\BOOKMARK [2][-]{subsection.11.1}{\376\377\000S\000e\000t\000\040\000t\000h\000e\000\040\000i\000n\000i\000t\000i\000a\000l\000\040\000d\000e\000f\000e\000c\000t\000\040\000c\000o\000n\000c\000e\000n\000t\000r\000a\000t\000i\000o\000n}{section.11}% 31
\BOOKMARK [2][-]{subsection.11.2}{\376\377\000U\000s\000e\000\040\000z\000e\000r\000o\000-\000f\000l\000u\000x\000\040\000b\000o\000u\000n\000d\000a\000r\000i\000e\000s}{section.11}% 32
\BOOKMARK [2][-]{subsection.11.3}{\376\377\000O\000p\000t\000i\000o\000n\000a\000l\000\040\000a\000b\000s\000o\000r\000b\000i\000n\000g\000\040\000s\000u\000r\000f\000a\000c\000e\000\040\000b\000o\000u\000n\000d\000a\000r\000y}{section.11}% 33
\BOOKMARK [1][-]{section.12}{\376\377\000M\000e\000s\000h\000\040\000t\000h\000e\000\040\000d\000o\000m\000a\000i\000n}{}% 34
\BOOKMARK [2][-]{subsection.12.1}{\376\377\000C\000r\000e\000a\000t\000e\000\040\000a\000\040\000t\000r\000i\000a\000n\000g\000u\000l\000a\000r\000\040\000m\000e\000s\000h}{section.12}% 35
\BOOKMARK [2][-]{subsection.12.2}{\376\377\000W\000h\000y\000\040\000m\000e\000s\000h\000\040\000r\000e\000s\000o\000l\000u\000t\000i\000o\000n\000\040\000m\000a\000t\000t\000e\000r\000s}{section.12}% 36
\BOOKMARK [2][-]{subsection.12.3}{\376\377\000P\000e\000r\000f\000o\000r\000m\000\040\000a\000\040\000f\000i\000r\000s\000t\000\040\000v\000i\000s\000u\000a\000l\000\040\000m\000e\000s\000h\000\040\000c\000h\000e\000c\000k}{section.12}% 37
\BOOKMARK [1][-]{section.13}{\376\377\000S\000e\000t\000\040\000t\000h\000e\000\040\000t\000i\000m\000e\000-\000d\000e\000p\000e\000n\000d\000e\000n\000t\000\040\000s\000t\000u\000d\000y\000\040\000a\000n\000d\000\040\000s\000o\000l\000v\000e\000r}{}% 38
\BOOKMARK [2][-]{subsection.13.1}{\376\377\000S\000e\000t\000\040\000o\000u\000t\000p\000u\000t\000\040\000t\000i\000m\000e\000s}{section.13}% 39
\BOOKMARK [2][-]{subsection.13.2}{\376\377\000I\000n\000s\000p\000e\000c\000t\000\040\000t\000i\000m\000e\000-\000s\000o\000l\000v\000e\000r\000\040\000s\000e\000t\000t\000i\000n\000g\000s}{section.13}% 40
\BOOKMARK [2][-]{subsection.13.3}{\376\377\000C\000o\000m\000p\000u\000t\000e\000\040\000t\000h\000e\000\040\000s\000o\000l\000u\000t\000i\000o\000n}{section.13}% 41
\BOOKMARK [1][-]{section.14}{\376\377\000P\000l\000o\000t\000\040\000a\000n\000d\000\040\000i\000n\000t\000e\000r\000p\000r\000e\000t\000\040\000t\000h\000e\000\040\000r\000e\000s\000u\000l\000t\000s}{}% 42
\BOOKMARK [2][-]{subsection.14.1}{\376\377\000S\000u\000r\000f\000a\000c\000e\000\040\000p\000l\000o\000t\000\040\000o\000f\000\040\000d\000e\000f\000e\000c\000t\000\040\000c\000o\000n\000c\000e\000n\000t\000r\000a\000t\000i\000o\000n}{section.14}% 43
\BOOKMARK [2][-]{subsection.14.2}{\376\377\000N\000o\000r\000m\000a\000l\000i\000z\000e\000d\000\040\000c\000o\000n\000c\000e\000n\000t\000r\000a\000t\000i\000o\000n\000\040\000p\000l\000o\000t}{section.14}% 44
\BOOKMARK [2][-]{subsection.14.3}{\376\377\000D\000e\000f\000e\000c\000t\000\040\000f\000l\000u\000x\000\040\000a\000r\000r\000o\000w\000\040\000p\000l\000o\000t}{section.14}% 45
\BOOKMARK [2][-]{subsection.14.4}{\376\377\000F\000l\000u\000x\000\040\000m\000a\000g\000n\000i\000t\000u\000d\000e\000\040\000p\000l\000o\000t}{section.14}% 46
\BOOKMARK [2][-]{subsection.14.5}{\376\377\000L\000i\000n\000e\000\040\000p\000l\000o\000t\000\040\000t\000h\000r\000o\000u\000g\000h\000\040\000t\000h\000e\000\040\000d\000a\000m\000a\000g\000e\000\040\000c\000l\000o\000u\000d}{section.14}% 47
\BOOKMARK [1][-]{section.15}{\376\377\000D\000e\000r\000i\000v\000e\000d\000\040\000v\000a\000l\000u\000e\000s\000\040\000a\000n\000d\000\040\000q\000u\000a\000n\000t\000i\000t\000a\000t\000i\000v\000e\000\040\000d\000i\000a\000g\000n\000o\000s\000t\000i\000c\000s}{}% 48
\BOOKMARK [2][-]{subsection.15.1}{\376\377\000T\000o\000t\000a\000l\000\040\000d\000e\000f\000e\000c\000t\000\040\000i\000n\000v\000e\000n\000t\000o\000r\000y}{section.15}% 49
\BOOKMARK [2][-]{subsection.15.2}{\376\377\000P\000e\000a\000k\000\040\000c\000o\000n\000c\000e\000n\000t\000r\000a\000t\000i\000o\000n}{section.15}% 50
\BOOKMARK [2][-]{subsection.15.3}{\376\377\000M\000e\000a\000n\000-\000s\000q\000u\000a\000r\000e\000\040\000s\000p\000r\000e\000a\000d}{section.15}% 51
\BOOKMARK [1][-]{section.16}{\376\377\000E\000x\000p\000o\000r\000t\000\040\000d\000a\000t\000a\000\040\000f\000o\000r\000\040\000M\000A\000T\000L\000A\000B\000\040\000c\000o\000m\000p\000a\000r\000i\000s\000o\000n}{}% 52
\BOOKMARK [2][-]{subsection.16.1}{\376\377\000E\000x\000p\000o\000r\000t\000\040\000s\000o\000l\000u\000t\000i\000o\000n\000\040\000d\000a\000t\000a\000\040\000o\000n\000\040\000t\000h\000e\000\040\000m\000e\000s\000h}{section.16}% 53
\BOOKMARK [2][-]{subsection.16.2}{\376\377\000C\000o\000m\000p\000a\000r\000e\000\040\000w\000i\000t\000h\000\040\000M\000A\000T\000L\000A\000B}{section.16}% 54
\BOOKMARK [1][-]{section.17}{\376\377\000V\000e\000r\000i\000f\000i\000c\000a\000t\000i\000o\000n\000\040\000t\000u\000t\000o\000r\000i\000a\000l\000s}{}% 55
\BOOKMARK [2][-]{subsection.17.1}{\376\377\000V\000e\000r\000i\000f\000i\000c\000a\000t\000i\000o\000n\000\040\0001\000:\000\040\000u\000n\000i\000f\000o\000r\000m\000-\000s\000t\000a\000t\000e\000\040\000p\000r\000e\000s\000e\000r\000v\000a\000t\000i\000o\000n}{section.17}% 56
\BOOKMARK [2][-]{subsection.17.2}{\376\377\000V\000e\000r\000i\000f\000i\000c\000a\000t\000i\000o\000n\000\040\0002\000:\000\040\000p\000u\000r\000e\000\040\000d\000i\000f\000f\000u\000s\000i\000o\000n\000\040\000i\000n\000v\000e\000n\000t\000o\000r\000y\000\040\000c\000o\000n\000s\000e\000r\000v\000a\000t\000i\000o\000n}{section.17}% 57
\BOOKMARK [2][-]{subsection.17.3}{\376\377\000V\000e\000r\000i\000f\000i\000c\000a\000t\000i\000o\000n\000\040\0003\000:\000\040\000p\000u\000r\000e\000\040\000a\000n\000n\000e\000a\000l\000i\000n\000g}{section.17}% 58
\BOOKMARK [2][-]{subsection.17.4}{\376\377\000V\000e\000r\000i\000f\000i\000c\000a\000t\000i\000o\000n\000\040\0004\000:\000\040\000d\000i\000f\000f\000u\000s\000i\000o\000n\000\040\000p\000l\000u\000s\000\040\000a\000n\000n\000e\000a\000l\000i\000n\000g}{section.17}% 59
\BOOKMARK [2][-]{subsection.17.5}{\376\377\000V\000e\000r\000i\000f\000i\000c\000a\000t\000i\000o\000n\000\040\0005\000:\000\040\000m\000e\000s\000h\000\040\000r\000e\000f\000i\000n\000e\000m\000e\000n\000t}{section.17}% 60
\BOOKMARK [1][-]{section.18}{\376\377\000A\000d\000d\000i\000n\000g\000\040\000i\000n\000t\000e\000g\000r\000a\000t\000i\000o\000n\000\040\000o\000p\000e\000r\000a\000t\000o\000r\000s\000\040\000f\000o\000r\000\040\000e\000a\000s\000i\000e\000r\000\040\000d\000i\000a\000g\000n\000o\000s\000t\000i\000c\000s}{}% 61
\BOOKMARK [1][-]{section.19}{\376\377\000O\000p\000t\000i\000o\000n\000a\000l\000\040\000e\000x\000t\000e\000n\000s\000i\000o\000n\000:\000\040\000s\000p\000a\000t\000i\000a\000l\000l\000y\000\040\000v\000a\000r\000y\000i\000n\000g\000\040\000t\000e\000m\000p\000e\000r\000a\000t\000u\000r\000e\000\040\000f\000r\000o\000m\000\040\000M\000o\000d\000u\000l\000e\000\040\0004}{}% 62
\BOOKMARK [2][-]{subsection.19.1}{\376\377\000A\000n\000a\000l\000y\000t\000i\000c\000\040\000t\000e\000m\000p\000e\000r\000a\000t\000u\000r\000e\000\040\000f\000i\000e\000l\000d\000\040\000t\000e\000s\000t}{section.19}% 63
\BOOKMARK [2][-]{subsection.19.2}{\376\377\000I\000m\000p\000o\000r\000t\000\040\000a\000\040\000t\000e\000m\000p\000e\000r\000a\000t\000u\000r\000e\000\040\000m\000a\000p}{section.19}% 64
\BOOKMARK [1][-]{section.20}{\376\377\000O\000p\000t\000i\000o\000n\000a\000l\000\040\000e\000x\000t\000e\000n\000s\000i\000o\000n\000:\000\040\000i\000m\000p\000o\000r\000t\000e\000d\000\040\000r\000a\000d\000i\000a\000t\000i\000o\000n\000\040\000d\000a\000m\000a\000g\000e\000\040\000m\000a\000p}{}% 65
\BOOKMARK [1][-]{section.21}{\376\377\000O\000p\000t\000i\000o\000n\000a\000l\000\040\000e\000x\000t\000e\000n\000s\000i\000o\000n\000:\000\040\000c\000h\000a\000r\000g\000e\000d\000-\000d\000e\000f\000e\000c\000t\000\040\000d\000r\000i\000f\000t\000\040\000f\000r\000o\000m\000\040\000M\000o\000d\000u\000l\000e\000\040\0002}{}% 66
\BOOKMARK [1][-]{section.22}{\376\377\000O\000p\000t\000i\000o\000n\000a\000l\000\040\000m\000u\000l\000t\000i\000-\000s\000p\000e\000c\000i\000e\000s\000\040\000i\000m\000p\000l\000e\000m\000e\000n\000t\000a\000t\000i\000o\000n}{}% 67
\BOOKMARK [1][-]{section.23}{\376\377\000A\000l\000t\000e\000r\000n\000a\000t\000i\000v\000e\000\040\000i\000m\000p\000l\000e\000m\000e\000n\000t\000a\000t\000i\000o\000n\000\040\000u\000s\000i\000n\000g\000\040\000T\000r\000a\000n\000s\000p\000o\000r\000t\000\040\000o\000f\000\040\000D\000i\000l\000u\000t\000e\000d\000\040\000S\000p\000e\000c\000i\000e\000s}{}% 68
\BOOKMARK [1][-]{section.24}{\376\377\000B\000e\000g\000i\000n\000n\000e\000r\000\040\000w\000o\000r\000k\000f\000l\000o\000w\000\040\000c\000h\000e\000c\000k\000s\000\040\000b\000e\000f\000o\000r\000e\000\040\000m\000o\000v\000i\000n\000g\000\040\000t\000o\000\040\000a\000d\000v\000a\000n\000c\000e\000d\000\040\000v\000a\000r\000i\000a\000n\000t\000s}{}% 69
\BOOKMARK [2][-]{subsection.24.1}{\376\377\000E\000x\000p\000e\000c\000t\000e\000d\000\040\000M\000o\000d\000e\000l\000\040\000B\000u\000i\000l\000d\000e\000r\000\040\000t\000r\000e\000e}{section.24}% 70
\BOOKMARK [2][-]{subsection.24.2}{\376\377\000S\000a\000v\000e\000\040\000a\000\040\000c\000l\000e\000a\000n\000\040\000b\000a\000s\000e\000l\000i\000n\000e\000\040\000m\000o\000d\000e\000l\000\040\000b\000e\000f\000o\000r\000e\000\040\000m\000o\000d\000i\000f\000y\000i\000n\000g\000\040\000i\000t}{section.24}% 71
\BOOKMARK [2][-]{subsection.24.3}{\376\377\000C\000r\000e\000a\000t\000e\000\040\000a\000\040\000s\000i\000m\000p\000l\000e\000\040\000a\000n\000i\000m\000a\000t\000i\000o\000n\000\040\000o\000f\000\040\000c\000o\000n\000c\000e\000n\000t\000r\000a\000t\000i\000o\000n\000\040\000s\000p\000r\000e\000a\000d\000i\000n\000g}{section.24}% 72
\BOOKMARK [2][-]{subsection.24.4}{\376\377\000E\000x\000p\000o\000r\000t\000\040\000a\000\040\000p\000l\000o\000t\000\040\000i\000m\000a\000g\000e\000\040\000f\000o\000r\000\040\000d\000o\000c\000u\000m\000e\000n\000t\000a\000t\000i\000o\000n}{section.24}% 73
\BOOKMARK [1][-]{section.25}{\376\377\000P\000a\000r\000a\000m\000e\000t\000e\000r\000\040\000s\000w\000e\000e\000p\000\040\000t\000u\000t\000o\000r\000i\000a\000l\000\040\000f\000o\000r\000\040\000s\000e\000n\000s\000i\000t\000i\000v\000i\000t\000y\000\040\000c\000h\000e\000c\000k\000s}{}% 74
\BOOKMARK [2][-]{subsection.25.1}{\376\377\000S\000w\000e\000e\000p\000\040\000t\000h\000e\000\040\000a\000n\000n\000e\000a\000l\000i\000n\000g\000\040\000p\000r\000e\000f\000a\000c\000t\000o\000r}{section.25}% 75
\BOOKMARK [2][-]{subsection.25.2}{\376\377\000S\000w\000e\000e\000p\000\040\000t\000h\000e\000\040\000d\000i\000f\000f\000u\000s\000i\000o\000n\000\040\000p\000r\000e\000f\000a\000c\000t\000o\000r}{section.25}% 76
\BOOKMARK [1][-]{section.26}{\376\377\000C\000r\000e\000a\000t\000i\000n\000g\000\040\000a\000\040\000s\000h\000o\000r\000t\000\040\000C\000O\000M\000S\000O\000L\000\040\000r\000e\000p\000o\000r\000t\000\040\000f\000o\000r\000\040\000y\000o\000u\000r\000\040\000o\000w\000n\000\040\000r\000e\000c\000o\000r\000d\000s}{}% 77
\BOOKMARK [1][-]{section.27}{\376\377\000C\000o\000m\000m\000o\000n\000\040\000m\000i\000s\000t\000a\000k\000e\000s\000\040\000a\000n\000d\000\040\000d\000i\000a\000g\000n\000o\000s\000t\000i\000c\000\040\000c\000h\000e\000c\000k\000s}{}% 78
\BOOKMARK [1][-]{section.28}{\376\377\000F\000i\000n\000a\000l\000\040\000c\000h\000e\000c\000k\000l\000i\000s\000t\000\040\000b\000e\000f\000o\000r\000e\000\040\000t\000r\000u\000s\000t\000i\000n\000g\000\040\000t\000h\000e\000\040\000m\000o\000d\000e\000l}{}% 79
\BOOKMARK [1][-]{section.29}{\376\377\000H\000o\000w\000\040\000t\000o\000\040\000e\000x\000p\000l\000a\000i\000n\000\040\000t\000h\000i\000s\000\040\000C\000O\000M\000S\000O\000L\000\040\000m\000o\000d\000e\000l\000\040\000i\000n\000\040\000a\000n\000\040\000i\000n\000t\000e\000r\000v\000i\000e\000w}{}% 80
\BOOKMARK [1][-]{section.30}{\376\377\000E\000x\000p\000a\000n\000d\000e\000d\000\040\000b\000e\000g\000i\000n\000n\000e\000r\000\040\000t\000u\000t\000o\000r\000i\000a\000l\000\040\000l\000a\000y\000e\000r\000:\000\040\000e\000x\000a\000c\000t\000\040\000C\000O\000M\000S\000O\000L\000\040\000r\000e\000p\000r\000o\000d\000u\000c\000t\000i\000o\000n\000\040\000w\000o\000r\000k\000f\000l\000o\000w}{}% 81
\BOOKMARK [2][-]{subsection.30.1}{\376\377\000F\000i\000r\000s\000t\000\040\000m\000o\000d\000e\000l\000\040\000v\000a\000r\000i\000a\000n\000t\000\040\000t\000o\000\040\000b\000u\000i\000l\000d}{section.30}% 82
\BOOKMARK [2][-]{subsection.30.2}{\376\377\000D\000e\000t\000a\000i\000l\000e\000d\000\040\000M\000o\000d\000e\000l\000\040\000W\000i\000z\000a\000r\000d\000\040\000s\000e\000q\000u\000e\000n\000c\000e}{section.30}% 83
\BOOKMARK [2][-]{subsection.30.3}{\376\377\000E\000x\000p\000e\000c\000t\000e\000d\000\040\000M\000o\000d\000e\000l\000\040\000B\000u\000i\000l\000d\000e\000r\000\040\000t\000r\000e\000e}{section.30}% 84
\BOOKMARK [2][-]{subsection.30.4}{\376\377\000G\000l\000o\000b\000a\000l\000\040\000p\000a\000r\000a\000m\000e\000t\000e\000r\000\040\000t\000a\000b\000l\000e\000:\000\040\000e\000x\000a\000c\000t\000\040\000e\000n\000t\000r\000i\000e\000s}{section.30}% 85
\BOOKMARK [2][-]{subsection.30.5}{\376\377\000G\000e\000o\000m\000e\000t\000r\000y\000:\000\040\000e\000x\000a\000c\000t\000\040\000r\000e\000c\000t\000a\000n\000g\000l\000e\000\040\000s\000t\000e\000p\000s}{section.30}% 86
\BOOKMARK [2][-]{subsection.30.6}{\376\377\000D\000e\000f\000i\000n\000i\000t\000i\000o\000n\000s\000\040\000a\000n\000d\000\040\000v\000a\000r\000i\000a\000b\000l\000e\000s\000:\000\040\000e\000x\000a\000c\000t\000\040\000e\000n\000t\000r\000i\000e\000s}{section.30}% 87
\BOOKMARK [2][-]{subsection.30.7}{\376\377\000C\000o\000e\000f\000f\000i\000c\000i\000e\000n\000t\000\040\000F\000o\000r\000m\000\040\000P\000D\000E\000:\000\040\000e\000x\000a\000c\000t\000\040\000c\000o\000e\000f\000f\000i\000c\000i\000e\000n\000t\000\040\000e\000n\000t\000r\000i\000e\000s}{section.30}% 88
\BOOKMARK [2][-]{subsection.30.8}{\376\377\000I\000n\000i\000t\000i\000a\000l\000\040\000v\000a\000l\000u\000e\000s\000:\000\040\000e\000x\000a\000c\000t\000\040\000c\000l\000i\000c\000k\000s}{section.30}% 89
\BOOKMARK [2][-]{subsection.30.9}{\376\377\000B\000o\000u\000n\000d\000a\000r\000y\000\040\000c\000o\000n\000d\000i\000t\000i\000o\000n\000s\000:\000\040\000e\000x\000a\000c\000t\000\040\000z\000e\000r\000o\000-\000f\000l\000u\000x\000\040\000s\000e\000t\000u\000p}{section.30}% 90
\BOOKMARK [2][-]{subsection.30.10}{\376\377\000M\000e\000s\000h\000:\000\040\000e\000x\000a\000c\000t\000\040\000s\000t\000e\000p\000s\000\040\000a\000n\000d\000\040\000p\000h\000y\000s\000i\000c\000a\000l\000\040\000m\000e\000a\000n\000i\000n\000g}{section.30}% 91
\BOOKMARK [2][-]{subsection.30.11}{\376\377\000T\000i\000m\000e\000-\000d\000e\000p\000e\000n\000d\000e\000n\000t\000\040\000s\000t\000u\000d\000y\000:\000\040\000e\000x\000a\000c\000t\000\040\000e\000n\000t\000r\000i\000e\000s}{section.30}% 92
\BOOKMARK [1][-]{section.31}{\376\377\000E\000x\000p\000a\000n\000d\000e\000d\000\040\000p\000o\000s\000t\000p\000r\000o\000c\000e\000s\000s\000i\000n\000g\000\040\000a\000n\000d\000\040\000d\000i\000a\000g\000n\000o\000s\000t\000i\000c\000s\000\040\000f\000o\000r\000\040\000M\000o\000d\000u\000l\000e\000\040\0003}{}% 93
\BOOKMARK [2][-]{subsection.31.1}{\376\377\000S\000u\000r\000f\000a\000c\000e\000\040\000p\000l\000o\000t\000\040\000o\000f\000\040\000c\000o\000n\000c\000e\000n\000t\000r\000a\000t\000i\000o\000n}{section.31}% 94
\BOOKMARK [2][-]{subsection.31.2}{\376\377\000L\000i\000n\000e\000\040\000p\000l\000o\000t\000\040\000t\000h\000r\000o\000u\000g\000h\000\040\000t\000h\000e\000\040\000d\000e\000f\000e\000c\000t\000\040\000c\000l\000o\000u\000d}{section.31}% 95
\BOOKMARK [2][-]{subsection.31.3}{\376\377\000T\000o\000t\000a\000l\000\040\000d\000e\000f\000e\000c\000t\000\040\000i\000n\000v\000e\000n\000t\000o\000r\000y\000\040\000u\000s\000i\000n\000g\000\040\000a\000n\000\040\000i\000n\000t\000e\000g\000r\000a\000t\000i\000o\000n\000\040\000o\000p\000e\000r\000a\000t\000o\000r}{section.31}% 96
\BOOKMARK [2][-]{subsection.31.4}{\376\377\000P\000e\000a\000k\000\040\000c\000o\000n\000c\000e\000n\000t\000r\000a\000t\000i\000o\000n}{section.31}% 97
\BOOKMARK [1][-]{section.32}{\376\377\000E\000x\000p\000a\000n\000d\000e\000d\000\040\000v\000e\000r\000i\000f\000i\000c\000a\000t\000i\000o\000n\000\040\000w\000o\000r\000k\000s\000h\000e\000e\000t\000s\000\040\000f\000o\000r\000\040\000M\000o\000d\000u\000l\000e\000\040\0003}{}% 98
\BOOKMARK [2][-]{subsection.32.1}{\376\377\000W\000o\000r\000k\000s\000h\000e\000e\000t\000\040\0001\000:\000\040\000p\000u\000r\000e\000\040\000a\000n\000n\000e\000a\000l\000i\000n\000g\000,\000\040\000n\000o\000\040\000d\000i\000f\000f\000u\000s\000i\000o\000n}{section.32}% 99
\BOOKMARK [2][-]{subsection.32.2}{\376\377\000W\000o\000r\000k\000s\000h\000e\000e\000t\000\040\0002\000:\000\040\000p\000u\000r\000e\000\040\000d\000i\000f\000f\000u\000s\000i\000o\000n\000\040\000w\000i\000t\000h\000\040\000z\000e\000r\000o\000-\000f\000l\000u\000x\000\040\000b\000o\000u\000n\000d\000a\000r\000i\000e\000s}{section.32}% 100
\BOOKMARK [2][-]{subsection.32.3}{\376\377\000W\000o\000r\000k\000s\000h\000e\000e\000t\000\040\0003\000:\000\040\000u\000n\000i\000f\000o\000r\000m\000\040\000c\000o\000n\000c\000e\000n\000t\000r\000a\000t\000i\000o\000n\000\040\000p\000r\000e\000s\000e\000r\000v\000a\000t\000i\000o\000n}{section.32}% 101
\BOOKMARK [2][-]{subsection.32.4}{\376\377\000W\000o\000r\000k\000s\000h\000e\000e\000t\000\040\0004\000:\000\040\000s\000o\000u\000r\000c\000e\000-\000o\000n\000l\000y\000\040\000g\000r\000o\000w\000t\000h}{section.32}% 102
\BOOKMARK [1][-]{section.33}{\376\377\000E\000x\000p\000a\000n\000d\000e\000d\000\040\000i\000m\000p\000o\000r\000t\000e\000d\000\040\000r\000a\000d\000i\000a\000t\000i\000o\000n\000-\000m\000a\000p\000\040\000w\000o\000r\000k\000f\000l\000o\000w}{}% 103
\BOOKMARK [1][-]{section.34}{\376\377\000E\000x\000p\000a\000n\000d\000e\000d\000\040\000m\000e\000s\000h\000\040\000a\000n\000d\000\040\000t\000i\000m\000e\000-\000s\000t\000e\000p\000\040\000c\000o\000n\000v\000e\000r\000g\000e\000n\000c\000e\000\040\000t\000u\000t\000o\000r\000i\000a\000l}{}% 104
\BOOKMARK [2][-]{subsection.34.1}{\376\377\000M\000e\000s\000h\000\040\000c\000o\000n\000v\000e\000r\000g\000e\000n\000c\000e}{section.34}% 105
\BOOKMARK [2][-]{subsection.34.2}{\376\377\000T\000i\000m\000e\000-\000s\000t\000e\000p\000\040\000c\000h\000e\000c\000k}{section.34}% 106
\BOOKMARK [1][-]{section.35}{\376\377\000E\000x\000p\000a\000n\000d\000e\000d\000\040\000e\000x\000p\000o\000r\000t\000\040\000w\000o\000r\000k\000f\000l\000o\000w\000\040\000f\000o\000r\000\040\000M\000A\000T\000L\000A\000B\000\040\000c\000o\000m\000p\000a\000r\000i\000s\000o\000n}{}% 107
\BOOKMARK [1][-]{section.36}{\376\377\000E\000x\000p\000a\000n\000d\000e\000d\000\040\000s\000t\000a\000n\000d\000a\000l\000o\000n\000e\000\040\000c\000h\000e\000c\000k\000l\000i\000s\000t\000\040\000f\000o\000r\000\040\000M\000o\000d\000u\000l\000e\000\040\0003}{}% 108
\BOOKMARK [1][-]{section.37}{\376\377\000S\000u\000m\000m\000a\000r\000y}{}% 109
\BOOKMARK [1][-]{section.38}{\376\377\000R\000e\000f\000e\000r\000e\000n\000c\000e\000s}{}% 110
