\BOOKMARK [1][-]{Doc-Start}{\376\377\000S\000y\000m\000b\000o\000l\000s\000\040\000a\000n\000d\000\040\000a\000c\000r\000o\000n\000y\000m\000s\000\040\000u\000s\000e\000d\000\040\000i\000n\000\040\000t\000h\000i\000s\000\040\000d\000o\000c\000u\000m\000e\000n\000t}{}% 1
\BOOKMARK [1][-]{section.1}{\376\377\000W\000h\000a\000t\000\040\000M\000o\000d\000u\000l\000e\000\040\0006\000\040\000d\000i\000d\000\040\000b\000e\000f\000o\000r\000e\000\040\000s\000u\000p\000e\000r\000c\000o\000n\000d\000u\000c\000t\000i\000v\000i\000t\000y}{}% 2
\BOOKMARK [1][-]{section.2}{\376\377\000W\000h\000y\000\040\000s\000u\000p\000e\000r\000c\000o\000n\000d\000u\000c\000t\000i\000v\000i\000t\000y\000\040\000c\000h\000a\000n\000g\000e\000s\000\040\000t\000h\000e\000\040\000c\000o\000u\000p\000l\000i\000n\000g\000\040\000p\000r\000o\000b\000l\000e\000m}{}% 3
\BOOKMARK [2][-]{subsection.2.1}{\376\377\000M\000o\000d\000u\000l\000e\000\040\0002\000:\000\040\000e\000l\000e\000c\000t\000r\000o\000s\000t\000a\000t\000i\000c\000s\000\040\000b\000e\000c\000o\000m\000e\000s\000\040\000h\000y\000b\000r\000i\000d\000\040\000e\000l\000e\000c\000t\000r\000o\000s\000t\000a\000t\000i\000c\000s\000\040\000p\000l\000u\000s\000\040\000i\000s\000l\000a\000n\000d\000\040\000c\000h\000a\000r\000g\000e}{section.2}% 4
\BOOKMARK [2][-]{subsection.2.2}{\376\377\000M\000o\000d\000u\000l\000e\000\040\0003\000:\000\040\000d\000e\000f\000e\000c\000t\000s\000\040\000s\000p\000l\000i\000t\000\040\000i\000n\000t\000o\000\040\000s\000t\000r\000u\000c\000t\000u\000r\000a\000l\000\040\000d\000i\000s\000o\000r\000d\000e\000r\000,\000\040\000t\000r\000a\000p\000s\000,\000\040\000a\000n\000d\000\040\000T\000L\000S\000s}{section.2}% 5
\BOOKMARK [2][-]{subsection.2.3}{\376\377\000M\000o\000d\000u\000l\000e\000\040\0004\000:\000\040\000t\000h\000e\000r\000m\000a\000l\000\040\000t\000r\000a\000n\000s\000p\000o\000r\000t\000\040\000b\000e\000c\000o\000m\000e\000s\000\040\000p\000h\000o\000n\000o\000n\000\040\000a\000n\000d\000\040\000e\000x\000c\000i\000t\000a\000t\000i\000o\000n\000\040\000t\000r\000a\000n\000s\000p\000o\000r\000t}{section.2}% 6
\BOOKMARK [2][-]{subsection.2.4}{\376\377\000M\000o\000d\000u\000l\000e\000\040\0005\000:\000\040\000c\000a\000r\000r\000i\000e\000r\000\040\000r\000e\000s\000p\000o\000n\000s\000e\000\040\000b\000e\000c\000o\000m\000e\000s\000\040\000Q\000P\000/\000d\000e\000v\000i\000c\000e\000\040\000r\000e\000s\000p\000o\000n\000s\000e}{section.2}% 7
\BOOKMARK [1][-]{section.3}{\376\377\000T\000h\000e\000\040\000s\000u\000p\000e\000r\000c\000o\000n\000d\000u\000c\000t\000i\000n\000g\000\040\000M\000o\000d\000u\000l\000e\000\040\0006\000\040\000s\000t\000a\000t\000e\000\040\000v\000e\000c\000t\000o\000r}{}% 8
\BOOKMARK [2][-]{subsection.3.1}{\376\377\000S\000t\000a\000t\000e\000-\000v\000e\000c\000t\000o\000r\000\040\000h\000i\000e\000r\000a\000r\000c\000h\000y}{section.3}% 9
\BOOKMARK [1][-]{section.4}{\376\377\000C\000o\000u\000p\000l\000i\000n\000g\000\040\000g\000r\000a\000p\000h\000\040\000i\000n\000\040\000t\000h\000e\000\040\000s\000u\000p\000e\000r\000c\000o\000n\000d\000u\000c\000t\000i\000n\000g\000\040\000r\000e\000g\000i\000o\000n}{}% 10
\BOOKMARK [1][-]{section.5}{\376\377\000E\000v\000e\000n\000t\000\040\000p\000a\000r\000t\000i\000t\000i\000o\000n\000:\000\040\000t\000h\000e\000\040\000n\000e\000w\000\040\000f\000r\000o\000n\000t\000\040\000e\000n\000d\000\040\000o\000f\000\040\000M\000o\000d\000u\000l\000e\000\040\0006}{}% 11
\BOOKMARK [1][-]{section.6}{\376\377\000C\000o\000u\000p\000l\000e\000d\000\040\000r\000e\000s\000i\000d\000u\000a\000l\000\040\000f\000o\000r\000m\000u\000l\000a\000t\000i\000o\000n}{}% 12
\BOOKMARK [2][-]{subsection.6.1}{\376\377\000M\000o\000d\000u\000l\000e\000\040\0002\000\040\000r\000e\000s\000i\000d\000u\000a\000l\000\040\000i\000n\000s\000i\000d\000e\000\040\000M\000o\000d\000u\000l\000e\000\040\0006}{section.6}% 13
\BOOKMARK [2][-]{subsection.6.2}{\376\377\000M\000o\000d\000u\000l\000e\000\040\0003\000\040\000r\000e\000s\000i\000d\000u\000a\000l\000\040\000i\000n\000s\000i\000d\000e\000\040\000M\000o\000d\000u\000l\000e\000\040\0006}{section.6}% 14
\BOOKMARK [2][-]{subsection.6.3}{\376\377\000M\000o\000d\000u\000l\000e\000\040\0004\000\040\000r\000e\000s\000i\000d\000u\000a\000l\000\040\000i\000n\000s\000i\000d\000e\000\040\000M\000o\000d\000u\000l\000e\000\040\0006}{section.6}% 15
\BOOKMARK [2][-]{subsection.6.4}{\376\377\000M\000o\000d\000u\000l\000e\000\040\0005\000\040\000r\000e\000s\000i\000d\000u\000a\000l\000\040\000i\000n\000s\000i\000d\000e\000\040\000M\000o\000d\000u\000l\000e\000\040\0006}{section.6}% 16
\BOOKMARK [1][-]{section.7}{\376\377\000T\000i\000m\000e\000-\000s\000c\000a\000l\000e\000\040\000s\000e\000p\000a\000r\000a\000t\000i\000o\000n}{}% 17
\BOOKMARK [1][-]{section.8}{\376\377\000F\000i\000x\000e\000d\000-\000p\000o\000i\000n\000t\000\040\000i\000t\000e\000r\000a\000t\000i\000o\000n\000\040\000s\000t\000r\000a\000t\000e\000g\000y}{}% 18
\BOOKMARK [1][-]{section.9}{\376\377\000M\000o\000n\000o\000l\000i\000t\000h\000i\000c\000\040\000r\000e\000s\000i\000d\000u\000a\000l\000\040\000s\000t\000r\000a\000t\000e\000g\000y}{}% 19
\BOOKMARK [1][-]{section.10}{\376\377\000E\000n\000e\000r\000g\000y\000\040\000c\000o\000n\000s\000e\000r\000v\000a\000t\000i\000o\000n\000\040\000a\000c\000r\000o\000s\000s\000\040\000M\000o\000d\000u\000l\000e\000s\000\040\0004\000\040\000a\000n\000d\000\040\0005}{}% 20
\BOOKMARK [1][-]{section.11}{\376\377\000C\000h\000a\000r\000g\000e\000\040\000c\000o\000n\000s\000e\000r\000v\000a\000t\000i\000o\000n\000\040\000a\000n\000d\000\040\000o\000f\000f\000s\000e\000t\000-\000c\000h\000a\000r\000g\000e\000\040\000c\000o\000n\000s\000i\000s\000t\000e\000n\000c\000y}{}% 21
\BOOKMARK [1][-]{section.12}{\376\377\000M\000a\000t\000e\000r\000i\000a\000l\000-\000p\000a\000r\000a\000m\000e\000t\000e\000r\000\040\000c\000o\000u\000p\000l\000i\000n\000g\000\040\000c\000l\000o\000s\000u\000r\000e\000s}{}% 22
\BOOKMARK [1][-]{section.13}{\376\377\000B\000o\000u\000n\000d\000a\000r\000y\000\040\000a\000n\000d\000\040\000i\000n\000t\000e\000r\000f\000a\000c\000e\000\040\000c\000o\000u\000p\000l\000i\000n\000g}{}% 23
\BOOKMARK [2][-]{subsection.13.1}{\376\377\000E\000l\000e\000c\000t\000r\000o\000s\000t\000a\000t\000i\000c\000\040\000i\000n\000t\000e\000r\000f\000a\000c\000e\000s}{section.13}% 24
\BOOKMARK [2][-]{subsection.13.2}{\376\377\000T\000h\000e\000r\000m\000a\000l\000\040\000i\000n\000t\000e\000r\000f\000a\000c\000e\000s}{section.13}% 25
\BOOKMARK [2][-]{subsection.13.3}{\376\377\000Q\000P\000\040\000i\000n\000t\000e\000r\000f\000a\000c\000e\000s}{section.13}% 26
\BOOKMARK [1][-]{section.14}{\376\377\000R\000e\000c\000o\000m\000m\000e\000n\000d\000e\000d\000\040\000s\000u\000p\000e\000r\000c\000o\000n\000d\000u\000c\000t\000i\000n\000g\000\040\000M\000o\000d\000u\000l\000e\000\040\0006\000\040\000a\000l\000g\000o\000r\000i\000t\000h\000m}{}% 27
\BOOKMARK [2][-]{subsection.14.1}{\376\377\000P\000s\000e\000u\000d\000o\000c\000o\000d\000e}{section.14}% 28
\BOOKMARK [1][-]{section.15}{\376\377\000P\000I\000N\000N\000\040\000a\000n\000d\000\040\000c\000a\000u\000s\000a\000l\000-\000P\000I\000N\000N\000\040\000i\000m\000p\000l\000i\000c\000a\000t\000i\000o\000n\000s}{}% 29
\BOOKMARK [1][-]{section.16}{\376\377\000V\000e\000r\000i\000f\000i\000c\000a\000t\000i\000o\000n\000\040\000t\000e\000s\000t\000s\000\040\000f\000o\000r\000\040\000s\000u\000p\000e\000r\000c\000o\000n\000d\000u\000c\000t\000i\000n\000g\000\040\000M\000o\000d\000u\000l\000e\000\040\0006}{}% 30
\BOOKMARK [2][-]{subsection.16.1}{\376\377\000T\000e\000s\000t\000\040\0001\000:\000\040\000z\000e\000r\000o\000-\000r\000a\000d\000i\000a\000t\000i\000o\000n\000\040\000e\000q\000u\000i\000l\000i\000b\000r\000i\000u\000m}{section.16}% 31
\BOOKMARK [2][-]{subsection.16.2}{\376\377\000T\000e\000s\000t\000\040\0002\000:\000\040\000p\000u\000r\000e\000\040\000t\000r\000a\000p\000p\000e\000d\000-\000c\000h\000a\000r\000g\000e\000\040\000e\000v\000e\000n\000t}{section.16}% 32
\BOOKMARK [2][-]{subsection.16.3}{\376\377\000T\000e\000s\000t\000\040\0003\000:\000\040\000p\000u\000r\000e\000\040\000p\000h\000o\000n\000o\000n\000-\000o\000n\000l\000y\000\040\000e\000v\000e\000n\000t}{section.16}% 33
\BOOKMARK [2][-]{subsection.16.4}{\376\377\000T\000e\000s\000t\000\040\0004\000:\000\040\000e\000n\000e\000r\000g\000y\000-\000c\000o\000n\000s\000e\000r\000v\000a\000t\000i\000o\000n\000\040\000c\000h\000e\000c\000k}{section.16}% 34
\BOOKMARK [2][-]{subsection.16.5}{\376\377\000T\000e\000s\000t\000\040\0005\000:\000\040\000s\000p\000a\000t\000i\000a\000l\000\040\000f\000o\000o\000t\000p\000r\000i\000n\000t\000\040\000c\000h\000e\000c\000k}{section.16}% 35
\BOOKMARK [2][-]{subsection.16.6}{\376\377\000T\000e\000s\000t\000\040\0006\000:\000\040\000c\000o\000u\000p\000l\000i\000n\000g\000\040\000c\000o\000n\000v\000e\000r\000g\000e\000n\000c\000e\000\040\000c\000h\000e\000c\000k}{section.16}% 36
\BOOKMARK [1][-]{section.17}{\376\377\000S\000u\000g\000g\000e\000s\000t\000e\000d\000\040\000M\000A\000T\000L\000A\000B\000\040\000d\000a\000t\000a\000\040\000s\000t\000r\000u\000c\000t\000u\000r\000e\000s}{}% 37
\BOOKMARK [1][-]{section.18}{\376\377\000C\000o\000n\000n\000e\000c\000t\000i\000o\000n\000\040\000t\000o\000\040\000M\000o\000d\000u\000l\000e\000s\000\040\0007\000\040\000a\000n\000d\000\040\0008}{}% 38
\BOOKMARK [1][-]{section.19}{\376\377\000W\000h\000a\000t\000\040\000s\000h\000o\000u\000l\000d\000\040\000c\000h\000a\000n\000g\000e\000\040\000i\000n\000\040\000t\000h\000e\000\040\000p\000r\000o\000j\000e\000c\000t\000\040\000a\000r\000c\000h\000i\000t\000e\000c\000t\000u\000r\000e}{}% 39
\BOOKMARK [1][-]{section.20}{\376\377\000S\000u\000m\000m\000a\000r\000y}{}% 40
\BOOKMARK [1][-]{equation.20.1}{\376\377\000R\000e\000f\000e\000r\000e\000n\000c\000e\000s\000\040\000a\000n\000d\000\040\000s\000o\000u\000r\000c\000e\000\040\000a\000n\000c\000h\000o\000r\000s}{}% 41
