\BOOKMARK [1][-]{Doc-Start}{\376\377\000S\000y\000m\000b\000o\000l\000s\000\040\000a\000n\000d\000\040\000a\000c\000r\000o\000n\000y\000m\000s\000\040\000u\000s\000e\000d\000\040\000i\000n\000\040\000t\000h\000i\000s\000\040\000d\000o\000c\000u\000m\000e\000n\000t}{}% 1
\BOOKMARK [1][-]{section.1}{\376\377\000W\000h\000a\000t\000\040\000M\000o\000d\000u\000l\000e\000\040\0005\000\040\000i\000s\000\040\000s\000o\000l\000v\000i\000n\000g}{}% 2
\BOOKMARK [1][-]{section.2}{\376\377\000S\000i\000g\000n\000\040\000c\000o\000n\000v\000e\000n\000t\000i\000o\000n\000s\000:\000\040\000e\000l\000e\000c\000t\000r\000i\000c\000\040\000f\000i\000e\000l\000d\000,\000\040\000c\000a\000r\000r\000i\000e\000r\000\040\000m\000o\000t\000i\000o\000n\000,\000\040\000a\000n\000d\000\040\000c\000u\000r\000r\000e\000n\000t}{}% 3
\BOOKMARK [1][-]{section.3}{\376\377\000C\000a\000r\000r\000i\000e\000r\000\040\000c\000o\000n\000s\000e\000r\000v\000a\000t\000i\000o\000n\000\040\000f\000r\000o\000m\000\040\000p\000a\000r\000t\000i\000c\000l\000e\000\040\000b\000a\000l\000a\000n\000c\000e}{}% 4
\BOOKMARK [2][-]{subsection.3.1}{\376\377\000E\000l\000e\000c\000t\000r\000o\000n\000\040\000p\000a\000r\000t\000i\000c\000l\000e\000\040\000b\000a\000l\000a\000n\000c\000e}{section.3}% 5
\BOOKMARK [2][-]{subsection.3.2}{\376\377\000H\000o\000l\000e\000\040\000p\000a\000r\000t\000i\000c\000l\000e\000\040\000b\000a\000l\000a\000n\000c\000e}{section.3}% 6
\BOOKMARK [1][-]{section.4}{\376\377\000D\000e\000r\000i\000v\000i\000n\000g\000\040\000t\000h\000e\000\040\000d\000r\000i\000f\000t\000-\000d\000i\000f\000f\000u\000s\000i\000o\000n\000\040\000c\000u\000r\000r\000e\000n\000t\000\040\000d\000e\000n\000s\000i\000t\000i\000e\000s}{}% 7
\BOOKMARK [2][-]{subsection.4.1}{\376\377\000D\000r\000i\000f\000t\000\040\000c\000o\000n\000t\000r\000i\000b\000u\000t\000i\000o\000n}{section.4}% 8
\BOOKMARK [2][-]{subsection.4.2}{\376\377\000D\000i\000f\000f\000u\000s\000i\000o\000n\000\040\000c\000o\000n\000t\000r\000i\000b\000u\000t\000i\000o\000n}{section.4}% 9
\BOOKMARK [2][-]{subsection.4.3}{\376\377\000F\000i\000n\000a\000l\000\040\000d\000r\000i\000f\000t\000-\000d\000i\000f\000f\000u\000s\000i\000o\000n\000\040\000f\000o\000r\000m}{section.4}% 10
\BOOKMARK [2][-]{subsection.4.4}{\376\377\000E\000i\000n\000s\000t\000e\000i\000n\000\040\000r\000e\000l\000a\000t\000i\000o\000n}{section.4}% 11
\BOOKMARK [1][-]{section.5}{\376\377\000F\000u\000l\000l\000\040\000t\000w\000o\000-\000d\000i\000m\000e\000n\000s\000i\000o\000n\000a\000l\000\040\000M\000o\000d\000u\000l\000e\000\040\0005\000\040\000P\000D\000E\000\040\000s\000y\000s\000t\000e\000m}{}% 12
\BOOKMARK [1][-]{section.6}{\376\377\000H\000o\000w\000\040\000M\000o\000d\000u\000l\000e\000\040\0002\000\040\000e\000l\000e\000c\000t\000r\000o\000s\000t\000a\000t\000i\000c\000s\000\040\000c\000o\000u\000p\000l\000e\000s\000\040\000i\000n\000t\000o\000\040\000M\000o\000d\000u\000l\000e\000\040\0005}{}% 13
\BOOKMARK [1][-]{section.7}{\376\377\000D\000e\000f\000e\000c\000t\000s\000\040\000a\000s\000\040\000m\000o\000b\000i\000l\000i\000t\000y\000\040\000m\000o\000d\000i\000f\000i\000e\000r\000s}{}% 14
\BOOKMARK [2][-]{subsection.7.1}{\376\377\000M\000i\000c\000r\000o\000s\000c\000o\000p\000i\000c\000\040\000o\000r\000i\000g\000i\000n\000:\000\040\000m\000o\000m\000e\000n\000t\000u\000m\000\040\000r\000e\000l\000a\000x\000a\000t\000i\000o\000n}{section.7}% 15
\BOOKMARK [2][-]{subsection.7.2}{\376\377\000R\000e\000d\000u\000c\000e\000d\000\040\000m\000o\000b\000i\000l\000i\000t\000y\000\040\000c\000l\000o\000s\000u\000r\000e\000\040\000f\000o\000r\000\040\000t\000h\000i\000s\000\040\000p\000r\000o\000j\000e\000c\000t}{section.7}% 16
\BOOKMARK [1][-]{section.8}{\376\377\000D\000e\000f\000e\000c\000t\000s\000\040\000a\000s\000\040\000r\000e\000c\000o\000m\000b\000i\000n\000a\000t\000i\000o\000n\000\040\000c\000e\000n\000t\000e\000r\000s}{}% 17
\BOOKMARK [2][-]{subsection.8.1}{\376\377\000W\000h\000y\000\040\000t\000r\000a\000p\000-\000a\000s\000s\000i\000s\000t\000e\000d\000\040\000r\000e\000c\000o\000m\000b\000i\000n\000a\000t\000i\000o\000n\000\040\000m\000a\000t\000t\000e\000r\000s}{section.8}% 18
\BOOKMARK [2][-]{subsection.8.2}{\376\377\000S\000R\000H\000\040\000r\000e\000c\000o\000m\000b\000i\000n\000a\000t\000i\000o\000n\000\040\000r\000a\000t\000e}{section.8}% 19
\BOOKMARK [2][-]{subsection.8.3}{\376\377\000R\000a\000d\000i\000a\000t\000i\000o\000n\000-\000i\000n\000d\000u\000c\000e\000d\000\040\000d\000e\000f\000e\000c\000t\000s\000\040\000a\000s\000\040\000t\000r\000a\000p\000\040\000p\000o\000p\000u\000l\000a\000t\000i\000o\000n\000s}{section.8}% 20
\BOOKMARK [1][-]{section.9}{\376\377\000T\000o\000t\000a\000l\000\040\000g\000e\000n\000e\000r\000a\000t\000i\000o\000n\000\040\000a\000n\000d\000\040\000r\000e\000c\000o\000m\000b\000i\000n\000a\000t\000i\000o\000n\000\040\000t\000e\000r\000m\000s}{}% 21
\BOOKMARK [1][-]{section.10}{\376\377\000H\000o\000w\000\040\000M\000o\000d\000u\000l\000e\000\040\0001\000\040\000c\000a\000n\000\040\000s\000u\000p\000p\000l\000y\000\040\000c\000a\000r\000r\000i\000e\000r\000\040\000g\000e\000n\000e\000r\000a\000t\000i\000o\000n}{}% 22
\BOOKMARK [1][-]{section.11}{\376\377\000B\000o\000u\000n\000d\000a\000r\000y\000\040\000c\000o\000n\000d\000i\000t\000i\000o\000n\000s\000\040\000f\000o\000r\000\040\000t\000h\000e\000\040\000c\000a\000r\000r\000i\000e\000r\000\040\000e\000q\000u\000a\000t\000i\000o\000n\000s}{}% 23
\BOOKMARK [2][-]{subsection.11.1}{\376\377\000O\000h\000m\000i\000c\000\040\000c\000o\000n\000t\000a\000c\000t\000s}{section.11}% 24
\BOOKMARK [2][-]{subsection.11.2}{\376\377\000I\000n\000s\000u\000l\000a\000t\000i\000n\000g\000\040\000b\000o\000u\000n\000d\000a\000r\000i\000e\000s}{section.11}% 25
\BOOKMARK [2][-]{subsection.11.3}{\376\377\000S\000u\000r\000f\000a\000c\000e\000\040\000r\000e\000c\000o\000m\000b\000i\000n\000a\000t\000i\000o\000n}{section.11}% 26
\BOOKMARK [1][-]{section.12}{\376\377\000R\000e\000d\000u\000c\000e\000d\000\040\000f\000i\000r\000s\000t\000\040\000i\000m\000p\000l\000e\000m\000e\000n\000t\000a\000t\000i\000o\000n\000\040\000f\000o\000r\000\040\000R\000a\000d\000i\000a\000t\000i\000o\000n\000E\000f\000f\000e\000c\000t\000s\000\137\000p\000r\000o\000j\0002}{}% 27
\BOOKMARK [1][-]{section.13}{\376\377\000C\000o\000u\000p\000l\000i\000n\000g\000\040\000b\000a\000c\000k\000\040\000i\000n\000t\000o\000\040\000M\000o\000d\000u\000l\000e\000\040\0006}{}% 28
\BOOKMARK [1][-]{section.14}{\376\377\000P\000h\000y\000s\000i\000c\000a\000l\000\040\000i\000n\000t\000e\000r\000p\000r\000e\000t\000a\000t\000i\000o\000n\000\040\000f\000o\000r\000\040\000t\000h\000e\000\040\000M\000o\000d\000u\000l\000e\000\040\0005\000\040\000s\000l\000i\000d\000e}{}% 29
\BOOKMARK [1][-]{section.15}{\376\377\000S\000u\000m\000m\000a\000r\000y\000\040\000o\000f\000\040\000t\000h\000e\000\040\000M\000o\000d\000u\000l\000e\000\040\0005\000\040\000e\000q\000u\000a\000t\000i\000o\000n\000s}{}% 30
