\BOOKMARK [1][-]{Doc-Start}{\376\377\000S\000y\000m\000b\000o\000l\000s\000\040\000a\000n\000d\000\040\000a\000c\000r\000o\000n\000y\000m\000s\000\040\000u\000s\000e\000d\000\040\000i\000n\000\040\000t\000h\000i\000s\000\040\000d\000o\000c\000u\000m\000e\000n\000t}{}% 1
\BOOKMARK [1][-]{section.1}{\376\377\000W\000h\000a\000t\000\040\000p\000r\000o\000b\000l\000e\000m\000\040\000t\000h\000i\000s\000\040\000m\000o\000d\000u\000l\000e\000\040\000i\000s\000\040\000s\000o\000l\000v\000i\000n\000g}{}% 2
\BOOKMARK [1][-]{section.2}{\376\377\000H\000e\000a\000t\000\040\000c\000a\000r\000r\000i\000e\000r\000s\000\040\000a\000n\000d\000\040\000t\000h\000e\000\040\000m\000e\000a\000n\000i\000n\000g\000\040\000o\000f\000\040\000t\000e\000m\000p\000e\000r\000a\000t\000u\000r\000e}{}% 3
\BOOKMARK [2][-]{subsection.2.1}{\376\377\000H\000e\000a\000t\000\040\000i\000s\000\040\000c\000a\000r\000r\000i\000e\000d\000\040\000b\000y\000\040\000m\000i\000c\000r\000o\000s\000c\000o\000p\000i\000c\000\040\000e\000x\000c\000i\000t\000a\000t\000i\000o\000n\000s}{section.2}% 4
\BOOKMARK [2][-]{subsection.2.2}{\376\377\000T\000e\000m\000p\000e\000r\000a\000t\000u\000r\000e\000\040\000i\000s\000\040\000s\000i\000m\000p\000l\000e\000\040\000o\000n\000l\000y\000\040\000n\000e\000a\000r\000\040\000l\000o\000c\000a\000l\000\040\000e\000q\000u\000i\000l\000i\000b\000r\000i\000u\000m}{section.2}% 5
\BOOKMARK [1][-]{section.3}{\376\377\000M\000a\000c\000r\000o\000s\000c\000o\000p\000i\000c\000\040\000e\000n\000e\000r\000g\000y\000\040\000c\000o\000n\000s\000e\000r\000v\000a\000t\000i\000o\000n}{}% 6
\BOOKMARK [1][-]{section.4}{\376\377\000F\000o\000u\000r\000i\000e\000r\000\040\000c\000o\000n\000d\000u\000c\000t\000i\000o\000n\000\040\000a\000s\000\040\000a\000\040\000l\000o\000c\000a\000l\000\040\000c\000o\000n\000s\000t\000i\000t\000u\000t\000i\000v\000e\000\040\000m\000o\000d\000e\000l}{}% 7
\BOOKMARK [2][-]{subsection.4.1}{\376\377\000W\000h\000y\000\040\000t\000h\000e\000\040\000F\000o\000u\000r\000i\000e\000r\000\040\000h\000e\000a\000t\000\040\000e\000q\000u\000a\000t\000i\000o\000n\000\040\000h\000a\000s\000\040\000i\000n\000f\000i\000n\000i\000t\000e\000\040\000p\000r\000o\000p\000a\000g\000a\000t\000i\000o\000n\000\040\000s\000p\000e\000e\000d}{section.4}% 8
\BOOKMARK [1][-]{section.5}{\376\377\000T\000h\000e\000\040\000K\000n\000u\000d\000s\000e\000n\000\040\000n\000u\000m\000b\000e\000r\000\040\000a\000n\000d\000\040\000t\000r\000a\000n\000s\000p\000o\000r\000t\000\040\000r\000e\000g\000i\000m\000e\000s}{}% 9
\BOOKMARK [1][-]{section.6}{\376\377\000M\000i\000c\000r\000o\000s\000c\000o\000p\000i\000c\000\040\000s\000t\000a\000r\000t\000i\000n\000g\000\040\000p\000o\000i\000n\000t\000:\000\040\000d\000i\000s\000t\000r\000i\000b\000u\000t\000i\000o\000n\000\040\000f\000u\000n\000c\000t\000i\000o\000n}{}% 10
\BOOKMARK [1][-]{section.7}{\376\377\000D\000e\000r\000i\000v\000i\000n\000g\000\040\000t\000h\000e\000\040\000B\000o\000l\000t\000z\000m\000a\000n\000n\000\040\000t\000r\000a\000n\000s\000p\000o\000r\000t\000\040\000e\000q\000u\000a\000t\000i\000o\000n}{}% 11
\BOOKMARK [2][-]{subsection.7.1}{\376\377\000S\000t\000r\000e\000a\000m\000i\000n\000g\000\040\000w\000i\000t\000h\000o\000u\000t\000\040\000s\000c\000a\000t\000t\000e\000r\000i\000n\000g}{section.7}% 12
\BOOKMARK [2][-]{subsection.7.2}{\376\377\000A\000d\000d\000i\000n\000g\000\040\000s\000c\000a\000t\000t\000e\000r\000i\000n\000g}{section.7}% 13
\BOOKMARK [2][-]{subsection.7.3}{\376\377\000T\000e\000r\000m\000-\000b\000y\000-\000t\000e\000r\000m\000\040\000m\000e\000a\000n\000i\000n\000g}{section.7}% 14
\BOOKMARK [1][-]{section.8}{\376\377\000W\000h\000y\000\040\000a\000\040\000d\000i\000r\000e\000c\000t\000\040\000B\000o\000l\000t\000z\000m\000a\000n\000n\000\040\000s\000o\000l\000v\000e\000\040\000i\000s\000\040\000e\000x\000p\000e\000n\000s\000i\000v\000e}{}% 15
\BOOKMARK [1][-]{section.9}{\376\377\000I\000n\000t\000e\000n\000s\000i\000t\000y\000\040\000n\000o\000t\000a\000t\000i\000o\000n}{}% 16
\BOOKMARK [2][-]{subsection.9.1}{\376\377\000D\000e\000f\000i\000n\000i\000t\000i\000o\000n\000\040\000o\000f\000\040\000s\000p\000e\000c\000t\000r\000a\000l\000\040\000i\000n\000t\000e\000n\000s\000i\000t\000y}{section.9}% 17
\BOOKMARK [2][-]{subsection.9.2}{\376\377\000M\000o\000m\000e\000n\000t\000s\000\040\000o\000f\000\040\000i\000n\000t\000e\000n\000s\000i\000t\000y}{section.9}% 18
\BOOKMARK [1][-]{section.10}{\376\377\000R\000e\000c\000o\000v\000e\000r\000i\000n\000g\000\040\000F\000o\000u\000r\000i\000e\000r\000\040\000c\000o\000n\000d\000u\000c\000t\000i\000o\000n\000\040\000f\000r\000o\000m\000\040\000t\000h\000e\000\040\000B\000T\000E}{}% 19
\BOOKMARK [1][-]{section.11}{\376\377\000C\000a\000t\000t\000a\000n\000e\000o\000'\000s\000\040\000c\000o\000r\000r\000e\000c\000t\000i\000o\000n\000\040\000a\000n\000d\000\040\000i\000t\000s\000\040\000l\000i\000m\000i\000t\000a\000t\000i\000o\000n}{}% 20
\BOOKMARK [2][-]{subsection.11.1}{\376\377\000F\000l\000u\000x\000\040\000r\000e\000l\000a\000x\000a\000t\000i\000o\000n}{section.11}% 21
\BOOKMARK [2][-]{subsection.11.2}{\376\377\000W\000h\000y\000\040\000C\000a\000t\000t\000a\000n\000e\000o\000\040\000i\000s\000\040\000s\000t\000i\000l\000l\000\040\000n\000o\000t\000\040\000e\000n\000o\000u\000g\000h}{section.11}% 22
\BOOKMARK [1][-]{section.12}{\376\377\000B\000a\000l\000l\000i\000s\000t\000i\000c\000-\000d\000i\000f\000f\000u\000s\000i\000v\000e\000\040\000i\000d\000e\000a}{}% 23
\BOOKMARK [1][-]{section.13}{\376\377\000E\000q\000u\000a\000t\000i\000o\000n\000\040\000f\000o\000r\000\040\000t\000h\000e\000\040\000b\000a\000l\000l\000i\000s\000t\000i\000c\000\040\000c\000o\000m\000p\000o\000n\000e\000n\000t}{}% 24
\BOOKMARK [2][-]{subsection.13.1}{\376\377\000D\000e\000r\000i\000v\000a\000t\000i\000o\000n\000\040\000a\000l\000o\000n\000g\000\040\000a\000\040\000c\000h\000a\000r\000a\000c\000t\000e\000r\000i\000s\000t\000i\000c}{section.13}% 25
\BOOKMARK [2][-]{subsection.13.2}{\376\377\000R\000e\000t\000a\000r\000d\000e\000d\000\040\000b\000o\000u\000n\000d\000a\000r\000y\000\040\000t\000i\000m\000e}{section.13}% 26
\BOOKMARK [1][-]{section.14}{\376\377\000E\000q\000u\000a\000t\000i\000o\000n\000\040\000f\000o\000r\000\040\000t\000h\000e\000\040\000m\000e\000d\000i\000u\000m\000/\000s\000c\000a\000t\000t\000e\000r\000e\000d\000\040\000c\000o\000m\000p\000o\000n\000e\000n\000t}{}% 27
\BOOKMARK [1][-]{section.15}{\376\377\000P\0001\000\040\000a\000n\000g\000u\000l\000a\000r\000\040\000e\000x\000p\000a\000n\000s\000i\000o\000n\000\040\000f\000o\000r\000\040\000t\000h\000e\000\040\000m\000e\000d\000i\000u\000m\000\040\000c\000o\000m\000p\000o\000n\000e\000n\000t}{}% 28
\BOOKMARK [1][-]{section.16}{\376\377\000M\000o\000m\000e\000n\000t\000\040\000e\000q\000u\000a\000t\000i\000o\000n\000s\000\040\000f\000o\000r\000\040\000t\000h\000e\000\040\000m\000e\000d\000i\000u\000m\000\040\000c\000o\000m\000p\000o\000n\000e\000n\000t}{}% 29
\BOOKMARK [2][-]{subsection.16.1}{\376\377\000Z\000e\000r\000o\000t\000h\000\040\000a\000n\000g\000u\000l\000a\000r\000\040\000m\000o\000m\000e\000n\000t}{section.16}% 30
\BOOKMARK [2][-]{subsection.16.2}{\376\377\000F\000i\000r\000s\000t\000\040\000a\000n\000g\000u\000l\000a\000r\000\040\000m\000o\000m\000e\000n\000t}{section.16}% 31
\BOOKMARK [1][-]{section.17}{\376\377\000H\000e\000a\000t\000\040\000f\000l\000u\000x\000\040\000a\000n\000d\000\040\000i\000n\000t\000e\000r\000n\000a\000l\000\040\000e\000n\000e\000r\000g\000y\000\040\000s\000p\000l\000i\000t}{}% 32
\BOOKMARK [1][-]{section.18}{\376\377\000C\000o\000n\000s\000t\000i\000t\000u\000t\000i\000v\000e\000\040\000r\000e\000l\000a\000t\000i\000o\000n\000\040\000f\000o\000r\000\040\000t\000h\000e\000\040\000m\000e\000d\000i\000u\000m\000\040\000c\000o\000m\000p\000o\000n\000e\000n\000t}{}% 33
\BOOKMARK [1][-]{section.19}{\376\377\000E\000n\000e\000r\000g\000y\000\040\000e\000q\000u\000a\000t\000i\000o\000n\000\040\000f\000o\000r\000\040\000t\000h\000e\000\040\000m\000e\000d\000i\000u\000m\000\040\000c\000o\000m\000p\000o\000n\000e\000n\000t}{}% 34
\BOOKMARK [2][-]{subsection.19.1}{\376\377\000B\000a\000l\000l\000i\000s\000t\000i\000c\000\040\000m\000o\000m\000e\000n\000t\000\040\000r\000e\000l\000a\000t\000i\000o\000n}{section.19}% 35
\BOOKMARK [2][-]{subsection.19.2}{\376\377\000E\000l\000i\000m\000i\000n\000a\000t\000i\000n\000g\000\040\000t\000h\000e\000\040\000m\000e\000d\000i\000u\000m\000\040\000h\000e\000a\000t\000\040\000f\000l\000u\000x}{section.19}% 36
\BOOKMARK [1][-]{section.20}{\376\377\000E\000x\000p\000l\000i\000c\000i\000t\000\040\000b\000a\000l\000l\000i\000s\000t\000i\000c\000\040\000h\000e\000a\000t\000\040\000f\000l\000u\000x}{}% 37
\BOOKMARK [1][-]{section.21}{\376\377\000B\000o\000u\000n\000d\000a\000r\000y\000\040\000c\000o\000n\000d\000i\000t\000i\000o\000n\000\040\000f\000o\000r\000\040\000t\000h\000e\000\040\000m\000e\000d\000i\000u\000m\000\040\000c\000o\000m\000p\000o\000n\000e\000n\000t}{}% 38
\BOOKMARK [1][-]{section.22}{\376\377\000T\000e\000m\000p\000e\000r\000a\000t\000u\000r\000e\000\040\000c\000o\000n\000s\000i\000s\000t\000e\000n\000c\000y\000\040\000a\000t\000\040\000b\000o\000u\000n\000d\000a\000r\000i\000e\000s}{}% 39
\BOOKMARK [1][-]{section.23}{\376\377\000O\000n\000e\000-\000d\000i\000m\000e\000n\000s\000i\000o\000n\000a\000l\000\040\000t\000h\000i\000n\000-\000f\000i\000l\000m\000\040\000v\000a\000l\000i\000d\000a\000t\000i\000o\000n\000\040\000p\000r\000o\000b\000l\000e\000m}{}% 40
\BOOKMARK [2][-]{subsection.23.1}{\376\377\000W\000h\000y\000\040\000t\000h\000i\000s\000\040\000v\000a\000l\000i\000d\000a\000t\000i\000o\000n\000\040\000p\000r\000o\000b\000l\000e\000m\000\040\000i\000s\000\040\000t\000h\000e\000\040\000r\000i\000g\000h\000t\000\040\000f\000i\000r\000s\000t\000\040\000t\000e\000s\000t}{section.23}% 41
\BOOKMARK [2][-]{subsection.23.2}{\376\377\000S\000t\000a\000r\000t\000i\000n\000g\000\040\000f\000r\000o\000m\000\040\000t\000h\000e\000\040\000f\000u\000l\000l\000\040\000b\000a\000l\000l\000i\000s\000t\000i\000c\000-\000d\000i\000f\000f\000u\000s\000i\000v\000e\000\040\000e\000n\000e\000r\000g\000y\000\040\000e\000q\000u\000a\000t\000i\000o\000n}{section.23}% 42
\BOOKMARK [2][-]{subsection.23.3}{\376\377\000I\000n\000i\000t\000i\000a\000l\000\040\000a\000n\000d\000\040\000b\000o\000u\000n\000d\000a\000r\000y\000\040\000d\000a\000t\000a\000\040\000i\000n\000\040\000p\000h\000y\000s\000i\000c\000a\000l\000\040\000v\000a\000r\000i\000a\000b\000l\000e\000s}{section.23}% 43
\BOOKMARK [2][-]{subsection.23.4}{\376\377\000N\000o\000n\000d\000i\000m\000e\000n\000s\000i\000o\000n\000a\000l\000\040\000v\000a\000r\000i\000a\000b\000l\000e\000s}{section.23}% 44
\BOOKMARK [2][-]{subsection.23.5}{\376\377\000S\000t\000e\000p\000-\000b\000y\000-\000s\000t\000e\000p\000\040\000n\000o\000n\000d\000i\000m\000e\000n\000s\000i\000o\000n\000a\000l\000i\000z\000a\000t\000i\000o\000n\000\040\000o\000f\000\040\000t\000h\000e\000\040\000g\000o\000v\000e\000r\000n\000i\000n\000g\000\040\000e\000q\000u\000a\000t\000i\000o\000n}{section.23}% 45
\BOOKMARK [2][-]{subsection.23.6}{\376\377\000D\000i\000m\000e\000n\000s\000i\000o\000n\000l\000e\000s\000s\000\040\000i\000n\000i\000t\000i\000a\000l\000\040\000a\000n\000d\000\040\000b\000o\000u\000n\000d\000a\000r\000y\000\040\000c\000o\000n\000d\000i\000t\000i\000o\000n\000s}{section.23}% 46
\BOOKMARK [2][-]{subsection.23.7}{\376\377\000B\000a\000l\000l\000i\000s\000t\000i\000c\000\040\000i\000n\000t\000e\000n\000s\000i\000t\000y\000\040\000i\000n\000\040\000o\000n\000e\000\040\000d\000i\000m\000e\000n\000s\000i\000o\000n}{section.23}% 47
\BOOKMARK [2][-]{subsection.23.8}{\376\377\000F\000i\000n\000i\000t\000e\000\040\000a\000r\000r\000i\000v\000a\000l\000\040\000t\000i\000m\000e\000\040\000a\000n\000d\000\040\000t\000h\000e\000\040\000l\000o\000w\000e\000r\000\040\000a\000n\000g\000u\000l\000a\000r\000\040\000l\000i\000m\000i\000t}{section.23}% 48
\BOOKMARK [2][-]{subsection.23.9}{\376\377\000B\000a\000l\000l\000i\000s\000t\000i\000c\000\040\000f\000l\000u\000x\000\040\000c\000o\000n\000t\000r\000i\000b\000u\000t\000i\000o\000n\000\040\000f\000o\000r\000\040\000t\000h\000e\000\040\000s\000t\000e\000p\000-\000h\000e\000a\000t\000e\000d\000\040\000f\000i\000l\000m}{section.23}% 49
\BOOKMARK [2][-]{subsection.23.10}{\376\377\000B\000a\000l\000l\000i\000s\000t\000i\000c\000\040\000i\000n\000t\000e\000r\000n\000a\000l\000\040\000e\000n\000e\000r\000g\000y\000\040\000c\000o\000n\000t\000r\000i\000b\000u\000t\000i\000o\000n}{section.23}% 50
\BOOKMARK [2][-]{subsection.23.11}{\376\377\000E\000q\000u\000i\000l\000i\000b\000r\000i\000u\000m\000\040\000s\000u\000b\000t\000r\000a\000c\000t\000i\000o\000n\000\040\000a\000n\000d\000\040\000w\000h\000y\000\040\000i\000t\000\040\000i\000s\000\040\000n\000o\000t\000\040\000c\000o\000s\000m\000e\000t\000i\000c}{section.23}% 51
\BOOKMARK [2][-]{subsection.23.12}{\376\377\000W\000h\000a\000t\000\040\000s\000h\000o\000u\000l\000d\000\040\000b\000e\000\040\000p\000l\000o\000t\000t\000e\000d\000\040\000i\000n\000\040\000t\000h\000e\000\040\000M\000o\000d\000u\000l\000e\000\040\0001\000\040\000v\000a\000l\000i\000d\000a\000t\000i\000o\000n}{section.23}% 52
\BOOKMARK [1][-]{section.24}{\376\377\000D\000e\000d\000i\000c\000a\000t\000e\000d\000\040\000c\000o\000m\000p\000a\000r\000i\000s\000o\000n\000:\000\040\000w\000h\000y\000\040\000F\000o\000u\000r\000i\000e\000r\000\040\000a\000n\000d\000\040\000C\000a\000t\000t\000a\000n\000e\000o\000\040\000f\000a\000i\000l}{}% 53
\BOOKMARK [2][-]{subsection.24.1}{\376\377\000F\000a\000i\000l\000u\000r\000e\000\040\000m\000o\000d\000e\000\040\000o\000f\000\040\000F\000o\000u\000r\000i\000e\000r\000\040\000c\000o\000n\000d\000u\000c\000t\000i\000o\000n}{section.24}% 54
\BOOKMARK [2][-]{subsection.24.2}{\376\377\000F\000a\000i\000l\000u\000r\000e\000\040\000m\000o\000d\000e\000\040\000o\000f\000\040\000C\000a\000t\000t\000a\000n\000e\000o\000\040\000c\000o\000n\000d\000u\000c\000t\000i\000o\000n}{section.24}% 55
\BOOKMARK [2][-]{subsection.24.3}{\376\377\000W\000h\000y\000\040\000t\000h\000e\000\040\000b\000a\000l\000l\000i\000s\000t\000i\000c\000-\000d\000i\000f\000f\000u\000s\000i\000v\000e\000\040\000m\000o\000d\000e\000l\000\040\000i\000s\000\040\000b\000e\000t\000t\000e\000r}{section.24}% 56
\BOOKMARK [1][-]{section.25}{\376\377\000W\000e\000a\000k\000\040\000f\000o\000r\000m\000\040\000f\000o\000r\000\040\000F\000E\000M\000\040\000i\000m\000p\000l\000e\000m\000e\000n\000t\000a\000t\000i\000o\000n}{}% 57
\BOOKMARK [1][-]{section.26}{\376\377\000M\000a\000t\000r\000i\000x\000\040\000f\000o\000r\000m}{}% 58
\BOOKMARK [1][-]{section.27}{\376\377\000P\000r\000a\000c\000t\000i\000c\000a\000l\000\040\000i\000m\000p\000l\000e\000m\000e\000n\000t\000a\000t\000i\000o\000n\000\040\000s\000t\000r\000a\000t\000e\000g\000y\000\040\000f\000o\000r\000\040\000t\000h\000i\000s\000\040\000p\000r\000o\000j\000e\000c\000t}{}% 59
\BOOKMARK [1][-]{section.28}{\376\377\000H\000o\000w\000\040\000t\000h\000i\000s\000\040\000c\000o\000n\000n\000e\000c\000t\000s\000\040\000t\000o\000\040\000t\000h\000e\000\040\000s\000u\000p\000e\000r\000c\000o\000n\000d\000u\000c\000t\000i\000n\000g\000-\000q\000u\000b\000i\000t\000\040\000p\000r\000o\000j\000e\000c\000t}{}% 60
\BOOKMARK [1][-]{section.29}{\376\377\000A\000s\000s\000u\000m\000p\000t\000i\000o\000n\000s\000\040\000a\000n\000d\000\040\000l\000i\000m\000i\000t\000a\000t\000i\000o\000n\000s}{}% 61
\BOOKMARK [1][-]{section.30}{\376\377\000S\000u\000m\000m\000a\000r\000y\000\040\000o\000f\000\040\000t\000h\000e\000\040\000d\000e\000r\000i\000v\000a\000t\000i\000o\000n}{}% 62
\BOOKMARK [1][-]{section.31}{\376\377\000L\000e\000c\000t\000u\000r\000e\000-\000r\000e\000a\000d\000y\000\040\000s\000l\000i\000d\000e\000\040\000t\000r\000a\000n\000s\000l\000a\000t\000i\000o\000n\000\040\000f\000o\000r\000\040\000M\000o\000d\000u\000l\000e\000\040\0001}{}% 63
\BOOKMARK [1][-]{section.32}{\376\377\000M\000o\000d\000u\000l\000e\000\040\0001\000\040\000i\000m\000p\000l\000e\000m\000e\000n\000t\000a\000t\000i\000o\000n\000\040\000c\000h\000e\000c\000k\000l\000i\000s\000t}{}% 64
\BOOKMARK [1][-]{section.33}{\376\377\000M\000o\000d\000u\000l\000e\000\040\0004\000\040\000i\000n\000t\000e\000r\000p\000r\000e\000t\000a\000t\000i\000o\000n\000\040\000f\000o\000r\000\040\000R\000a\000d\000i\000a\000t\000i\000o\000n\000E\000f\000f\000e\000c\000t\000s\000\137\000p\000r\000o\000j\0002}{}% 65
\BOOKMARK [2][-]{subsection.33.1}{\376\377\000W\000h\000y\000\040\000t\000h\000e\000\040\0002\000D\000\040\000r\000e\000d\000u\000c\000t\000i\000o\000n\000\040\000i\000s\000\040\000t\000h\000e\000\040\000r\000i\000g\000h\000t\000\040\000n\000e\000x\000t\000\040\000s\000t\000e\000p}{section.33}% 66
\BOOKMARK [2][-]{subsection.33.2}{\376\377\0002\000D\000\040\000g\000o\000v\000e\000r\000n\000i\000n\000g\000\040\000e\000q\000u\000a\000t\000i\000o\000n\000\040\000u\000s\000e\000d\000\040\000a\000s\000\040\000t\000h\000e\000\040\000M\000o\000d\000u\000l\000e\000\040\0004\000\040\000t\000a\000r\000g\000e\000t}{section.33}% 67
\BOOKMARK [2][-]{subsection.33.3}{\376\377\000S\000o\000u\000r\000c\000e\000\040\000t\000e\000r\000m\000s\000\040\000i\000n\000\040\000t\000h\000e\000\040\000r\000a\000d\000i\000a\000t\000i\000o\000n\000-\000e\000f\000f\000e\000c\000t\000s\000\040\000s\000e\000t\000t\000i\000n\000g}{section.33}% 68
\BOOKMARK [2][-]{subsection.33.4}{\376\377\000H\000o\000w\000\040\000b\000a\000l\000l\000i\000s\000t\000i\000c\000\040\000t\000e\000r\000m\000s\000\040\000s\000h\000o\000u\000l\000d\000\040\000b\000e\000\040\000i\000n\000t\000e\000r\000p\000r\000e\000t\000e\000d\000\040\000i\000n\000\040\000t\000h\000i\000s\000\040\000p\000r\000o\000j\000e\000c\000t}{section.33}% 69
\BOOKMARK [2][-]{subsection.33.5}{\376\377\000C\000o\000u\000p\000l\000i\000n\000g\000\040\000t\000o\000\040\000M\000o\000d\000u\000l\000e\000\040\0003\000\040\000d\000e\000f\000e\000c\000t\000\040\000e\000v\000o\000l\000u\000t\000i\000o\000n}{section.33}% 70
\BOOKMARK [2][-]{subsection.33.6}{\376\377\000C\000o\000u\000p\000l\000i\000n\000g\000\040\000t\000o\000\040\000M\000o\000d\000u\000l\000e\000s\000\040\0005\000\040\000a\000n\000d\000\040\0006}{section.33}% 71
\BOOKMARK [2][-]{subsection.33.7}{\376\377\000V\000e\000r\000i\000f\000i\000c\000a\000t\000i\000o\000n\000\040\000l\000o\000g\000i\000c\000\040\000f\000o\000r\000\040\000t\000h\000e\000\040\000r\000e\000v\000i\000s\000e\000d\000\040\000M\000o\000d\000u\000l\000e\000\040\0004}{section.33}% 72
\BOOKMARK [2][-]{subsection.33.8}{\376\377\000S\000u\000m\000m\000a\000r\000y\000\040\000o\000f\000\040\000t\000h\000e\000\040\000r\000e\000v\000i\000s\000e\000d\000\040\000M\000o\000d\000u\000l\000e\000\040\0004\000\040\000r\000o\000l\000e}{section.33}% 73
\BOOKMARK [1][-]{section.34}{\376\377\000R\000e\000f\000e\000r\000e\000n\000c\000e\000s}{}% 74
