\BOOKMARK [1][-]{Doc-Start}{\376\377\000S\000y\000m\000b\000o\000l\000s\000\040\000a\000n\000d\000\040\000a\000c\000r\000o\000n\000y\000m\000s\000\040\000u\000s\000e\000d\000\040\000i\000n\000\040\000t\000h\000i\000s\000\040\000d\000o\000c\000u\000m\000e\000n\000t}{}% 1
\BOOKMARK [1][-]{section.1}{\376\377\000W\000h\000e\000r\000e\000\040\000t\000h\000i\000s\000\040\000n\000o\000t\000e\000\040\000f\000i\000t\000s\000\040\000i\000n\000\040\000t\000h\000e\000\040\000p\000r\000o\000j\000e\000c\000t}{}% 2
\BOOKMARK [2][-]{subsection.1.1}{\376\377\000T\000h\000e\000\040\000r\000e\000a\000l\000i\000s\000t\000i\000c\000\040\000g\000e\000o\000m\000e\000t\000r\000y\000:\000\040\000h\000y\000b\000r\000i\000d\000\040\000s\000u\000p\000e\000r\000c\000o\000n\000d\000u\000c\000t\000i\000n\000g\000\040\000d\000e\000v\000i\000c\000e}{section.1}% 3
\BOOKMARK [1][-]{section.2}{\376\377\000R\000e\000c\000a\000p\000:\000\040\000o\000r\000d\000i\000n\000a\000r\000y\000\040\000M\000o\000d\000u\000l\000e\000\040\0002\000\040\000P\000o\000i\000s\000s\000o\000n\000\040\000p\000h\000y\000s\000i\000c\000s}{}% 4
\BOOKMARK [1][-]{section.3}{\376\377\000W\000h\000a\000t\000\040\000a\000c\000t\000u\000a\000l\000l\000y\000\040\000c\000h\000a\000n\000g\000e\000s\000\040\000b\000e\000l\000o\000w\000\040\000t\000h\000e\000\040\000s\000u\000p\000e\000r\000c\000o\000n\000d\000u\000c\000t\000i\000n\000g\000\040\000t\000r\000a\000n\000s\000i\000t\000i\000o\000n}{}% 5
\BOOKMARK [2][-]{subsection.3.1}{\376\377\000S\000u\000p\000e\000r\000c\000o\000n\000d\000u\000c\000t\000i\000v\000i\000t\000y\000\040\000d\000o\000e\000s\000\040\000n\000o\000t\000\040\000r\000e\000p\000l\000a\000c\000e\000\040\000M\000a\000x\000w\000e\000l\000l\000'\000s\000\040\000e\000q\000u\000a\000t\000i\000o\000n\000s}{section.3}% 6
\BOOKMARK [2][-]{subsection.3.2}{\376\377\000T\000h\000r\000e\000e\000\040\000r\000e\000g\000i\000o\000n\000s\000\040\000m\000u\000s\000t\000\040\000b\000e\000\040\000s\000e\000p\000a\000r\000a\000t\000e\000d}{section.3}% 7
\BOOKMARK [1][-]{section.4}{\376\377\000E\000l\000e\000c\000t\000r\000o\000c\000h\000e\000m\000i\000c\000a\000l\000\040\000p\000o\000t\000e\000n\000t\000i\000a\000l\000\040\000a\000n\000d\000\040\000w\000h\000y\000\040\000s\000u\000p\000e\000r\000c\000o\000n\000d\000u\000c\000t\000o\000r\000s\000\040\000s\000c\000r\000e\000e\000n\000\040\000e\000l\000e\000c\000t\000r\000i\000c\000\040\000f\000i\000e\000l\000d\000s}{}% 8
\BOOKMARK [2][-]{subsection.4.1}{\376\377\000E\000l\000e\000c\000t\000r\000o\000s\000t\000a\000t\000i\000c\000\040\000p\000o\000t\000e\000n\000t\000i\000a\000l\000\040\000v\000e\000r\000s\000u\000s\000\040\000e\000l\000e\000c\000t\000r\000o\000c\000h\000e\000m\000i\000c\000a\000l\000\040\000p\000o\000t\000e\000n\000t\000i\000a\000l}{section.4}% 9
\BOOKMARK [2][-]{subsection.4.2}{\376\377\000L\000i\000n\000e\000a\000r\000\040\000s\000c\000r\000e\000e\000n\000i\000n\000g\000\040\000d\000e\000r\000i\000v\000a\000t\000i\000o\000n}{section.4}% 10
\BOOKMARK [2][-]{subsection.4.3}{\376\377\000E\000q\000u\000i\000p\000o\000t\000e\000n\000t\000i\000a\000l\000\040\000l\000i\000m\000i\000t}{section.4}% 11
\BOOKMARK [1][-]{section.5}{\376\377\000C\000o\000n\000d\000e\000n\000s\000a\000t\000e\000,\000\040\000q\000u\000a\000s\000i\000p\000a\000r\000t\000i\000c\000l\000e\000s\000,\000\040\000a\000n\000d\000\040\000c\000h\000a\000r\000g\000e\000\040\000d\000e\000n\000s\000i\000t\000y}{}% 12
\BOOKMARK [2][-]{subsection.5.1}{\376\377\000B\000C\000S\000\040\000p\000i\000c\000t\000u\000r\000e\000\040\000i\000n\000\040\000t\000h\000e\000\040\000m\000i\000n\000i\000m\000a\000l\000\040\000l\000a\000n\000g\000u\000a\000g\000e\000\040\000n\000e\000e\000d\000e\000d\000\040\000f\000o\000r\000\040\000M\000o\000d\000u\000l\000e\000\040\0002}{section.5}% 13
\BOOKMARK [2][-]{subsection.5.2}{\376\377\000E\000q\000u\000i\000l\000i\000b\000r\000i\000u\000m\000\040\000q\000u\000a\000s\000i\000p\000a\000r\000t\000i\000c\000l\000e\000\040\000d\000e\000n\000s\000i\000t\000y}{section.5}% 14
\BOOKMARK [2][-]{subsection.5.3}{\376\377\000Q\000u\000a\000s\000i\000p\000a\000r\000t\000i\000c\000l\000e\000\040\000c\000h\000a\000r\000g\000e\000\040\000i\000s\000\040\000n\000o\000t\000\040\000t\000h\000e\000\040\000s\000a\000m\000e\000\040\000a\000s\000\040\000o\000r\000d\000i\000n\000a\000r\000y\000\040\000s\000e\000m\000i\000c\000o\000n\000d\000u\000c\000t\000o\000r\000\040\000c\000h\000a\000r\000g\000e}{section.5}% 15
\BOOKMARK [1][-]{section.6}{\376\377\000G\000i\000n\000z\000b\000u\000r\000g\000-\000L\000a\000n\000d\000a\000u\000\040\000v\000i\000e\000w\000p\000o\000i\000n\000t\000\040\000a\000n\000d\000\040\000e\000l\000e\000c\000t\000r\000o\000m\000a\000g\000n\000e\000t\000i\000c\000\040\000v\000a\000r\000i\000a\000b\000l\000e\000s}{}% 16
\BOOKMARK [2][-]{subsection.6.1}{\376\377\000O\000r\000d\000e\000r\000\040\000p\000a\000r\000a\000m\000e\000t\000e\000r\000\040\000a\000n\000d\000\040\000f\000r\000e\000e\000\040\000e\000n\000e\000r\000g\000y}{section.6}% 17
\BOOKMARK [2][-]{subsection.6.2}{\376\377\000G\000a\000u\000g\000e\000-\000i\000n\000v\000a\000r\000i\000a\000n\000t\000\040\000p\000h\000a\000s\000e\000\040\000r\000e\000l\000a\000t\000i\000o\000n\000\040\000a\000n\000d\000\040\000v\000o\000l\000t\000a\000g\000e}{section.6}% 18
\BOOKMARK [1][-]{section.7}{\376\377\000R\000e\000f\000o\000r\000m\000u\000l\000a\000t\000i\000n\000g\000\040\000M\000o\000d\000u\000l\000e\000\040\0002\000\040\000f\000o\000r\000\040\000s\000u\000p\000e\000r\000c\000o\000n\000d\000u\000c\000t\000i\000n\000g\000\040\000g\000e\000o\000m\000e\000t\000r\000i\000e\000s}{}% 19
\BOOKMARK [2][-]{subsection.7.1}{\376\377\000D\000o\000m\000a\000i\000n\000\040\000d\000e\000c\000o\000m\000p\000o\000s\000i\000t\000i\000o\000n}{section.7}% 20
\BOOKMARK [2][-]{subsection.7.2}{\376\377\000M\000o\000d\000e\000l\000\040\000A\000:\000\040\000e\000q\000u\000i\000p\000o\000t\000e\000n\000t\000i\000a\000l\000\040\000s\000u\000p\000e\000r\000c\000o\000n\000d\000u\000c\000t\000i\000n\000g\000\040\000i\000s\000l\000a\000n\000d}{section.7}% 21
\BOOKMARK [2][-]{subsection.7.3}{\376\377\000M\000o\000d\000e\000l\000\040\000B\000:\000\040\000s\000c\000r\000e\000e\000n\000e\000d\000-\000P\000o\000i\000s\000s\000o\000n\000\040\000s\000u\000p\000e\000r\000c\000o\000n\000d\000u\000c\000t\000o\000r}{section.7}% 22
\BOOKMARK [1][-]{section.8}{\376\377\000I\000n\000t\000e\000r\000f\000a\000c\000e\000\040\000c\000o\000n\000d\000i\000t\000i\000o\000n\000s}{}% 23
\BOOKMARK [2][-]{subsection.8.1}{\376\377\000P\000o\000t\000e\000n\000t\000i\000a\000l\000\040\000c\000o\000n\000t\000i\000n\000u\000i\000t\000y}{section.8}% 24
\BOOKMARK [2][-]{subsection.8.2}{\376\377\000D\000i\000s\000p\000l\000a\000c\000e\000m\000e\000n\000t\000-\000f\000i\000e\000l\000d\000\040\000j\000u\000m\000p}{section.8}% 25
\BOOKMARK [2][-]{subsection.8.3}{\376\377\000T\000h\000i\000n\000-\000f\000i\000l\000m\000\040\000a\000n\000d\000\040\000s\000u\000r\000f\000a\000c\000e\000-\000c\000h\000a\000r\000g\000e\000\040\000i\000n\000t\000e\000r\000p\000r\000e\000t\000a\000t\000i\000o\000n}{section.8}% 26
\BOOKMARK [1][-]{section.9}{\376\377\000F\000l\000o\000a\000t\000i\000n\000g\000\040\000s\000u\000p\000e\000r\000c\000o\000n\000d\000u\000c\000t\000i\000n\000g\000\040\000i\000s\000l\000a\000n\000d\000s\000\040\000a\000n\000d\000\040\000c\000a\000p\000a\000c\000i\000t\000a\000n\000c\000e\000\040\000c\000o\000n\000s\000t\000r\000a\000i\000n\000t\000s}{}% 27
\BOOKMARK [2][-]{subsection.9.1}{\376\377\000F\000i\000x\000e\000d\000-\000p\000o\000t\000e\000n\000t\000i\000a\000l\000\040\000v\000e\000r\000s\000u\000s\000\040\000f\000l\000o\000a\000t\000i\000n\000g\000-\000p\000o\000t\000e\000n\000t\000i\000a\000l\000\040\000i\000s\000l\000a\000n\000d\000s}{section.9}% 28
\BOOKMARK [2][-]{subsection.9.2}{\376\377\000C\000a\000p\000a\000c\000i\000t\000a\000n\000c\000e\000\040\000m\000a\000t\000r\000i\000x\000\040\000f\000o\000r\000m}{section.9}% 29
\BOOKMARK [1][-]{section.10}{\376\377\000W\000e\000a\000k\000\040\000f\000o\000r\000m\000\040\000f\000o\000r\000\040\000t\000h\000e\000\040\000s\000u\000p\000e\000r\000c\000o\000n\000d\000u\000c\000t\000i\000n\000g\000\040\000M\000o\000d\000u\000l\000e\000\040\0002\000\040\000e\000q\000u\000a\000t\000i\000o\000n\000s}{}% 30
\BOOKMARK [2][-]{subsection.10.1}{\376\377\000O\000r\000d\000i\000n\000a\000r\000y\000\040\000d\000i\000e\000l\000e\000c\000t\000r\000i\000c\000\040\000P\000o\000i\000s\000s\000o\000n\000\040\000w\000e\000a\000k\000\040\000f\000o\000r\000m}{section.10}% 31
\BOOKMARK [2][-]{subsection.10.2}{\376\377\000S\000c\000r\000e\000e\000n\000e\000d\000-\000P\000o\000i\000s\000s\000o\000n\000\040\000w\000e\000a\000k\000\040\000f\000o\000r\000m}{section.10}% 32
\BOOKMARK [2][-]{subsection.10.3}{\376\377\000E\000q\000u\000i\000p\000o\000t\000e\000n\000t\000i\000a\000l\000\040\000i\000s\000l\000a\000n\000d\000\040\000a\000s\000\040\000a\000\040\000c\000o\000n\000s\000t\000r\000a\000i\000n\000e\000d\000\040\000F\000E\000M\000\040\000p\000r\000o\000b\000l\000e\000m}{section.10}% 33
\BOOKMARK [1][-]{section.11}{\376\377\000H\000o\000w\000\040\000r\000a\000d\000i\000a\000t\000i\000o\000n\000-\000i\000n\000d\000u\000c\000e\000d\000\040\000c\000h\000a\000r\000g\000e\000\040\000e\000n\000t\000e\000r\000s\000\040\000s\000u\000p\000e\000r\000c\000o\000n\000d\000u\000c\000t\000i\000n\000g\000\040\000e\000l\000e\000c\000t\000r\000o\000s\000t\000a\000t\000i\000c\000s}{}% 34
\BOOKMARK [2][-]{subsection.11.1}{\376\377\000T\000r\000a\000p\000p\000e\000d\000\040\000c\000h\000a\000r\000g\000e\000\040\000a\000n\000d\000\040\000o\000f\000f\000s\000e\000t\000\040\000c\000h\000a\000r\000g\000e}{section.11}% 35
\BOOKMARK [2][-]{subsection.11.2}{\376\377\000R\000a\000d\000i\000a\000t\000i\000o\000n\000-\000g\000e\000n\000e\000r\000a\000t\000e\000d\000\040\000q\000u\000a\000s\000i\000p\000a\000r\000t\000i\000c\000l\000e\000s}{section.11}% 36
\BOOKMARK [2][-]{subsection.11.3}{\376\377\000C\000h\000a\000r\000g\000e\000\040\000n\000o\000i\000s\000e\000\040\000a\000n\000d\000\040\000i\000n\000t\000e\000r\000f\000a\000c\000e\000\040\000d\000e\000f\000e\000c\000t\000s}{section.11}% 37
\BOOKMARK [1][-]{section.12}{\376\377\000C\000o\000m\000p\000a\000r\000i\000s\000o\000n\000\040\000w\000i\000t\000h\000\040\000t\000h\000e\000\040\000n\000o\000r\000m\000a\000l\000\040\000M\000o\000d\000u\000l\000e\000\040\0002\000\040\000s\000o\000u\000r\000c\000e\000\040\000m\000o\000d\000e\000l}{}% 38
\BOOKMARK [1][-]{section.13}{\376\377\000B\000o\000u\000n\000d\000a\000r\000y\000\040\000c\000o\000n\000d\000i\000t\000i\000o\000n\000s\000\040\000f\000o\000r\000\040\000J\000o\000s\000e\000p\000h\000s\000o\000n\000\040\000j\000u\000n\000c\000t\000i\000o\000n\000s\000\040\000a\000n\000d\000\040\000t\000u\000n\000n\000e\000l\000\040\000b\000a\000r\000r\000i\000e\000r\000s}{}% 39
\BOOKMARK [2][-]{subsection.13.1}{\376\377\000T\000u\000n\000n\000e\000l\000\040\000b\000a\000r\000r\000i\000e\000r\000\040\000a\000s\000\040\000a\000\040\000d\000i\000e\000l\000e\000c\000t\000r\000i\000c\000\040\000c\000a\000p\000a\000c\000i\000t\000o\000r}{section.13}% 40
\BOOKMARK [2][-]{subsection.13.2}{\376\377\000S\000t\000a\000t\000i\000c\000\040\000P\000o\000i\000s\000s\000o\000n\000\040\000c\000a\000n\000n\000o\000t\000\040\000r\000e\000p\000l\000a\000c\000e\000\040\000J\000o\000s\000e\000p\000h\000s\000o\000n\000\040\000d\000y\000n\000a\000m\000i\000c\000s}{section.13}% 41
\BOOKMARK [1][-]{section.14}{\376\377\000N\000o\000n\000d\000i\000m\000e\000n\000s\000i\000o\000n\000a\000l\000i\000z\000a\000t\000i\000o\000n\000\040\000a\000n\000d\000\040\000n\000u\000m\000e\000r\000i\000c\000a\000l\000\040\000s\000c\000a\000l\000e\000\040\000s\000e\000p\000a\000r\000a\000t\000i\000o\000n}{}% 42
\BOOKMARK [2][-]{subsection.14.1}{\376\377\000S\000t\000a\000n\000d\000a\000r\000d\000\040\000P\000o\000i\000s\000s\000o\000n\000\040\000s\000c\000a\000l\000i\000n\000g}{section.14}% 43
\BOOKMARK [2][-]{subsection.14.2}{\376\377\000S\000c\000r\000e\000e\000n\000e\000d\000-\000P\000o\000i\000s\000s\000o\000n\000\040\000s\000c\000a\000l\000i\000n\000g}{section.14}% 44
\BOOKMARK [1][-]{section.15}{\376\377\000R\000e\000c\000o\000m\000m\000e\000n\000d\000e\000d\000\040\000m\000o\000d\000e\000l\000i\000n\000g\000\040\000h\000i\000e\000r\000a\000r\000c\000h\000y\000\040\000f\000o\000r\000\040\000t\000h\000i\000s\000\040\000p\000r\000o\000j\000e\000c\000t}{}% 45
\BOOKMARK [2][-]{subsection.15.1}{\376\377\000L\000e\000v\000e\000l\000\040\0000\000:\000\040\000k\000e\000e\000p\000\040\000o\000r\000i\000g\000i\000n\000a\000l\000\040\000M\000o\000d\000u\000l\000e\000\040\0002\000\040\000f\000o\000r\000\040\000n\000o\000n\000-\000s\000u\000p\000e\000r\000c\000o\000n\000d\000u\000c\000t\000i\000n\000g\000\040\000s\000i\000l\000i\000c\000o\000n}{section.15}% 46
\BOOKMARK [2][-]{subsection.15.2}{\376\377\000L\000e\000v\000e\000l\000\040\0001\000:\000\040\000s\000u\000p\000e\000r\000c\000o\000n\000d\000u\000c\000t\000i\000n\000g\000\040\000i\000s\000l\000a\000n\000d\000s\000\040\000a\000s\000\040\000D\000i\000r\000i\000c\000h\000l\000e\000t\000/\000e\000q\000u\000i\000p\000o\000t\000e\000n\000t\000i\000a\000l\000\040\000c\000o\000n\000d\000u\000c\000t\000o\000r\000s}{section.15}% 47
\BOOKMARK [2][-]{subsection.15.3}{\376\377\000L\000e\000v\000e\000l\000\040\0002\000:\000\040\000f\000l\000o\000a\000t\000i\000n\000g\000\040\000i\000s\000l\000a\000n\000d\000s\000\040\000a\000n\000d\000\040\000o\000f\000f\000s\000e\000t\000\040\000c\000h\000a\000r\000g\000e}{section.15}% 48
\BOOKMARK [2][-]{subsection.15.4}{\376\377\000L\000e\000v\000e\000l\000\040\0003\000:\000\040\000s\000c\000r\000e\000e\000n\000e\000d\000-\000P\000o\000i\000s\000s\000o\000n\000\040\000s\000u\000p\000e\000r\000c\000o\000n\000d\000u\000c\000t\000i\000n\000g\000\040\000r\000e\000g\000i\000o\000n\000s}{section.15}% 49
\BOOKMARK [2][-]{subsection.15.5}{\376\377\000L\000e\000v\000e\000l\000\040\0004\000:\000\040\000d\000y\000n\000a\000m\000i\000c\000\040\000s\000u\000p\000e\000r\000c\000o\000n\000d\000u\000c\000t\000i\000n\000g\000\040\000e\000l\000e\000c\000t\000r\000o\000d\000y\000n\000a\000m\000i\000c\000s}{section.15}% 50
\BOOKMARK [1][-]{section.16}{\376\377\000I\000m\000p\000l\000e\000m\000e\000n\000t\000a\000t\000i\000o\000n\000\040\000c\000o\000n\000s\000e\000q\000u\000e\000n\000c\000e\000s\000\040\000f\000o\000r\000\040\000M\000A\000T\000L\000A\000B\000\040\000M\000o\000d\000u\000l\000e\000\040\0002}{}% 51
\BOOKMARK [2][-]{subsection.16.1}{\376\377\000D\000a\000t\000a\000\040\000s\000t\000r\000u\000c\000t\000u\000r\000e\000s}{section.16}% 52
\BOOKMARK [2][-]{subsection.16.2}{\376\377\000M\000a\000t\000r\000i\000x\000\040\000a\000s\000s\000e\000m\000b\000l\000y\000\040\000c\000h\000a\000n\000g\000e\000s}{section.16}% 53
\BOOKMARK [2][-]{subsection.16.3}{\376\377\000P\000o\000s\000t\000p\000r\000o\000c\000e\000s\000s\000i\000n\000g\000\040\000c\000h\000a\000n\000g\000e\000s}{section.16}% 54
\BOOKMARK [1][-]{section.17}{\376\377\000W\000h\000a\000t\000\040\000s\000h\000o\000u\000l\000d\000\040\000n\000o\000t\000\040\000b\000e\000\040\000o\000v\000e\000r\000c\000l\000a\000i\000m\000e\000d}{}% 55
\BOOKMARK [1][-]{section.18}{\376\377\000S\000u\000m\000m\000a\000r\000y\000\040\000o\000f\000\040\000t\000h\000e\000\040\000s\000u\000p\000e\000r\000c\000o\000n\000d\000u\000c\000t\000i\000n\000g\000\040\000M\000o\000d\000u\000l\000e\000\040\0002\000\040\000e\000q\000u\000a\000t\000i\000o\000n\000\040\000s\000e\000t}{}% 56
\BOOKMARK [1][-]{section.19}{\376\377\000C\000o\000n\000n\000e\000c\000t\000i\000o\000n\000\040\000t\000o\000\040\000l\000a\000t\000e\000r\000\040\000s\000u\000p\000e\000r\000c\000o\000n\000d\000u\000c\000t\000i\000n\000g\000\040\000n\000o\000t\000e\000s}{}% 57
\BOOKMARK [1][-]{section.20}{\376\377\000M\000i\000n\000i\000m\000a\000l\000\040\000e\000q\000u\000a\000t\000i\000o\000n\000s\000\040\000t\000o\000\040\000c\000a\000r\000r\000y\000\040\000i\000n\000t\000o\000\040\000c\000o\000d\000e}{}% 58
\BOOKMARK [1][-]{section.21}{\376\377\000D\000e\000r\000i\000v\000a\000t\000i\000o\000n\000\040\000o\000f\000\040\000o\000f\000f\000s\000e\000t\000-\000c\000h\000a\000r\000g\000e\000\040\000w\000e\000i\000g\000h\000t\000i\000n\000g\000\040\000p\000o\000t\000e\000n\000t\000i\000a\000l\000s}{}% 59
\BOOKMARK [2][-]{subsection.21.1}{\376\377\000W\000h\000y\000\040\000a\000\040\000t\000r\000a\000p\000p\000e\000d\000\040\000c\000h\000a\000r\000g\000e\000\040\000c\000a\000n\000\040\000b\000e\000\040\000c\000o\000n\000v\000e\000r\000t\000e\000d\000\040\000i\000n\000t\000o\000\040\000a\000n\000\040\000i\000s\000l\000a\000n\000d\000\040\000c\000h\000a\000r\000g\000e}{section.21}% 60
\BOOKMARK [2][-]{subsection.21.2}{\376\377\000G\000r\000e\000e\000n\000'\000s\000\040\000i\000d\000e\000n\000t\000i\000t\000y\000\040\000d\000e\000r\000i\000v\000a\000t\000i\000o\000n}{section.21}% 61
\BOOKMARK [1][-]{section.22}{\376\377\000V\000a\000r\000i\000a\000t\000i\000o\000n\000a\000l\000\040\000i\000n\000t\000e\000r\000p\000r\000e\000t\000a\000t\000i\000o\000n\000\040\000o\000f\000\040\000s\000c\000r\000e\000e\000n\000e\000d\000\040\000e\000l\000e\000c\000t\000r\000o\000s\000t\000a\000t\000i\000c\000s}{}% 62
\BOOKMARK [2][-]{subsection.22.1}{\376\377\000E\000n\000e\000r\000g\000y\000\040\000f\000u\000n\000c\000t\000i\000o\000n\000a\000l}{section.22}% 63
\BOOKMARK [2][-]{subsection.22.2}{\376\377\000E\000q\000u\000i\000p\000o\000t\000e\000n\000t\000i\000a\000l\000\040\000l\000i\000m\000i\000t\000\040\000f\000r\000o\000m\000\040\000t\000h\000e\000\040\000e\000n\000e\000r\000g\000y}{section.22}% 64
\BOOKMARK [1][-]{section.23}{\376\377\000O\000n\000e\000-\000d\000i\000m\000e\000n\000s\000i\000o\000n\000a\000l\000\040\000s\000c\000r\000e\000e\000n\000i\000n\000g\000\040\000e\000x\000a\000m\000p\000l\000e}{}% 65
\BOOKMARK [2][-]{subsection.23.1}{\376\377\000P\000o\000t\000e\000n\000t\000i\000a\000l\000\040\000d\000e\000c\000a\000y\000\040\000i\000n\000t\000o\000\040\000a\000\040\000s\000u\000p\000e\000r\000c\000o\000n\000d\000u\000c\000t\000i\000n\000g\000\040\000h\000a\000l\000f\000-\000s\000p\000a\000c\000e}{section.23}% 66
\BOOKMARK [2][-]{subsection.23.2}{\376\377\000N\000u\000m\000e\000r\000i\000c\000a\000l\000\040\000i\000m\000p\000l\000i\000c\000a\000t\000i\000o\000n}{section.23}% 67
\BOOKMARK [1][-]{section.24}{\376\377\000H\000o\000w\000\040\000M\000o\000d\000u\000l\000e\000\040\0002\000\040\000s\000u\000p\000e\000r\000c\000o\000n\000d\000u\000c\000t\000i\000v\000i\000t\000y\000\040\000c\000h\000a\000n\000g\000e\000s\000\040\000t\000h\000e\000\040\000P\000I\000N\000N\000/\000C\000P\000I\000N\000N\000\040\000i\000n\000t\000e\000r\000p\000r\000e\000t\000a\000t\000i\000o\000n}{}% 68
\BOOKMARK [1][-]{section.25}{\376\377\000V\000e\000r\000i\000f\000i\000c\000a\000t\000i\000o\000n\000\040\000t\000e\000s\000t\000s\000\040\000f\000o\000r\000\040\000a\000\040\000f\000u\000t\000u\000r\000e\000\040\000s\000u\000p\000e\000r\000c\000o\000n\000d\000u\000c\000t\000i\000n\000g\000\040\000M\000o\000d\000u\000l\000e\000\040\0002\000\040\000c\000o\000d\000e}{}% 69
\BOOKMARK [2][-]{subsection.25.1}{\376\377\000T\000e\000s\000t\000\040\0001\000:\000\040\000g\000r\000o\000u\000n\000d\000e\000d\000\040\000p\000l\000a\000n\000e\000\040\000a\000b\000o\000v\000e\000\040\000a\000\040\000p\000o\000i\000n\000t\000-\000l\000i\000k\000e\000\040\000t\000r\000a\000p\000p\000e\000d\000\040\000c\000h\000a\000r\000g\000e}{section.25}% 70
\BOOKMARK [2][-]{subsection.25.2}{\376\377\000T\000e\000s\000t\000\040\0002\000:\000\040\000p\000a\000r\000a\000l\000l\000e\000l\000-\000p\000l\000a\000t\000e\000\040\000c\000a\000p\000a\000c\000i\000t\000a\000n\000c\000e}{section.25}% 71
\BOOKMARK [2][-]{subsection.25.3}{\376\377\000T\000e\000s\000t\000\040\0003\000:\000\040\000f\000l\000o\000a\000t\000i\000n\000g\000\040\000i\000s\000l\000a\000n\000d\000\040\000c\000h\000a\000r\000g\000e\000\040\000n\000e\000u\000t\000r\000a\000l\000i\000t\000y}{section.25}% 72
\BOOKMARK [2][-]{subsection.25.4}{\376\377\000T\000e\000s\000t\000\040\0004\000:\000\040\000s\000c\000r\000e\000e\000n\000e\000d\000-\000P\000o\000i\000s\000s\000o\000n\000\040\000e\000x\000p\000o\000n\000e\000n\000t\000i\000a\000l\000\040\000d\000e\000c\000a\000y}{section.25}% 73
\BOOKMARK [2][-]{subsection.25.5}{\376\377\000T\000e\000s\000t\000\040\0005\000:\000\040\000o\000f\000f\000s\000e\000t\000-\000c\000h\000a\000r\000g\000e\000\040\000w\000e\000i\000g\000h\000t\000i\000n\000g\000\040\000p\000o\000t\000e\000n\000t\000i\000a\000l}{section.25}% 74
