\BOOKMARK [1][-]{Doc-Start}{\376\377\000S\000y\000m\000b\000o\000l\000s\000\040\000a\000n\000d\000\040\000a\000c\000r\000o\000n\000y\000m\000s\000\040\000u\000s\000e\000d\000\040\000i\000n\000\040\000t\000h\000i\000s\000\040\000d\000o\000c\000u\000m\000e\000n\000t}{}% 1
\BOOKMARK [1][-]{section.1}{\376\377\000P\000u\000r\000p\000o\000s\000e\000\040\000o\000f\000\040\000M\000o\000d\000u\000l\000e\000\040\0002\000\040\000a\000n\000d\000\040\000i\000t\000s\000\040\000r\000o\000l\000e\000\040\000i\000n\000\040\000t\000h\000e\000\040\000p\000r\000o\000j\000e\000c\000t}{}% 2
\BOOKMARK [1][-]{section.2}{\376\377\000S\000t\000a\000r\000t\000i\000n\000g\000\040\000p\000o\000i\000n\000t\000:\000\040\000e\000l\000e\000c\000t\000r\000o\000s\000t\000a\000t\000i\000c\000s\000\040\000f\000r\000o\000m\000\040\000M\000a\000x\000w\000e\000l\000l\000'\000s\000\040\000e\000q\000u\000a\000t\000i\000o\000n\000s}{}% 3
\BOOKMARK [2][-]{subsection.2.1}{\376\377\000G\000a\000u\000s\000s\000'\000s\000\040\000l\000a\000w\000\040\000i\000n\000\040\000m\000a\000t\000t\000e\000r}{section.2}% 4
\BOOKMARK [2][-]{subsection.2.2}{\376\377\000E\000l\000e\000c\000t\000r\000o\000s\000t\000a\000t\000i\000c\000\040\000l\000i\000m\000i\000t}{section.2}% 5
\BOOKMARK [2][-]{subsection.2.3}{\376\377\000W\000h\000y\000\040\000P\000o\000i\000s\000s\000o\000n\000'\000s\000\040\000e\000q\000u\000a\000t\000i\000o\000n\000\040\000i\000s\000\040\000t\000h\000e\000\040\000r\000i\000g\000h\000t\000\040\000e\000q\000u\000a\000t\000i\000o\000n\000\040\000h\000e\000r\000e}{section.2}% 6
\BOOKMARK [1][-]{section.3}{\376\377\000B\000u\000i\000l\000d\000i\000n\000g\000\040\000t\000h\000e\000\040\000s\000e\000m\000i\000c\000o\000n\000d\000u\000c\000t\000o\000r\000\040\000s\000p\000a\000c\000e\000-\000c\000h\000a\000r\000g\000e\000\040\000d\000e\000n\000s\000i\000t\000y}{}% 7
\BOOKMARK [2][-]{subsection.3.1}{\376\377\000C\000h\000a\000r\000g\000e\000\040\000c\000o\000n\000t\000r\000i\000b\000u\000t\000i\000o\000n\000s\000\040\000i\000n\000\040\000a\000\040\000s\000e\000m\000i\000c\000o\000n\000d\000u\000c\000t\000o\000r}{section.3}% 8
\BOOKMARK [2][-]{subsection.3.2}{\376\377\000P\000h\000y\000s\000i\000c\000a\000l\000\040\000i\000n\000t\000e\000r\000p\000r\000e\000t\000a\000t\000i\000o\000n\000\040\000o\000f\000\040\000e\000a\000c\000h\000\040\000c\000o\000n\000t\000r\000i\000b\000u\000t\000i\000o\000n}{section.3}% 9
\BOOKMARK [1][-]{section.4}{\376\377\000H\000o\000w\000\040\000d\000e\000f\000e\000c\000t\000\040\000p\000o\000p\000u\000l\000a\000t\000i\000o\000n\000s\000\040\000e\000n\000t\000e\000r\000\040\000t\000h\000e\000\040\000e\000l\000e\000c\000t\000r\000o\000s\000t\000a\000t\000i\000c\000\040\000p\000r\000o\000b\000l\000e\000m}{}% 10
\BOOKMARK [2][-]{subsection.4.1}{\376\377\000D\000e\000f\000e\000c\000t\000\040\000s\000p\000e\000c\000i\000e\000s\000\040\000a\000n\000d\000\040\000c\000h\000a\000r\000g\000e\000\040\000s\000t\000a\000t\000e\000s}{section.4}% 11
\BOOKMARK [3][-]{subsubsection.4.1.1}{\376\377\000W\000h\000y\000\040\000a\000\040\000v\000a\000c\000a\000n\000c\000y\000\040\000i\000s\000\040\000n\000o\000t\000\040\000a\000u\000t\000o\000m\000a\000t\000i\000c\000a\000l\000l\000y\000\040\000a\000\040\000p\000o\000s\000i\000t\000i\000v\000e\000\040\000c\000h\000a\000r\000g\000e}{subsection.4.1}% 12
\BOOKMARK [2][-]{subsection.4.2}{\376\377\000S\000i\000n\000g\000l\000e\000-\000s\000p\000e\000c\000i\000e\000s\000\040\000r\000e\000d\000u\000c\000e\000d\000\040\000f\000o\000r\000m}{section.4}% 13
\BOOKMARK [1][-]{section.5}{\376\377\000D\000e\000r\000i\000v\000a\000t\000i\000o\000n\000\040\000o\000f\000\040\000t\000h\000e\000\040\000p\000r\000o\000j\000e\000c\000t\000\040\000P\000o\000i\000s\000s\000o\000n\000\040\000e\000q\000u\000a\000t\000i\000o\000n}{}% 14
\BOOKMARK [1][-]{section.6}{\376\377\000R\000e\000d\000u\000c\000t\000i\000o\000n\000\040\000t\000o\000\040\000t\000h\000e\000\040\000t\000w\000o\000-\000d\000i\000m\000e\000n\000s\000i\000o\000n\000a\000l\000\040\000p\000r\000o\000j\000e\000c\000t\000\040\000g\000e\000o\000m\000e\000t\000r\000y}{}% 15
\BOOKMARK [2][-]{subsection.6.1}{\376\377\000W\000h\000y\000\040\000a\000\040\000t\000w\000o\000-\000d\000i\000m\000e\000n\000s\000i\000o\000n\000a\000l\000\040\000m\000o\000d\000e\000l}{section.6}% 16
\BOOKMARK [2][-]{subsection.6.2}{\376\377\000C\000a\000r\000t\000e\000s\000i\000a\000n\000\040\000r\000e\000d\000u\000c\000t\000i\000o\000n}{section.6}% 17
\BOOKMARK [1][-]{section.7}{\376\377\000U\000s\000e\000f\000u\000l\000\040\000l\000i\000m\000i\000t\000i\000n\000g\000\040\000c\000a\000s\000e\000s\000\040\000a\000n\000d\000\040\000p\000h\000y\000s\000i\000c\000a\000l\000\040\000i\000n\000t\000u\000i\000t\000i\000o\000n}{}% 18
\BOOKMARK [2][-]{subsection.7.1}{\376\377\000C\000h\000a\000r\000g\000e\000-\000n\000e\000u\000t\000r\000a\000l\000\040\000r\000e\000g\000i\000o\000n}{section.7}% 19
\BOOKMARK [2][-]{subsection.7.2}{\376\377\000U\000n\000i\000f\000o\000r\000m\000\040\000f\000i\000x\000e\000d\000\040\000s\000p\000a\000c\000e\000\040\000c\000h\000a\000r\000g\000e}{section.7}% 20
\BOOKMARK [2][-]{subsection.7.3}{\376\377\000E\000f\000f\000e\000c\000t\000\040\000o\000f\000\040\000p\000o\000s\000i\000t\000i\000v\000e\000\040\000a\000n\000d\000\040\000n\000e\000g\000a\000t\000i\000v\000e\000\040\000d\000e\000f\000e\000c\000t\000\040\000c\000h\000a\000r\000g\000e}{section.7}% 21
\BOOKMARK [1][-]{section.8}{\376\377\000B\000o\000u\000n\000d\000a\000r\000y\000\040\000c\000o\000n\000d\000i\000t\000i\000o\000n\000s\000\040\000a\000n\000d\000\040\000t\000h\000e\000i\000r\000\040\000p\000h\000y\000s\000i\000c\000a\000l\000\040\000m\000e\000a\000n\000i\000n\000g}{}% 22
\BOOKMARK [2][-]{subsection.8.1}{\376\377\000D\000i\000r\000i\000c\000h\000l\000e\000t\000\040\000b\000o\000u\000n\000d\000a\000r\000y\000\040\000c\000o\000n\000d\000i\000t\000i\000o\000n}{section.8}% 23
\BOOKMARK [2][-]{subsection.8.2}{\376\377\000N\000e\000u\000m\000a\000n\000n\000\040\000b\000o\000u\000n\000d\000a\000r\000y\000\040\000c\000o\000n\000d\000i\000t\000i\000o\000n}{section.8}% 24
\BOOKMARK [2][-]{subsection.8.3}{\376\377\000M\000i\000x\000e\000d\000\040\000p\000h\000y\000s\000i\000c\000a\000l\000\040\000p\000i\000c\000t\000u\000r\000e}{section.8}% 25
\BOOKMARK [1][-]{section.9}{\376\377\000S\000c\000a\000l\000i\000n\000g\000\040\000a\000r\000g\000u\000m\000e\000n\000t\000s\000\040\000a\000n\000d\000\040\000c\000h\000a\000r\000a\000c\000t\000e\000r\000i\000s\000t\000i\000c\000\040\000m\000a\000g\000n\000i\000t\000u\000d\000e\000s}{}% 26
\BOOKMARK [1][-]{section.10}{\376\377\000H\000o\000w\000\040\000M\000o\000d\000u\000l\000e\000\040\0002\000\040\000c\000o\000u\000p\000l\000e\000s\000\040\000t\000o\000\040\000t\000h\000e\000\040\000r\000e\000s\000t\000\040\000o\000f\000\040\000t\000h\000e\000\040\000p\000r\000o\000j\000e\000c\000t}{}% 27
\BOOKMARK [2][-]{subsection.10.1}{\376\377\000I\000n\000p\000u\000t\000\040\000f\000r\000o\000m\000\040\000M\000o\000d\000u\000l\000e\000\040\0003}{section.10}% 28
\BOOKMARK [2][-]{subsection.10.2}{\376\377\000I\000n\000p\000u\000t\000\040\000f\000r\000o\000m\000\040\000M\000o\000d\000u\000l\000e\000\040\0004}{section.10}% 29
\BOOKMARK [2][-]{subsection.10.3}{\376\377\000O\000u\000t\000p\000u\000t\000\040\000t\000o\000\040\000M\000o\000d\000u\000l\000e\000\040\0005}{section.10}% 30
\BOOKMARK [1][-]{section.11}{\376\377\000F\000i\000n\000i\000t\000e\000-\000e\000l\000e\000m\000e\000n\000t\000\040\000f\000o\000r\000m\000u\000l\000a\000t\000i\000o\000n\000\040\000u\000s\000e\000d\000\040\000b\000y\000\040\000t\000h\000e\000\040\000M\000A\000T\000L\000A\000B\000\040\000i\000m\000p\000l\000e\000m\000e\000n\000t\000a\000t\000i\000o\000n}{}% 31
\BOOKMARK [2][-]{subsection.11.1}{\376\377\000S\000t\000r\000o\000n\000g\000\040\000f\000o\000r\000m\000,\000\040\000d\000o\000m\000a\000i\000n\000,\000\040\000a\000n\000d\000\040\000b\000o\000u\000n\000d\000a\000r\000y\000\040\000s\000p\000l\000i\000t}{section.11}% 32
\BOOKMARK [2][-]{subsection.11.2}{\376\377\000W\000h\000y\000\040\000t\000h\000e\000\040\000w\000e\000a\000k\000\040\000f\000o\000r\000m\000\040\000i\000s\000\040\000n\000e\000e\000d\000e\000d}{section.11}% 33
\BOOKMARK [2][-]{subsection.11.3}{\376\377\000D\000e\000t\000a\000i\000l\000e\000d\000\040\000d\000e\000r\000i\000v\000a\000t\000i\000o\000n\000\040\000f\000r\000o\000m\000\040\000w\000e\000a\000k\000\040\000f\000o\000r\000m\000\040\000t\000o\000\040\000m\000a\000t\000r\000i\000x\000\040\000f\000o\000r\000m}{section.11}% 34
\BOOKMARK [3][-]{subsubsection.11.3.1}{\376\377\000G\000l\000o\000b\000a\000l\000\040\000f\000i\000n\000i\000t\000e\000-\000e\000l\000e\000m\000e\000n\000t\000\040\000a\000p\000p\000r\000o\000x\000i\000m\000a\000t\000i\000o\000n}{subsection.11.3}% 35
\BOOKMARK [3][-]{subsubsection.11.3.2}{\376\377\000G\000a\000l\000e\000r\000k\000i\000n\000\040\000c\000h\000o\000i\000c\000e\000\040\000o\000f\000\040\000t\000h\000e\000\040\000t\000e\000s\000t\000\040\000f\000u\000n\000c\000t\000i\000o\000n}{subsection.11.3}% 36
\BOOKMARK [3][-]{subsubsection.11.3.3}{\376\377\000D\000e\000f\000i\000n\000i\000t\000i\000o\000n\000\040\000o\000f\000\040\000t\000h\000e\000\040\000g\000l\000o\000b\000a\000l\000\040\000m\000a\000t\000r\000i\000x\000\040\000a\000n\000d\000\040\000s\000o\000u\000r\000c\000e\000\040\000v\000e\000c\000t\000o\000r}{subsection.11.3}% 37
\BOOKMARK [3][-]{subsubsection.11.3.4}{\376\377\000E\000l\000e\000m\000e\000n\000t\000-\000l\000e\000v\000e\000l\000\040\000f\000o\000r\000m\000\040\000a\000n\000d\000\040\000a\000s\000s\000e\000m\000b\000l\000y}{subsection.11.3}% 38
\BOOKMARK [3][-]{subsubsection.11.3.5}{\376\377\000D\000i\000r\000i\000c\000h\000l\000e\000t\000\040\000c\000o\000n\000t\000a\000c\000t\000\040\000p\000o\000t\000e\000n\000t\000i\000a\000l\000s}{subsection.11.3}% 39
\BOOKMARK [3][-]{subsubsection.11.3.6}{\376\377\000P\000h\000y\000s\000i\000c\000a\000l\000\040\000i\000n\000t\000e\000r\000p\000r\000e\000t\000a\000t\000i\000o\000n\000\040\000o\000f\000\040\000t\000h\000e\000\040\000m\000a\000t\000r\000i\000x\000\040\000e\000q\000u\000a\000t\000i\000o\000n}{subsection.11.3}% 40
\BOOKMARK [2][-]{subsection.11.4}{\376\377\000T\000r\000i\000a\000n\000g\000u\000l\000a\000r\000\040\000m\000e\000s\000h\000\040\000a\000n\000d\000\040\000n\000o\000d\000a\000l\000\040\000d\000e\000g\000r\000e\000e\000s\000\040\000o\000f\000\040\000f\000r\000e\000e\000d\000o\000m}{section.11}% 41
\BOOKMARK [2][-]{subsection.11.5}{\376\377\000L\000i\000n\000e\000a\000r\000\040\000t\000r\000i\000a\000n\000g\000u\000l\000a\000r\000\040\000s\000h\000a\000p\000e\000\040\000f\000u\000n\000c\000t\000i\000o\000n\000s}{section.11}% 42
\BOOKMARK [2][-]{subsection.11.6}{\376\377\000E\000l\000e\000m\000e\000n\000t\000\040\000s\000t\000i\000f\000f\000n\000e\000s\000s\000\040\000m\000a\000t\000r\000i\000x}{section.11}% 43
\BOOKMARK [2][-]{subsection.11.7}{\376\377\000E\000l\000e\000m\000e\000n\000t\000\040\000s\000o\000u\000r\000c\000e\000\040\000v\000e\000c\000t\000o\000r\000\040\000f\000r\000o\000m\000\040\000s\000p\000a\000c\000e\000\040\000c\000h\000a\000r\000g\000e}{section.11}% 44
\BOOKMARK [2][-]{subsection.11.8}{\376\377\000G\000l\000o\000b\000a\000l\000\040\000a\000s\000s\000e\000m\000b\000l\000y}{section.11}% 45
\BOOKMARK [2][-]{subsection.11.9}{\376\377\000B\000o\000u\000n\000d\000a\000r\000y\000-\000c\000o\000n\000d\000i\000t\000i\000o\000n\000\040\000i\000n\000s\000e\000r\000t\000i\000o\000n}{section.11}% 46
\BOOKMARK [2][-]{subsection.11.10}{\376\377\000E\000l\000e\000c\000t\000r\000i\000c\000-\000f\000i\000e\000l\000d\000\040\000p\000o\000s\000t\000p\000r\000o\000c\000e\000s\000s\000i\000n\000g}{section.11}% 47
\BOOKMARK [2][-]{subsection.11.11}{\376\377\000M\000A\000T\000L\000A\000B\000\040\000i\000m\000p\000l\000e\000m\000e\000n\000t\000a\000t\000i\000o\000n\000\040\000m\000a\000p}{section.11}% 48
\BOOKMARK [2][-]{subsection.11.12}{\376\377\000W\000h\000a\000t\000\040\000a\000n\000\040\000i\000n\000t\000e\000r\000v\000i\000e\000w\000e\000r\000\040\000m\000a\000y\000\040\000a\000s\000k\000\040\000a\000b\000o\000u\000t\000\040\000t\000h\000e\000\040\000F\000E\000M\000\040\000s\000i\000d\000e}{section.11}% 49
\BOOKMARK [1][-]{section.12}{\376\377\000V\000e\000r\000i\000f\000i\000c\000a\000t\000i\000o\000n\000\040\000l\000o\000g\000i\000c\000\040\000f\000o\000r\000\040\000M\000o\000d\000u\000l\000e\000\040\0002}{}% 50
\BOOKMARK [2][-]{subsection.12.1}{\376\377\000U\000n\000i\000f\000o\000r\000m\000\040\000z\000e\000r\000o\000-\000c\000h\000a\000r\000g\000e\000\040\000t\000e\000s\000t}{section.12}% 51
\BOOKMARK [2][-]{subsection.12.2}{\376\377\000L\000i\000n\000e\000a\000r\000-\000p\000o\000t\000e\000n\000t\000i\000a\000l\000\040\000t\000e\000s\000t}{section.12}% 52
\BOOKMARK [2][-]{subsection.12.3}{\376\377\000U\000n\000i\000f\000o\000r\000m\000\040\000s\000p\000a\000c\000e\000-\000c\000h\000a\000r\000g\000e\000\040\000t\000e\000s\000t}{section.12}% 53
\BOOKMARK [2][-]{subsection.12.4}{\376\377\000D\000e\000f\000e\000c\000t\000-\000c\000h\000a\000r\000g\000e\000\040\000p\000e\000r\000t\000u\000r\000b\000a\000t\000i\000o\000n\000\040\000t\000e\000s\000t}{section.12}% 54
\BOOKMARK [1][-]{section.13}{\376\377\000W\000h\000a\000t\000\040\000t\000h\000i\000s\000\040\000m\000o\000d\000u\000l\000e\000\040\000c\000a\000p\000t\000u\000r\000e\000s\000\040\000a\000n\000d\000\040\000w\000h\000a\000t\000\040\000i\000t\000\040\000d\000o\000e\000s\000\040\000n\000o\000t}{}% 55
\BOOKMARK [1][-]{section.14}{\376\377\000S\000u\000m\000m\000a\000r\000y\000\040\000o\000f\000\040\000t\000h\000e\000\040\000f\000i\000n\000a\000l\000\040\000p\000r\000o\000j\000e\000c\000t\000\040\000e\000q\000u\000a\000t\000i\000o\000n}{}% 56
\BOOKMARK [1][-]{section.15}{\376\377\000R\000e\000f\000e\000r\000e\000n\000c\000e\000s}{}% 57
