\BOOKMARK [1][-]{Doc-Start}{\376\377\000S\000y\000m\000b\000o\000l\000s\000\040\000a\000n\000d\000\040\000a\000c\000r\000o\000n\000y\000m\000s\000\040\000u\000s\000e\000d\000\040\000i\000n\000\040\000t\000h\000i\000s\000\040\000d\000o\000c\000u\000m\000e\000n\000t}{}% 1
\BOOKMARK [1][-]{section.1}{\376\377\000W\000h\000a\000t\000\040\000M\000o\000d\000u\000l\000e\000\040\0004\000\040\000d\000i\000d\000\040\000b\000e\000f\000o\000r\000e\000\040\000s\000u\000p\000e\000r\000c\000o\000n\000d\000u\000c\000t\000i\000v\000i\000t\000y}{}% 2
\BOOKMARK [1][-]{section.2}{\376\377\000T\000h\000e\000\040\000f\000i\000r\000s\000t\000\040\000c\000o\000r\000r\000e\000c\000t\000i\000o\000n\000:\000\040\000s\000u\000p\000e\000r\000c\000o\000n\000d\000u\000c\000t\000i\000n\000g\000\040\000o\000p\000e\000r\000a\000t\000i\000o\000n\000\040\000i\000s\000\040\000n\000o\000t\000\040\000j\000u\000s\000t\000\040\000l\000o\000w\000-\000t\000e\000m\000p\000e\000r\000a\000t\000u\000r\000e\000\040\000s\000i\000l\000i\000c\000o\000n}{}% 3
\BOOKMARK [1][-]{section.3}{\376\377\000T\000h\000e\000r\000m\000a\000l\000\040\000c\000a\000r\000r\000i\000e\000r\000s\000\040\000b\000e\000l\000o\000w\000\040\000t\000h\000e\000\040\000s\000u\000p\000e\000r\000c\000o\000n\000d\000u\000c\000t\000i\000n\000g\000\040\000t\000r\000a\000n\000s\000i\000t\000i\000o\000n}{}% 4
\BOOKMARK [2][-]{subsection.3.1}{\376\377\000P\000h\000o\000n\000o\000n\000s}{section.3}% 5
\BOOKMARK [2][-]{subsection.3.2}{\376\377\000E\000l\000e\000c\000t\000r\000o\000n\000s\000\040\000i\000n\000\040\000a\000\040\000n\000o\000r\000m\000a\000l\000\040\000m\000e\000t\000a\000l}{section.3}% 6
\BOOKMARK [2][-]{subsection.3.3}{\376\377\000E\000l\000e\000c\000t\000r\000o\000n\000s\000\040\000i\000n\000\040\000a\000\040\000s\000u\000p\000e\000r\000c\000o\000n\000d\000u\000c\000t\000o\000r}{section.3}% 7
\BOOKMARK [1][-]{section.4}{\376\377\000E\000n\000e\000r\000g\000y\000\040\000g\000a\000p\000\040\000a\000n\000d\000\040\000t\000h\000e\000\040\000p\000a\000i\000r\000-\000b\000r\000e\000a\000k\000i\000n\000g\000\040\000t\000h\000r\000e\000s\000h\000o\000l\000d}{}% 8
\BOOKMARK [1][-]{section.5}{\376\377\000W\000h\000y\000\040\000o\000n\000e\000\040\000t\000e\000m\000p\000e\000r\000a\000t\000u\000r\000e\000\040\000f\000i\000e\000l\000d\000\040\000i\000s\000\040\000i\000n\000s\000u\000f\000f\000i\000c\000i\000e\000n\000t}{}% 9
\BOOKMARK [2][-]{subsection.5.1}{\376\377\000L\000o\000c\000a\000l\000\040\000e\000q\000u\000i\000l\000i\000b\000r\000i\000u\000m\000\040\000a\000s\000s\000u\000m\000p\000t\000i\000o\000n}{section.5}% 10
\BOOKMARK [2][-]{subsection.5.2}{\376\377\000N\000e\000a\000r\000-\000e\000q\000u\000i\000l\000i\000b\000r\000i\000u\000m\000\040\000t\000w\000o\000-\000t\000e\000m\000p\000e\000r\000a\000t\000u\000r\000e\000\040\000a\000p\000p\000r\000o\000x\000i\000m\000a\000t\000i\000o\000n}{section.5}% 11
\BOOKMARK [1][-]{section.6}{\376\377\000R\000a\000d\000i\000a\000t\000i\000o\000n\000\040\000e\000n\000e\000r\000g\000y\000\040\000p\000a\000r\000t\000i\000t\000i\000o\000n\000\040\000i\000n\000\040\000a\000\040\000s\000u\000p\000e\000r\000c\000o\000n\000d\000u\000c\000t\000i\000n\000g\000\040\000c\000h\000i\000p}{}% 12
\BOOKMARK [1][-]{section.7}{\376\377\000P\000h\000o\000n\000o\000n\000\040\000t\000r\000a\000n\000s\000p\000o\000r\000t\000:\000\040\000d\000i\000f\000f\000u\000s\000i\000v\000e\000,\000\040\000b\000a\000l\000l\000i\000s\000t\000i\000c\000,\000\040\000a\000n\000d\000\040\000b\000o\000u\000n\000d\000a\000r\000y\000-\000l\000i\000m\000i\000t\000e\000d}{}% 13
\BOOKMARK [2][-]{subsection.7.1}{\376\377\000P\000h\000o\000n\000o\000n\000\040\000B\000o\000l\000t\000z\000m\000a\000n\000n\000\040\000e\000q\000u\000a\000t\000i\000o\000n}{section.7}% 14
\BOOKMARK [2][-]{subsection.7.2}{\376\377\000B\000a\000l\000l\000i\000s\000t\000i\000c\000-\000d\000i\000f\000f\000u\000s\000i\000v\000e\000\040\000s\000p\000l\000i\000t\000\040\000f\000o\000r\000\040\000s\000u\000p\000e\000r\000c\000o\000n\000d\000u\000c\000t\000i\000n\000g\000\040\000M\000o\000d\000u\000l\000e\000\040\0004}{section.7}% 15
\BOOKMARK [1][-]{section.8}{\376\377\000I\000n\000t\000e\000r\000f\000a\000c\000e\000\040\000t\000h\000e\000r\000m\000a\000l\000\040\000r\000e\000s\000i\000s\000t\000a\000n\000c\000e\000\040\000a\000n\000d\000\040\000K\000a\000p\000i\000t\000z\000a\000\040\000b\000o\000u\000n\000d\000a\000r\000i\000e\000s}{}% 16
\BOOKMARK [1][-]{section.9}{\376\377\000Q\000u\000a\000s\000i\000p\000a\000r\000t\000i\000c\000l\000e\000\040\000k\000i\000n\000e\000t\000i\000c\000s\000\040\000a\000n\000d\000\040\000t\000h\000e\000\040\000R\000o\000t\000h\000w\000a\000r\000f\000-\000T\000a\000y\000l\000o\000r\000\040\000m\000o\000d\000e\000l}{}% 17
\BOOKMARK [2][-]{subsection.9.1}{\376\377\000W\000h\000y\000\040\000Q\000P\000\040\000d\000e\000n\000s\000i\000t\000y\000\040\000i\000s\000\040\000a\000\040\000t\000h\000e\000r\000m\000a\000l\000\040\000v\000a\000r\000i\000a\000b\000l\000e}{section.9}% 18
\BOOKMARK [2][-]{subsection.9.2}{\376\377\000M\000i\000n\000i\000m\000a\000l\000\040\000Q\000P\000\040\000d\000i\000f\000f\000u\000s\000i\000o\000n\000-\000r\000e\000c\000o\000m\000b\000i\000n\000a\000t\000i\000o\000n\000\040\000e\000q\000u\000a\000t\000i\000o\000n}{section.9}% 19
\BOOKMARK [2][-]{subsection.9.3}{\376\377\000R\000o\000t\000h\000w\000a\000r\000f\000-\000T\000a\000y\000l\000o\000r\000\040\000e\000q\000u\000a\000t\000i\000o\000n\000s}{section.9}% 20
\BOOKMARK [2][-]{subsection.9.4}{\376\377\000S\000p\000a\000t\000i\000a\000l\000l\000y\000\040\000e\000x\000t\000e\000n\000d\000e\000d\000\040\000R\000T\000\040\000m\000o\000d\000e\000l}{section.9}% 21
\BOOKMARK [1][-]{section.10}{\376\377\000E\000n\000e\000r\000g\000y\000\040\000c\000o\000n\000s\000e\000r\000v\000a\000t\000i\000o\000n\000\040\000w\000i\000t\000h\000\040\000Q\000P\000s\000\040\000a\000n\000d\000\040\000p\000h\000o\000n\000o\000n\000s}{}% 22
\BOOKMARK [1][-]{section.11}{\376\377\000S\000u\000p\000e\000r\000c\000o\000n\000d\000u\000c\000t\000i\000n\000g\000\040\000h\000e\000a\000t\000\040\000c\000a\000p\000a\000c\000i\000t\000y\000\040\000a\000n\000d\000\040\000t\000h\000e\000r\000m\000a\000l\000\040\000c\000o\000n\000d\000u\000c\000t\000i\000v\000i\000t\000y}{}% 23
\BOOKMARK [2][-]{subsection.11.1}{\376\377\000S\000u\000b\000s\000t\000r\000a\000t\000e\000\040\000a\000n\000d\000\040\000d\000i\000e\000l\000e\000c\000t\000r\000i\000c\000\040\000r\000e\000g\000i\000o\000n\000s}{section.11}% 24
\BOOKMARK [2][-]{subsection.11.2}{\376\377\000S\000u\000p\000e\000r\000c\000o\000n\000d\000u\000c\000t\000i\000n\000g\000\040\000f\000i\000l\000m\000\040\000r\000e\000g\000i\000o\000n\000s}{section.11}% 25
\BOOKMARK [1][-]{section.12}{\376\377\000C\000r\000y\000o\000g\000e\000n\000i\000c\000\040\000b\000o\000u\000n\000d\000a\000r\000y\000\040\000c\000o\000n\000d\000i\000t\000i\000o\000n\000s}{}% 26
\BOOKMARK [2][-]{subsection.12.1}{\376\377\000B\000a\000t\000h\000\040\000b\000o\000u\000n\000d\000a\000r\000y}{section.12}% 27
\BOOKMARK [2][-]{subsection.12.2}{\376\377\000S\000u\000p\000e\000r\000c\000o\000n\000d\000u\000c\000t\000i\000n\000g\000\040\000f\000i\000l\000m\000-\000s\000u\000b\000s\000t\000r\000a\000t\000e\000\040\000i\000n\000t\000e\000r\000f\000a\000c\000e}{section.12}% 28
\BOOKMARK [1][-]{section.13}{\376\377\000C\000o\000n\000n\000e\000c\000t\000i\000o\000n\000\040\000t\000o\000\040\000t\000h\000e\000\040\000e\000x\000i\000s\000t\000i\000n\000g\000\040\000b\000a\000l\000l\000i\000s\000t\000i\000c\000-\000d\000i\000f\000f\000u\000s\000i\000v\000e\000\040\000M\000o\000d\000u\000l\000e\000\040\0004}{}% 29
\BOOKMARK [1][-]{section.14}{\376\377\000W\000e\000a\000k\000\040\000f\000o\000r\000m\000\040\000f\000o\000r\000\040\000F\000E\000M\000\040\000i\000m\000p\000l\000e\000m\000e\000n\000t\000a\000t\000i\000o\000n}{}% 30
\BOOKMARK [2][-]{subsection.14.1}{\376\377\000S\000i\000n\000g\000l\000e\000\040\000p\000h\000o\000n\000o\000n\000-\000t\000e\000m\000p\000e\000r\000a\000t\000u\000r\000e\000\040\000f\000i\000e\000l\000d\000\040\000w\000i\000t\000h\000\040\000K\000a\000p\000i\000t\000z\000a\000\040\000t\000e\000r\000m\000s}{section.14}% 31
\BOOKMARK [2][-]{subsection.14.2}{\376\377\000T\000w\000o\000-\000f\000i\000e\000l\000d\000\040\000p\000h\000o\000n\000o\000n\000-\000Q\000P\000\040\000w\000e\000a\000k\000\040\000f\000o\000r\000m}{section.14}% 32
\BOOKMARK [2][-]{subsection.14.3}{\376\377\000S\000u\000r\000f\000a\000c\000e\000-\000l\000a\000y\000e\000r\000\040\000r\000e\000d\000u\000c\000t\000i\000o\000n\000\040\000f\000o\000r\000\040\000t\000h\000i\000n\000\040\000s\000u\000p\000e\000r\000c\000o\000n\000d\000u\000c\000t\000i\000n\000g\000\040\000f\000i\000l\000m\000s}{section.14}% 33
\BOOKMARK [1][-]{section.15}{\376\377\000A\000\040\000p\000r\000a\000c\000t\000i\000c\000a\000l\000\040\000h\000i\000e\000r\000a\000r\000c\000h\000y\000\040\000f\000o\000r\000\040\000R\000a\000d\000i\000a\000t\000i\000o\000n\000E\000f\000f\000e\000c\000t\000s\000\137\000p\000r\000o\000j\0002}{}% 34
\BOOKMARK [2][-]{subsection.15.1}{\376\377\000L\000e\000v\000e\000l\000\040\0000\000:\000\040\000c\000r\000y\000o\000g\000e\000n\000i\000c\000\040\000s\000c\000a\000l\000a\000r\000\040\000t\000h\000e\000r\000m\000a\000l\000\040\000m\000o\000d\000e\000l}{section.15}% 35
\BOOKMARK [2][-]{subsection.15.2}{\376\377\000L\000e\000v\000e\000l\000\040\0001\000:\000\040\000p\000h\000o\000n\000o\000n\000\040\000e\000n\000e\000r\000g\000y\000\040\000p\000l\000u\000s\000\040\000p\000a\000i\000r\000-\000b\000r\000e\000a\000k\000i\000n\000g\000\040\000e\000f\000f\000i\000c\000i\000e\000n\000c\000y}{section.15}% 36
\BOOKMARK [2][-]{subsection.15.3}{\376\377\000L\000e\000v\000e\000l\000\040\0002\000:\000\040\000s\000p\000a\000t\000i\000a\000l\000\040\000Q\000P\000\040\000d\000i\000f\000f\000u\000s\000i\000o\000n\000-\000r\000e\000c\000o\000m\000b\000i\000n\000a\000t\000i\000o\000n}{section.15}% 37
\BOOKMARK [2][-]{subsection.15.4}{\376\377\000L\000e\000v\000e\000l\000\040\0003\000:\000\040\000p\000a\000i\000r\000-\000b\000r\000e\000a\000k\000i\000n\000g\000\040\000p\000h\000o\000n\000o\000n\000\040\000a\000n\000d\000\040\000Q\000P\000\040\000c\000o\000u\000p\000l\000e\000d\000\040\000R\000T\000\040\000m\000o\000d\000e\000l}{section.15}% 38
\BOOKMARK [2][-]{subsection.15.5}{\376\377\000L\000e\000v\000e\000l\000\040\0004\000:\000\040\000s\000p\000e\000c\000t\000r\000a\000l\000\040\000p\000h\000o\000n\000o\000n\000\040\000t\000r\000a\000n\000s\000p\000o\000r\000t}{section.15}% 39
\BOOKMARK [1][-]{section.16}{\376\377\000E\000l\000e\000c\000t\000r\000o\000n\000-\000p\000h\000o\000n\000o\000n\000\040\000c\000o\000u\000p\000l\000i\000n\000g\000\040\000a\000n\000d\000\040\000t\000h\000e\000\040\000d\000a\000n\000g\000e\000r\000\040\000o\000f\000\040\000u\000s\000i\000n\000g\000\040\000w\000a\000r\000m\000-\000d\000e\000v\000i\000c\000e\000\040\000c\000o\000n\000s\000t\000a\000n\000t\000s}{}% 40
\BOOKMARK [1][-]{section.17}{\376\377\000S\000p\000e\000c\000t\000r\000a\000l\000\040\000p\000h\000o\000n\000o\000n\000\040\000d\000o\000w\000n\000c\000o\000n\000v\000e\000r\000s\000i\000o\000n}{}% 41
\BOOKMARK [1][-]{section.18}{\376\377\000T\000i\000m\000e\000s\000c\000a\000l\000e\000\040\000s\000e\000p\000a\000r\000a\000t\000i\000o\000n}{}% 42
\BOOKMARK [1][-]{section.19}{\376\377\000D\000e\000s\000i\000g\000n\000\040\000m\000e\000t\000r\000i\000c\000s\000\040\000p\000r\000o\000d\000u\000c\000e\000d\000\040\000b\000y\000\040\000s\000u\000p\000e\000r\000c\000o\000n\000d\000u\000c\000t\000i\000n\000g\000\040\000M\000o\000d\000u\000l\000e\000\040\0004}{}% 43
\BOOKMARK [1][-]{section.20}{\376\377\000C\000o\000m\000m\000o\000n\000\040\000m\000o\000d\000e\000l\000i\000n\000g\000\040\000e\000r\000r\000o\000r\000s\000\040\000t\000o\000\040\000a\000v\000o\000i\000d}{}% 44
\BOOKMARK [1][-]{section.21}{\376\377\000C\000o\000u\000p\000l\000i\000n\000g\000\040\000t\000o\000\040\000M\000o\000d\000u\000l\000e\000\040\0002\000,\000\040\000M\000o\000d\000u\000l\000e\000\040\0003\000,\000\040\000a\000n\000d\000\040\000M\000o\000d\000u\000l\000e\000\040\0005}{}% 45
\BOOKMARK [2][-]{subsection.21.1}{\376\377\000C\000o\000u\000p\000l\000i\000n\000g\000\040\000t\000o\000\040\000M\000o\000d\000u\000l\000e\000\040\0002\000\040\000e\000l\000e\000c\000t\000r\000o\000s\000t\000a\000t\000i\000c\000s}{section.21}% 46
\BOOKMARK [2][-]{subsection.21.2}{\376\377\000C\000o\000u\000p\000l\000i\000n\000g\000\040\000t\000o\000\040\000M\000o\000d\000u\000l\000e\000\040\0003\000\040\000d\000e\000f\000e\000c\000t\000\040\000e\000v\000o\000l\000u\000t\000i\000o\000n}{section.21}% 47
\BOOKMARK [2][-]{subsection.21.3}{\376\377\000C\000o\000u\000p\000l\000i\000n\000g\000\040\000t\000o\000\040\000M\000o\000d\000u\000l\000e\000\040\0005\000\040\000c\000a\000r\000r\000i\000e\000r\000\040\000t\000r\000a\000n\000s\000p\000o\000r\000t}{section.21}% 48
\BOOKMARK [1][-]{section.22}{\376\377\000P\000I\000N\000N\000\040\000a\000n\000d\000\040\000C\000P\000I\000N\000N\000\040\000i\000m\000p\000l\000i\000c\000a\000t\000i\000o\000n\000s}{}% 49
\BOOKMARK [1][-]{section.23}{\376\377\000V\000e\000r\000i\000f\000i\000c\000a\000t\000i\000o\000n\000\040\000t\000e\000s\000t\000s\000\040\000f\000o\000r\000\040\000s\000u\000p\000e\000r\000c\000o\000n\000d\000u\000c\000t\000i\000n\000g\000\040\000M\000o\000d\000u\000l\000e\000\040\0004}{}% 50
\BOOKMARK [2][-]{subsection.23.1}{\376\377\000E\000n\000e\000r\000g\000y\000\040\000c\000o\000n\000s\000e\000r\000v\000a\000t\000i\000o\000n\000\040\000t\000e\000s\000t}{section.23}% 51
\BOOKMARK [2][-]{subsection.23.2}{\376\377\000K\000a\000p\000i\000t\000z\000a\000\040\000c\000o\000o\000l\000i\000n\000g\000\040\000t\000e\000s\000t}{section.23}% 52
\BOOKMARK [2][-]{subsection.23.3}{\376\377\000Q\000P\000\040\000r\000e\000c\000o\000m\000b\000i\000n\000a\000t\000i\000o\000n\000\040\000t\000e\000s\000t}{section.23}% 53
\BOOKMARK [2][-]{subsection.23.4}{\376\377\000R\000T\000\040\000b\000o\000t\000t\000l\000e\000n\000e\000c\000k\000\040\000t\000e\000s\000t}{section.23}% 54
\BOOKMARK [2][-]{subsection.23.5}{\376\377\000B\000a\000l\000l\000i\000s\000t\000i\000c\000-\000f\000r\000o\000n\000t\000\040\000t\000e\000s\000t}{section.23}% 55
\BOOKMARK [1][-]{section.24}{\376\377\000S\000u\000g\000g\000e\000s\000t\000e\000d\000\040\000M\000A\000T\000L\000A\000B\000\040\000d\000a\000t\000a\000\040\000s\000t\000r\000u\000c\000t\000u\000r\000e\000\040\000c\000h\000a\000n\000g\000e\000s}{}% 56
\BOOKMARK [1][-]{section.25}{\376\377\000R\000e\000c\000o\000m\000m\000e\000n\000d\000e\000d\000\040\000f\000i\000r\000s\000t\000\040\000i\000m\000p\000l\000e\000m\000e\000n\000t\000a\000t\000i\000o\000n\000\040\000p\000a\000t\000h}{}% 57
\BOOKMARK [1][-]{section.26}{\376\377\000C\000o\000n\000c\000e\000p\000t\000u\000a\000l\000\040\000s\000u\000m\000m\000a\000r\000y}{}% 58
\BOOKMARK [1][-]{Item.37}{\376\377\000R\000e\000f\000e\000r\000e\000n\000c\000e\000s\000\040\000a\000n\000d\000\040\000s\000o\000u\000r\000c\000e\000\040\000n\000o\000t\000e\000s}{}% 59
