\BOOKMARK [1][-]{Doc-Start}{\376\377\000S\000y\000m\000b\000o\000l\000s\000\040\000a\000n\000d\000\040\000a\000c\000r\000o\000n\000y\000m\000s\000\040\000u\000s\000e\000d\000\040\000i\000n\000\040\000t\000h\000i\000s\000\040\000d\000o\000c\000u\000m\000e\000n\000t}{}% 1
\BOOKMARK [1][-]{section.1}{\376\377\000W\000h\000y\000\040\000M\000o\000d\000u\000l\000e\000\040\0009\000\040\000i\000s\000\040\000b\000e\000i\000n\000g\000\040\000a\000d\000d\000e\000d}{}% 2
\BOOKMARK [1][-]{section.2}{\376\377\000T\000w\000o\000\040\000g\000e\000o\000m\000e\000t\000r\000y\000\040\000l\000e\000v\000e\000l\000s\000:\000\040\000m\000i\000c\000r\000o\000w\000a\000v\000e\000-\000a\000w\000a\000r\000e\000\040\000f\000u\000l\000l\000\040\000m\000o\000d\000e\000l\000\040\000a\000n\000d\000\040\0002\000D\000\040\000M\000A\000T\000L\000A\000B\000\040\000t\000a\000r\000g\000e\000t}{}% 3
\BOOKMARK [2][-]{subsection.2.1}{\376\377\000F\000u\000l\000l\000\040\000m\000i\000c\000r\000o\000w\000a\000v\000e\000-\000a\000w\000a\000r\000e\000\040\000p\000a\000c\000k\000a\000g\000e\000\040\000g\000e\000o\000m\000e\000t\000r\000y}{section.2}% 4
\BOOKMARK [2][-]{subsection.2.2}{\376\377\000R\000e\000d\000u\000c\000e\000d\000\040\0002\000D\000\040\000M\000A\000T\000L\000A\000B\000\040\000F\000E\000M\000\040\000t\000a\000r\000g\000e\000t}{section.2}% 5
\BOOKMARK [1][-]{section.3}{\376\377\000W\000h\000a\000t\000\040\000p\000h\000y\000s\000i\000c\000a\000l\000l\000y\000\040\000m\000a\000k\000e\000s\000\040\000t\000h\000i\000s\000\040\000a\000\040\000t\000r\000a\000n\000s\000m\000o\000n}{}% 6
\BOOKMARK [1][-]{section.4}{\376\377\000S\000i\000n\000g\000l\000e\000-\000J\000J\000\040\000t\000r\000a\000n\000s\000m\000o\000n\000,\000\040\000n\000o\000t\000\040\000a\000\040\000S\000Q\000U\000I\000D\000\040\000b\000a\000s\000e\000l\000i\000n\000e}{}% 7
\BOOKMARK [1][-]{section.5}{\376\377\000D\000e\000t\000a\000i\000l\000e\000d\000\040\000p\000h\000y\000s\000i\000c\000a\000l\000\040\000r\000o\000l\000e\000\040\000o\000f\000\040\000e\000a\000c\000h\000\040\000r\000e\000g\000i\000o\000n}{}% 8
\BOOKMARK [2][-]{subsection.5.1}{\376\377\000S\000u\000b\000s\000t\000r\000a\000t\000e}{section.5}% 9
\BOOKMARK [2][-]{subsection.5.2}{\376\377\000L\000e\000f\000t\000\040\000a\000n\000d\000\040\000r\000i\000g\000h\000t\000\040\000c\000a\000p\000a\000c\000i\000t\000o\000r\000\040\000p\000a\000d\000s}{section.5}% 10
\BOOKMARK [2][-]{subsection.5.3}{\376\377\000P\000a\000d\000\040\000g\000a\000p\000\040\000a\000n\000d\000\040\000e\000x\000p\000o\000s\000e\000d\000\040\000s\000u\000b\000s\000t\000r\000a\000t\000e}{section.5}% 11
\BOOKMARK [2][-]{subsection.5.4}{\376\377\000J\000u\000n\000c\000t\000i\000o\000n\000\040\000l\000e\000a\000d\000s}{section.5}% 12
\BOOKMARK [2][-]{subsection.5.5}{\376\377\000E\000f\000f\000e\000c\000t\000i\000v\000e\000\040\000J\000o\000s\000e\000p\000h\000s\000o\000n\000-\000j\000u\000n\000c\000t\000i\000o\000n\000\040\000r\000e\000g\000i\000o\000n}{section.5}% 13
\BOOKMARK [2][-]{subsection.5.6}{\376\377\000L\000o\000c\000a\000l\000\040\000C\000o\000o\000p\000e\000r\000-\000p\000a\000i\000r\000\040\000f\000l\000o\000w\000\040\000t\000h\000r\000o\000u\000g\000h\000\040\000t\000h\000e\000\040\000j\000u\000n\000c\000t\000i\000o\000n}{section.5}% 14
\BOOKMARK [2][-]{subsection.5.7}{\376\377\000N\000o\000r\000m\000a\000l\000-\000m\000e\000t\000a\000l\000\040\000q\000u\000a\000s\000i\000p\000a\000r\000t\000i\000c\000l\000e\000\040\000t\000r\000a\000p}{section.5}% 15
\BOOKMARK [2][-]{subsection.5.8}{\376\377\000B\000a\000c\000k\000s\000i\000d\000e\000\040\000h\000e\000a\000t\000\040\000s\000i\000n\000k}{section.5}% 16
\BOOKMARK [2][-]{subsection.5.9}{\376\377\000C\000P\000W\000\040\000r\000e\000s\000o\000n\000a\000t\000o\000r\000\040\000a\000n\000d\000\040\000f\000e\000e\000d\000l\000i\000n\000e\000\040\000s\000t\000r\000u\000c\000t\000u\000r\000e\000s}{section.5}% 17
\BOOKMARK [2][-]{subsection.5.10}{\376\377\000C\000o\000u\000p\000l\000i\000n\000g\000\040\000c\000a\000p\000a\000c\000i\000t\000o\000r}{section.5}% 18
\BOOKMARK [2][-]{subsection.5.11}{\376\377\000B\000o\000n\000d\000\040\000p\000a\000d\000s\000,\000\040\000w\000i\000r\000e\000\040\000b\000o\000n\000d\000s\000,\000\040\000a\000n\000d\000\040\000w\000i\000r\000i\000n\000g}{section.5}% 19
\BOOKMARK [1][-]{section.6}{\376\377\000M\000a\000t\000e\000r\000i\000a\000l\000\040\000c\000h\000o\000i\000c\000e\000s\000\040\000a\000n\000d\000\040\000s\000o\000l\000i\000d\000-\000s\000t\000a\000t\000e\000\040\000p\000h\000y\000s\000i\000c\000s\000\040\000r\000a\000t\000i\000o\000n\000a\000l\000e}{}% 20
\BOOKMARK [2][-]{subsection.6.1}{\376\377\000P\000e\000r\000i\000o\000d\000i\000c\000-\000t\000a\000b\000l\000e\000\040\000v\000i\000e\000w\000\040\000o\000f\000\040\000t\000h\000e\000\040\000b\000a\000s\000e\000l\000i\000n\000e\000\040\000m\000a\000t\000e\000r\000i\000a\000l\000\040\000s\000e\000t}{section.6}% 21
\BOOKMARK [2][-]{subsection.6.2}{\376\377\000S\000u\000b\000s\000t\000r\000a\000t\000e\000:\000\040\000s\000a\000p\000p\000h\000i\000r\000e\000\040\000o\000r\000\040\000h\000i\000g\000h\000-\000r\000e\000s\000i\000s\000t\000i\000v\000i\000t\000y\000\040\000s\000i\000l\000i\000c\000o\000n}{section.6}% 22
\BOOKMARK [3][-]{subsubsection.6.2.1}{\376\377\000W\000h\000y\000\040\000a\000n\000\040\000i\000n\000s\000u\000l\000a\000t\000i\000n\000g\000\040\000o\000r\000\040\000h\000i\000g\000h\000-\000r\000e\000s\000i\000s\000t\000i\000v\000i\000t\000y\000\040\000s\000u\000b\000s\000t\000r\000a\000t\000e\000\040\000i\000s\000\040\000n\000e\000e\000d\000e\000d}{subsection.6.2}% 23
\BOOKMARK [3][-]{subsubsection.6.2.2}{\376\377\000S\000a\000p\000p\000h\000i\000r\000e\000\040\000a\000s\000\040\000a\000\040\000s\000u\000b\000s\000t\000r\000a\000t\000e}{subsection.6.2}% 24
\BOOKMARK [3][-]{subsubsection.6.2.3}{\376\377\000H\000i\000g\000h\000-\000r\000e\000s\000i\000s\000t\000i\000v\000i\000t\000y\000\040\000s\000i\000l\000i\000c\000o\000n\000\040\000a\000s\000\040\000a\000\040\000s\000u\000b\000s\000t\000r\000a\000t\000e}{subsection.6.2}% 25
\BOOKMARK [3][-]{subsubsection.6.2.4}{\376\377\000S\000u\000b\000s\000t\000r\000a\000t\000e\000\040\000r\000o\000l\000e\000\040\000i\000n\000\040\000t\000h\000e\000\040\000F\000E\000M\000\040\000m\000o\000d\000e\000l}{subsection.6.2}% 26
\BOOKMARK [2][-]{subsection.6.3}{\376\377\000A\000l\000u\000m\000i\000n\000u\000m\000\040\000f\000o\000r\000\040\000c\000a\000p\000a\000c\000i\000t\000o\000r\000\040\000p\000a\000d\000s\000,\000\040\000j\000u\000n\000c\000t\000i\000o\000n\000\040\000l\000e\000a\000d\000s\000,\000\040\000C\000P\000W\000,\000\040\000a\000n\000d\000\040\000J\000J\000\040\000e\000l\000e\000c\000t\000r\000o\000d\000e\000s}{section.6}% 27
\BOOKMARK [3][-]{subsubsection.6.3.1}{\376\377\000A\000l\000\040\000a\000s\000\040\000a\000\040\000s\000i\000m\000p\000l\000e\000\040\000m\000e\000t\000a\000l}{subsection.6.3}% 28
\BOOKMARK [3][-]{subsubsection.6.3.2}{\376\377\000A\000l\000\040\000a\000s\000\040\000a\000\040\000s\000u\000p\000e\000r\000c\000o\000n\000d\000u\000c\000t\000o\000r}{subsection.6.3}% 29
\BOOKMARK [3][-]{subsubsection.6.3.3}{\376\377\000W\000h\000y\000\040\000A\000l\000\040\000i\000s\000\040\000u\000s\000e\000d\000\040\000f\000o\000r\000\040\000p\000a\000d\000s\000\040\000a\000n\000d\000\040\000l\000e\000a\000d\000s}{subsection.6.3}% 30
\BOOKMARK [3][-]{subsubsection.6.3.4}{\376\377\000W\000h\000y\000\040\000A\000l\000\040\000i\000s\000\040\000u\000s\000e\000d\000\040\000f\000o\000r\000\040\000t\000h\000e\000\040\000J\000o\000s\000e\000p\000h\000s\000o\000n\000-\000j\000u\000n\000c\000t\000i\000o\000n\000\040\000e\000l\000e\000c\000t\000r\000o\000d\000e\000s}{subsection.6.3}% 31
\BOOKMARK [3][-]{subsubsection.6.3.5}{\376\377\000A\000l\000\040\000i\000s\000\040\000n\000o\000t\000\040\000c\000h\000o\000s\000e\000n\000\040\000p\000r\000i\000m\000a\000r\000i\000l\000y\000\040\000a\000s\000\040\000a\000\040\000h\000e\000a\000t\000\040\000s\000i\000n\000k}{subsection.6.3}% 32
\BOOKMARK [2][-]{subsection.6.4}{\376\377\000A\000l\000u\000m\000i\000n\000u\000m\000\040\000o\000x\000i\000d\000e\000\040\000t\000u\000n\000n\000e\000l\000\040\000b\000a\000r\000r\000i\000e\000r\000:\000\040\000s\000m\000a\000l\000l\000\040\000c\000h\000e\000m\000i\000c\000a\000l\000l\000y\000,\000\040\000d\000o\000m\000i\000n\000a\000n\000t\000\040\000p\000h\000y\000s\000i\000c\000a\000l\000l\000y}{section.6}% 33
\BOOKMARK [2][-]{subsection.6.5}{\376\377\000N\000o\000r\000m\000a\000l\000-\000m\000e\000t\000a\000l\000\040\000q\000u\000a\000s\000i\000p\000a\000r\000t\000i\000c\000l\000e\000\040\000t\000r\000a\000p\000:\000\040\000C\000u\000/\000A\000u\000/\000P\000d}{section.6}% 34
\BOOKMARK [3][-]{subsubsection.6.5.1}{\376\377\000W\000h\000y\000\040\000c\000o\000p\000p\000e\000r\000\040\000h\000e\000l\000p\000s}{subsection.6.5}% 35
\BOOKMARK [3][-]{subsubsection.6.5.2}{\376\377\000W\000h\000y\000\040\000g\000o\000l\000d\000\040\000h\000e\000l\000p\000s}{subsection.6.5}% 36
\BOOKMARK [3][-]{subsubsection.6.5.3}{\376\377\000W\000h\000y\000\040\000p\000a\000l\000l\000a\000d\000i\000u\000m\000\040\000m\000a\000y\000\040\000b\000e\000\040\000u\000s\000e\000d}{subsection.6.5}% 37
\BOOKMARK [3][-]{subsubsection.6.5.4}{\376\377\000W\000h\000y\000\040\000t\000h\000e\000\040\000t\000r\000a\000p\000\040\000i\000s\000\040\000p\000l\000a\000c\000e\000d\000\040\000o\000n\000\040\000o\000n\000e\000\040\000p\000a\000d\000\040\000a\000n\000d\000\040\000a\000w\000a\000y\000\040\000f\000r\000o\000m\000\040\000t\000h\000e\000\040\000J\000J}{subsection.6.5}% 38
\BOOKMARK [2][-]{subsection.6.6}{\376\377\000B\000a\000c\000k\000s\000i\000d\000e\000\040\000h\000e\000a\000t\000\040\000s\000i\000n\000k\000:\000\040\000C\000u\000/\000A\000u\000\040\000t\000h\000e\000r\000m\000a\000l\000i\000z\000a\000t\000i\000o\000n\000\040\000p\000a\000t\000c\000h}{section.6}% 39
\BOOKMARK [3][-]{subsubsection.6.6.1}{\376\377\000W\000h\000y\000\040\000c\000o\000p\000p\000e\000r\000\040\000a\000n\000d\000\040\000g\000o\000l\000d\000\040\000a\000r\000e\000\040\000n\000a\000t\000u\000r\000a\000l\000\040\000b\000a\000c\000k\000s\000i\000d\000e\000\040\000m\000e\000t\000a\000l\000s}{subsection.6.6}% 40
\BOOKMARK [3][-]{subsubsection.6.6.2}{\376\377\000H\000o\000w\000\040\000t\000h\000e\000\040\000b\000a\000c\000k\000s\000i\000d\000e\000\040\000s\000i\000n\000k\000\040\000e\000n\000t\000e\000r\000s\000\040\000t\000h\000e\000\040\000F\000E\000M\000\040\000m\000o\000d\000e\000l}{subsection.6.6}% 41
\BOOKMARK [2][-]{subsection.6.7}{\376\377\000B\000o\000n\000d\000\040\000p\000a\000d\000s\000\040\000a\000n\000d\000\040\000w\000i\000r\000e\000\040\000b\000o\000n\000d\000s\000:\000\040\000A\000l\000/\000A\000u\000\040\000p\000a\000c\000k\000a\000g\000e\000\040\000i\000n\000t\000e\000r\000f\000a\000c\000e\000s}{section.6}% 42
\BOOKMARK [3][-]{subsubsection.6.7.1}{\376\377\000A\000l\000\040\000b\000o\000n\000d\000\040\000p\000a\000d\000s}{subsection.6.7}% 43
\BOOKMARK [3][-]{subsubsection.6.7.2}{\376\377\000A\000u\000\040\000w\000i\000r\000e\000\040\000b\000o\000n\000d\000s}{subsection.6.7}% 44
\BOOKMARK [2][-]{subsection.6.8}{\376\377\000C\000P\000W\000\040\000r\000e\000s\000o\000n\000a\000t\000o\000r\000\040\000a\000n\000d\000\040\000c\000o\000u\000p\000l\000i\000n\000g\000\040\000c\000a\000p\000a\000c\000i\000t\000o\000r\000\040\000m\000a\000t\000e\000r\000i\000a\000l\000s}{section.6}% 45
\BOOKMARK [2][-]{subsection.6.9}{\376\377\000M\000a\000t\000e\000r\000i\000a\000l\000\040\000r\000o\000l\000e\000s\000\040\000s\000u\000m\000m\000a\000r\000i\000z\000e\000d\000\040\000f\000o\000r\000\040\000i\000m\000p\000l\000e\000m\000e\000n\000t\000a\000t\000i\000o\000n}{section.6}% 46
\BOOKMARK [1][-]{section.7}{\376\377\000C\000o\000d\000e\000-\000r\000e\000a\000d\000y\000\040\0002\000D\000\040\000g\000e\000o\000m\000e\000t\000r\000y\000\040\000c\000o\000n\000v\000e\000n\000t\000i\000o\000n}{}% 47
\BOOKMARK [2][-]{subsection.7.1}{\376\377\000C\000o\000o\000r\000d\000i\000n\000a\000t\000e\000\040\000s\000y\000s\000t\000e\000m}{section.7}% 48
\BOOKMARK [2][-]{subsection.7.2}{\376\377\000C\000o\000n\000n\000e\000c\000t\000e\000d\000\040\000c\000e\000n\000t\000r\000a\000l\000\040\000t\000r\000a\000n\000s\000m\000o\000n\000\040\000g\000e\000o\000m\000e\000t\000r\000y}{section.7}% 49
\BOOKMARK [2][-]{subsection.7.3}{\376\377\000R\000e\000c\000o\000m\000m\000e\000n\000d\000e\000d\000\040\0002\000D\000\040\000r\000e\000g\000i\000o\000n\000\040\000t\000a\000b\000l\000e}{section.7}% 50
\BOOKMARK [1][-]{section.8}{\376\377\000H\000o\000w\000\040\000M\000o\000d\000u\000l\000e\000\040\0009\000\040\000c\000o\000n\000n\000e\000c\000t\000s\000\040\000t\000o\000\040\000e\000x\000i\000s\000t\000i\000n\000g\000\040\000m\000o\000d\000u\000l\000e\000s}{}% 51
\BOOKMARK [2][-]{subsection.8.1}{\376\377\000M\000o\000d\000u\000l\000e\000\040\0001\000:\000\040\000r\000a\000d\000i\000a\000t\000i\000o\000n\000\040\000s\000o\000u\000r\000c\000e\000\040\000m\000a\000p\000p\000i\000n\000g}{section.8}% 52
\BOOKMARK [2][-]{subsection.8.2}{\376\377\000M\000o\000d\000u\000l\000e\000\040\0002\000:\000\040\000e\000l\000e\000c\000t\000r\000o\000s\000t\000a\000t\000i\000c\000s\000\040\000a\000n\000d\000\040\000o\000f\000f\000s\000e\000t\000\040\000c\000h\000a\000r\000g\000e}{section.8}% 53
\BOOKMARK [2][-]{subsection.8.3}{\376\377\000M\000o\000d\000u\000l\000e\000\040\0003\000:\000\040\000d\000e\000f\000e\000c\000t\000s\000\040\000a\000n\000d\000\040\000t\000r\000a\000p\000s}{section.8}% 54
\BOOKMARK [2][-]{subsection.8.4}{\376\377\000M\000o\000d\000u\000l\000e\000\040\0004\000:\000\040\000t\000h\000e\000r\000m\000a\000l\000\040\000t\000r\000a\000n\000s\000p\000o\000r\000t}{section.8}% 55
\BOOKMARK [2][-]{subsection.8.5}{\376\377\000M\000o\000d\000u\000l\000e\000\040\0005\000:\000\040\000q\000u\000a\000s\000i\000p\000a\000r\000t\000i\000c\000l\000e\000\040\000a\000n\000d\000\040\000c\000a\000r\000r\000i\000e\000r\000\040\000r\000e\000s\000p\000o\000n\000s\000e}{section.8}% 56
\BOOKMARK [2][-]{subsection.8.6}{\376\377\000M\000o\000d\000u\000l\000e\000\040\0006\000:\000\040\000c\000o\000u\000p\000l\000e\000d\000\040\000s\000u\000p\000e\000r\000c\000o\000n\000d\000u\000c\000t\000i\000n\000g\000\040\000m\000u\000l\000t\000i\000p\000h\000y\000s\000i\000c\000s}{section.8}% 57
\BOOKMARK [1][-]{section.9}{\376\377\000J\000u\000n\000c\000t\000i\000o\000n\000\040\000e\000x\000p\000o\000s\000u\000r\000e\000\040\000a\000n\000d\000\040\000g\000e\000o\000m\000e\000t\000r\000y\000-\000a\000w\000a\000r\000e\000\040\000m\000e\000t\000r\000i\000c\000s}{}% 58
\BOOKMARK [1][-]{section.10}{\376\377\000W\000h\000y\000\040\000t\000h\000e\000\040\000w\000i\000r\000e\000\040\000b\000o\000n\000d\000\040\000i\000s\000\040\000t\000r\000e\000a\000t\000e\000d\000\040\000s\000p\000e\000c\000i\000a\000l\000l\000y}{}% 59
\BOOKMARK [1][-]{section.11}{\376\377\000T\000h\000i\000n\000-\000f\000i\000l\000m\000\040\000m\000o\000d\000e\000l\000i\000n\000g\000\040\000c\000h\000o\000i\000c\000e}{}% 60
\BOOKMARK [2][-]{subsection.11.1}{\376\377\000R\000e\000s\000o\000l\000v\000e\000d\000\040\000t\000h\000i\000n\000-\000f\000i\000l\000m\000\040\000s\000t\000r\000a\000t\000e\000g\000y}{section.11}% 61
\BOOKMARK [2][-]{subsection.11.2}{\376\377\000S\000u\000r\000f\000a\000c\000e\000-\000r\000e\000g\000i\000o\000n\000\040\000s\000t\000r\000a\000t\000e\000g\000y}{section.11}% 62
\BOOKMARK [1][-]{section.12}{\376\377\000M\000i\000c\000r\000o\000w\000a\000v\000e\000\040\000a\000c\000c\000u\000r\000a\000c\000y\000\040\000v\000e\000r\000s\000u\000s\000\040\000t\000r\000a\000n\000s\000p\000o\000r\000t\000\040\000a\000c\000c\000u\000r\000a\000c\000y}{}% 63
\BOOKMARK [1][-]{section.13}{\376\377\000F\000i\000r\000s\000t\000\040\000r\000e\000c\000o\000m\000m\000e\000n\000d\000e\000d\000\040\000M\000o\000d\000u\000l\000e\000\040\0009\000\040\000i\000m\000p\000l\000e\000m\000e\000n\000t\000a\000t\000i\000o\000n\000\040\000s\000e\000q\000u\000e\000n\000c\000e}{}% 64
\BOOKMARK [1][-]{section.14}{\376\377\000V\000e\000r\000i\000f\000i\000c\000a\000t\000i\000o\000n\000\040\000t\000e\000s\000t\000s\000\040\000f\000o\000r\000\040\000M\000o\000d\000u\000l\000e\000\040\0009\000\040\000g\000e\000o\000m\000e\000t\000r\000y}{}% 65
\BOOKMARK [2][-]{subsection.14.1}{\376\377\000C\000o\000n\000n\000e\000c\000t\000i\000v\000i\000t\000y\000\040\000c\000h\000e\000c\000k}{section.14}% 66
\BOOKMARK [2][-]{subsection.14.2}{\376\377\000A\000r\000e\000a\000\040\000a\000n\000d\000\040\000t\000h\000i\000c\000k\000n\000e\000s\000s\000\040\000c\000h\000e\000c\000k\000s}{section.14}% 67
\BOOKMARK [2][-]{subsection.14.3}{\376\377\000T\000h\000e\000r\000m\000a\000l\000\040\000s\000a\000n\000i\000t\000y\000\040\000c\000h\000e\000c\000k}{section.14}% 68
\BOOKMARK [2][-]{subsection.14.4}{\376\377\000T\000r\000a\000p\000\040\000s\000a\000n\000i\000t\000y\000\040\000c\000h\000e\000c\000k}{section.14}% 69
\BOOKMARK [1][-]{section.15}{\376\377\000L\000i\000m\000i\000t\000a\000t\000i\000o\000n\000s\000\040\000o\000f\000\040\000M\000o\000d\000u\000l\000e\000\040\0009\000\040\000a\000s\000\040\000c\000u\000r\000r\000e\000n\000t\000l\000y\000\040\000d\000e\000f\000i\000n\000e\000d}{}% 70
\BOOKMARK [1][-]{section.16}{\376\377\000S\000u\000m\000m\000a\000r\000y\000\040\000o\000f\000\040\000M\000o\000d\000u\000l\000e\000\040\0009\000\040\000d\000e\000s\000i\000g\000n\000\040\000d\000e\000c\000i\000s\000i\000o\000n\000s}{}% 71
\BOOKMARK [1][-]{section.17}{\376\377\000R\000e\000f\000e\000r\000e\000n\000c\000e\000s}{}% 72
