\BOOKMARK [1][-]{Doc-Start}{\376\377\000S\000y\000m\000b\000o\000l\000s\000\040\000a\000n\000d\000\040\000a\000c\000r\000o\000n\000y\000m\000s\000\040\000u\000s\000e\000d\000\040\000i\000n\000\040\000t\000h\000i\000s\000\040\000d\000o\000c\000u\000m\000e\000n\000t}{}% 1
\BOOKMARK [1][-]{section.1}{\376\377\000R\000e\000c\000o\000m\000m\000e\000n\000d\000e\000d\000\040\000f\000o\000l\000l\000o\000w\000-\000o\000n\000\040\000n\000o\000t\000e}{}% 2
\BOOKMARK [1][-]{section.2}{\376\377\000P\000u\000r\000p\000o\000s\000e\000\040\000o\000f\000\040\000M\000o\000d\000u\000l\000e\000\040\0004\000a\000\040\000a\000n\000d\000\040\000i\000t\000s\000\040\000p\000l\000a\000c\000e\000\040\000i\000n\000\040\000t\000h\000e\000\040\000p\000r\000o\000j\000e\000c\000t}{}% 3
\BOOKMARK [2][-]{subsection.2.1}{\376\377\000W\000h\000y\000\040\000a\000\040\000c\000o\000n\000t\000i\000n\000u\000u\000m\000\040\000t\000h\000e\000r\000m\000a\000l\000\040\000m\000o\000d\000e\000l\000\040\000c\000o\000m\000e\000s\000\040\000f\000i\000r\000s\000t}{section.2}% 4
\BOOKMARK [1][-]{section.3}{\376\377\000P\000h\000y\000s\000i\000c\000a\000l\000\040\000p\000i\000c\000t\000u\000r\000e\000:\000\040\000w\000h\000a\000t\000\040\000t\000e\000m\000p\000e\000r\000a\000t\000u\000r\000e\000\040\000i\000s\000\040\000d\000o\000i\000n\000g\000\040\000i\000n\000\040\000t\000h\000i\000s\000\040\000p\000r\000o\000j\000e\000c\000t}{}% 5
\BOOKMARK [1][-]{section.4}{\376\377\000D\000e\000r\000i\000v\000a\000t\000i\000o\000n\000\040\000f\000r\000o\000m\000\040\000c\000o\000n\000s\000e\000r\000v\000a\000t\000i\000o\000n\000\040\000o\000f\000\040\000e\000n\000e\000r\000g\000y}{}% 6
\BOOKMARK [2][-]{subsection.4.1}{\376\377\000L\000o\000c\000a\000l\000\040\000e\000n\000e\000r\000g\000y\000\040\000b\000a\000l\000a\000n\000c\000e\000\040\000i\000n\000\040\000a\000\040\000m\000a\000t\000e\000r\000i\000a\000l\000\040\000e\000l\000e\000m\000e\000n\000t}{section.4}% 7
\BOOKMARK [2][-]{subsection.4.2}{\376\377\000W\000h\000y\000\040\000t\000h\000e\000\040\000d\000i\000v\000e\000r\000g\000e\000n\000c\000e\000\040\000t\000e\000r\000m\000\040\000a\000p\000p\000e\000a\000r\000s}{section.4}% 8
\BOOKMARK [2][-]{subsection.4.3}{\376\377\000R\000e\000l\000a\000t\000i\000n\000g\000\040\000i\000n\000t\000e\000r\000n\000a\000l\000\040\000e\000n\000e\000r\000g\000y\000\040\000d\000e\000n\000s\000i\000t\000y\000\040\000t\000o\000\040\000t\000e\000m\000p\000e\000r\000a\000t\000u\000r\000e}{section.4}% 9
\BOOKMARK [1][-]{section.5}{\376\377\000F\000r\000o\000m\000\040\000p\000h\000e\000n\000o\000m\000e\000n\000o\000l\000o\000g\000y\000\040\000t\000o\000\040\000c\000o\000n\000s\000t\000i\000t\000u\000t\000i\000v\000e\000\040\000l\000a\000w\000:\000\040\000F\000o\000u\000r\000i\000e\000r\000'\000s\000\040\000l\000a\000w}{}% 10
\BOOKMARK [2][-]{subsection.5.1}{\376\377\000W\000h\000y\000\040\000h\000e\000a\000t\000\040\000s\000h\000o\000u\000l\000d\000\040\000f\000l\000o\000w\000\040\000d\000o\000w\000n\000\040\000a\000\040\000t\000e\000m\000p\000e\000r\000a\000t\000u\000r\000e\000\040\000g\000r\000a\000d\000i\000e\000n\000t}{section.5}% 11
\BOOKMARK [2][-]{subsection.5.2}{\376\377\000F\000o\000u\000r\000i\000e\000r\000'\000s\000\040\000l\000a\000w}{section.5}% 12
\BOOKMARK [2][-]{subsection.5.3}{\376\377\000A\000n\000i\000s\000o\000t\000r\000o\000p\000i\000c\000\040\000g\000e\000n\000e\000r\000a\000l\000i\000z\000a\000t\000i\000o\000n}{section.5}% 13
\BOOKMARK [1][-]{section.6}{\376\377\000D\000e\000r\000i\000v\000a\000t\000i\000o\000n\000\040\000o\000f\000\040\000t\000h\000e\000\040\000t\000r\000a\000n\000s\000i\000e\000n\000t\000\040\000h\000e\000a\000t\000\040\000e\000q\000u\000a\000t\000i\000o\000n}{}% 14
\BOOKMARK [2][-]{subsection.6.1}{\376\377\000W\000h\000y\000\040\000t\000h\000e\000\040\000c\000o\000n\000d\000u\000c\000t\000i\000v\000i\000t\000y\000\040\000m\000a\000y\000\040\000r\000e\000m\000a\000i\000n\000\040\000i\000n\000s\000i\000d\000e\000\040\000t\000h\000e\000\040\000d\000i\000v\000e\000r\000g\000e\000n\000c\000e}{section.6}% 15
\BOOKMARK [1][-]{section.7}{\376\377\000R\000e\000d\000u\000c\000t\000i\000o\000n\000\040\000t\000o\000\040\000t\000h\000e\000\040\0002\000D\000\040\000m\000o\000d\000e\000l\000\040\000u\000s\000e\000d\000\040\000i\000n\000\040\000t\000h\000i\000s\000\040\000p\000r\000o\000j\000e\000c\000t}{}% 16
\BOOKMARK [2][-]{subsection.7.1}{\376\377\000W\000h\000y\000\040\000a\000\040\0002\000D\000\040\000r\000e\000d\000u\000c\000t\000i\000o\000n\000\040\000i\000s\000\040\000p\000h\000y\000s\000i\000c\000a\000l\000l\000y\000\040\000r\000e\000a\000s\000o\000n\000a\000b\000l\000e\000\040\000h\000e\000r\000e}{section.7}% 17
\BOOKMARK [2][-]{subsection.7.2}{\376\377\0002\000D\000\040\000C\000a\000r\000t\000e\000s\000i\000a\000n\000\040\000f\000o\000r\000m}{section.7}% 18
\BOOKMARK [1][-]{section.8}{\376\377\000P\000h\000y\000s\000i\000c\000a\000l\000\040\000m\000e\000a\000n\000i\000n\000g\000\040\000o\000f\000\040\000e\000v\000e\000r\000y\000\040\000t\000e\000r\000m\000\040\000i\000n\000\040\000t\000h\000e\000\040\0002\000D\000\040\000e\000q\000u\000a\000t\000i\000o\000n}{}% 19
\BOOKMARK [2][-]{subsection.8.1}{\376\377\000T\000i\000m\000e\000-\000d\000e\000r\000i\000v\000a\000t\000i\000v\000e\000\040\000t\000e\000r\000m\000\040\000T\000/\000t}{section.8}% 20
\BOOKMARK [2][-]{subsection.8.2}{\376\377\000D\000i\000f\000f\000u\000s\000i\000o\000n\000\040\000t\000e\000r\000m\000\040\0002\000\040\000T}{section.8}% 21
\BOOKMARK [2][-]{subsection.8.3}{\376\377\000S\000o\000u\000r\000c\000e\000\040\000t\000e\000r\000m\000\040\000Q\000/\000\050\000c\000p\000\051}{section.8}% 22
\BOOKMARK [1][-]{section.9}{\376\377\000W\000h\000a\000t\000\040\000c\000o\000u\000n\000t\000s\000\040\000a\000s\000\040\000a\000\040\000h\000e\000a\000t\000\040\000s\000o\000u\000r\000c\000e\000\040\000i\000n\000\040\000t\000h\000i\000s\000\040\000p\000r\000o\000j\000e\000c\000t}{}% 23
\BOOKMARK [2][-]{subsection.9.1}{\376\377\000D\000e\000p\000o\000s\000i\000t\000e\000d\000\040\000r\000a\000d\000i\000a\000t\000i\000o\000n\000\040\000e\000n\000e\000r\000g\000y\000\040\000a\000s\000\040\000a\000n\000\040\000i\000n\000i\000t\000i\000a\000l\000\040\000o\000r\000\040\000t\000r\000a\000n\000s\000i\000e\000n\000t\000\040\000s\000o\000u\000r\000c\000e}{section.9}% 24
\BOOKMARK [2][-]{subsection.9.2}{\376\377\000E\000l\000e\000c\000t\000r\000i\000c\000a\000l\000\040\000p\000o\000w\000e\000r\000\040\000d\000i\000s\000s\000i\000p\000a\000t\000i\000o\000n}{section.9}% 25
\BOOKMARK [2][-]{subsection.9.3}{\376\377\000D\000e\000f\000e\000c\000t\000-\000r\000e\000a\000c\000t\000i\000o\000n\000\040\000h\000e\000a\000t\000i\000n\000g\000\040\000o\000r\000\040\000c\000o\000o\000l\000i\000n\000g}{section.9}% 26
\BOOKMARK [1][-]{section.10}{\376\377\000B\000o\000u\000n\000d\000a\000r\000y\000\040\000c\000o\000n\000d\000i\000t\000i\000o\000n\000s\000\040\000a\000n\000d\000\040\000t\000h\000e\000i\000r\000\040\000p\000h\000y\000s\000i\000c\000a\000l\000\040\000m\000e\000a\000n\000i\000n\000g}{}% 27
\BOOKMARK [2][-]{subsection.10.1}{\376\377\000D\000i\000r\000i\000c\000h\000l\000e\000t\000\040\000b\000o\000u\000n\000d\000a\000r\000y\000\040\000c\000o\000n\000d\000i\000t\000i\000o\000n\000:\000\040\000p\000r\000e\000s\000c\000r\000i\000b\000e\000d\000\040\000t\000e\000m\000p\000e\000r\000a\000t\000u\000r\000e}{section.10}% 28
\BOOKMARK [2][-]{subsection.10.2}{\376\377\000N\000e\000u\000m\000a\000n\000n\000\040\000b\000o\000u\000n\000d\000a\000r\000y\000\040\000c\000o\000n\000d\000i\000t\000i\000o\000n\000:\000\040\000p\000r\000e\000s\000c\000r\000i\000b\000e\000d\000\040\000h\000e\000a\000t\000\040\000f\000l\000u\000x}{section.10}% 29
\BOOKMARK [2][-]{subsection.10.3}{\376\377\000R\000o\000b\000i\000n\000\040\000b\000o\000u\000n\000d\000a\000r\000y\000\040\000c\000o\000n\000d\000i\000t\000i\000o\000n\000:\000\040\000c\000o\000n\000v\000e\000c\000t\000i\000v\000e\000\040\000o\000r\000\040\000i\000n\000t\000e\000r\000f\000a\000c\000i\000a\000l\000\040\000e\000x\000c\000h\000a\000n\000g\000e}{section.10}% 30
\BOOKMARK [2][-]{subsection.10.4}{\376\377\000W\000h\000a\000t\000\040\000s\000h\000o\000u\000l\000d\000\040\000b\000e\000\040\000u\000s\000e\000d\000\040\000f\000i\000r\000s\000t\000\040\000i\000n\000\040\000t\000h\000i\000s\000\040\000p\000r\000o\000j\000e\000c\000t}{section.10}% 31
\BOOKMARK [1][-]{section.11}{\376\377\000I\000n\000i\000t\000i\000a\000l\000\040\000c\000o\000n\000d\000i\000t\000i\000o\000n\000s\000\040\000a\000n\000d\000\040\000t\000h\000e\000i\000r\000\040\000r\000o\000l\000e}{}% 32
\BOOKMARK [1][-]{section.12}{\376\377\000C\000h\000a\000r\000a\000c\000t\000e\000r\000i\000s\000t\000i\000c\000\040\000s\000c\000a\000l\000e\000s\000\040\000a\000n\000d\000\040\000w\000h\000y\000\040\000t\000h\000e\000y\000\040\000m\000a\000t\000t\000e\000r}{}% 33
\BOOKMARK [2][-]{subsection.12.1}{\376\377\000T\000h\000e\000r\000m\000a\000l\000\040\000d\000i\000f\000f\000u\000s\000i\000o\000n\000\040\000t\000i\000m\000e\000s\000c\000a\000l\000e}{section.12}% 34
\BOOKMARK [2][-]{subsection.12.2}{\376\377\000S\000o\000u\000r\000c\000e\000-\000d\000r\000i\000v\000e\000n\000\040\000t\000e\000m\000p\000e\000r\000a\000t\000u\000r\000e\000\040\000s\000c\000a\000l\000e}{section.12}% 35
\BOOKMARK [2][-]{subsection.12.3}{\376\377\000W\000h\000y\000\040\000s\000c\000a\000l\000e\000\040\000a\000n\000a\000l\000y\000s\000i\000s\000\040\000m\000a\000t\000t\000e\000r\000s\000\040\000f\000o\000r\000\040\000c\000o\000u\000p\000l\000i\000n\000g\000\040\000t\000o\000\040\000M\000o\000d\000u\000l\000e\000\040\0003}{section.12}% 36
\BOOKMARK [1][-]{section.13}{\376\377\000C\000o\000u\000p\000l\000i\000n\000g\000\040\000M\000o\000d\000u\000l\000e\000\040\0004\000a\000\040\000t\000o\000\040\000M\000o\000d\000u\000l\000e\000\040\0003}{}% 37
\BOOKMARK [2][-]{subsection.13.1}{\376\377\000T\000e\000m\000p\000e\000r\000a\000t\000u\000r\000e\000-\000d\000e\000p\000e\000n\000d\000e\000n\000t\000\040\000d\000i\000f\000f\000u\000s\000i\000o\000n\000\040\000c\000o\000e\000f\000f\000i\000c\000i\000e\000n\000t}{section.13}% 38
\BOOKMARK [2][-]{subsection.13.2}{\376\377\000T\000e\000m\000p\000e\000r\000a\000t\000u\000r\000e\000-\000d\000e\000p\000e\000n\000d\000e\000n\000t\000\040\000r\000e\000a\000c\000t\000i\000o\000n\000\040\000a\000n\000d\000\040\000a\000n\000n\000e\000a\000l\000i\000n\000g\000\040\000r\000a\000t\000e\000s}{section.13}% 39
\BOOKMARK [2][-]{subsection.13.3}{\376\377\000W\000h\000a\000t\000\040\000t\000h\000e\000\040\000c\000o\000u\000p\000l\000i\000n\000g\000\040\000m\000e\000a\000n\000s\000\040\000p\000h\000y\000s\000i\000c\000a\000l\000l\000y}{section.13}% 40
\BOOKMARK [1][-]{section.14}{\376\377\000W\000h\000a\000t\000\040\000M\000o\000d\000u\000l\000e\000\040\0004\000a\000\040\000c\000a\000p\000t\000u\000r\000e\000s\000\040\000w\000e\000l\000l\000\040\000a\000n\000d\000\040\000w\000h\000a\000t\000\040\000i\000t\000\040\000d\000o\000e\000s\000\040\000n\000o\000t}{}% 41
\BOOKMARK [2][-]{subsection.14.1}{\376\377\000W\000h\000a\000t\000\040\000M\000o\000d\000u\000l\000e\000\040\0004\000a\000\040\000c\000a\000p\000t\000u\000r\000e\000s\000\040\000w\000e\000l\000l}{section.14}% 42
\BOOKMARK [2][-]{subsection.14.2}{\376\377\000W\000h\000a\000t\000\040\000M\000o\000d\000u\000l\000e\000\040\0004\000a\000\040\000d\000o\000e\000s\000\040\000n\000o\000t\000\040\000c\000a\000p\000t\000u\000r\000e}{section.14}% 43
\BOOKMARK [1][-]{section.15}{\376\377\000V\000e\000r\000i\000f\000i\000c\000a\000t\000i\000o\000n\000\040\000l\000o\000g\000i\000c\000\040\000f\000o\000r\000\040\000t\000h\000e\000\040\000f\000i\000r\000s\000t\000\040\000i\000m\000p\000l\000e\000m\000e\000n\000t\000a\000t\000i\000o\000n}{}% 44
\BOOKMARK [2][-]{subsection.15.1}{\376\377\000T\000e\000s\000t\000\040\0001\000:\000\040\000u\000n\000i\000f\000o\000r\000m\000\040\000e\000q\000u\000i\000l\000i\000b\000r\000i\000u\000m}{section.15}% 45
\BOOKMARK [2][-]{subsection.15.2}{\376\377\000T\000e\000s\000t\000\040\0002\000:\000\040\000l\000o\000c\000a\000l\000i\000z\000e\000d\000\040\000h\000o\000t\000\040\000s\000p\000o\000t\000\040\000d\000i\000f\000f\000u\000s\000i\000o\000n}{section.15}% 46
\BOOKMARK [2][-]{subsection.15.3}{\376\377\000T\000e\000s\000t\000\040\0003\000:\000\040\000d\000r\000i\000v\000e\000n\000\040\000s\000t\000e\000a\000d\000y\000-\000s\000o\000u\000r\000c\000e\000\040\000c\000a\000s\000e}{section.15}% 47
\BOOKMARK [1][-]{section.16}{\376\377\000N\000u\000m\000e\000r\000i\000c\000a\000l\000\040\000f\000o\000r\000m\000\040\000u\000s\000e\000d\000\040\000i\000n\000\040\000t\000h\000e\000\040\000c\000o\000d\000e\000-\000l\000e\000v\000e\000l\000\040\000b\000a\000s\000e\000l\000i\000n\000e}{}% 48
\BOOKMARK [1][-]{section.17}{\376\377\000H\000o\000w\000\040\000M\000o\000d\000u\000l\000e\000\040\0004\000a\000\040\000s\000u\000p\000p\000o\000r\000t\000s\000\040\000f\000a\000s\000t\000\040\000p\000r\000e\000l\000i\000m\000i\000n\000a\000r\000y\000\040\000s\000l\000i\000d\000e\000s\000\040\000a\000n\000d\000\040\000r\000e\000s\000u\000l\000t\000s}{}% 49
\BOOKMARK [1][-]{section.18}{\376\377\000S\000u\000m\000m\000a\000r\000y\000\040\000o\000f\000\040\000t\000h\000e\000\040\000d\000e\000r\000i\000v\000a\000t\000i\000o\000n\000\040\000c\000h\000a\000i\000n}{}% 50
