\BOOKMARK [1][-]{Doc-Start}{\376\377\000S\000y\000m\000b\000o\000l\000s\000\040\000a\000n\000d\000\040\000a\000c\000r\000o\000n\000y\000m\000s\000\040\000u\000s\000e\000d\000\040\000i\000n\000\040\000t\000h\000i\000s\000\040\000d\000o\000c\000u\000m\000e\000n\000t}{}% 1
\BOOKMARK [1][-]{section.1}{\376\377\000R\000o\000l\000e\000\040\000o\000f\000\040\000M\000o\000d\000u\000l\000e\000\040\0001\000\040\000i\000n\000\040\000t\000h\000e\000\040\000f\000u\000l\000l\000\040\000r\000a\000d\000i\000a\000t\000i\000o\000n\000-\000e\000f\000f\000e\000c\000t\000s\000\040\000c\000h\000a\000i\000n}{}% 2
\BOOKMARK [1][-]{section.2}{\376\377\000W\000h\000a\000t\000\040\000M\000o\000d\000u\000l\000e\000\040\0001\000\040\000c\000o\000m\000p\000u\000t\000e\000s}{}% 3
\BOOKMARK [1][-]{section.3}{\376\377\000D\000e\000f\000i\000n\000i\000n\000g\000\040\000t\000h\000e\000\040\000r\000a\000d\000i\000a\000t\000i\000o\000n\000\040\000e\000n\000e\000r\000g\000y\000-\000d\000e\000p\000o\000s\000i\000t\000i\000o\000n\000\040\000s\000o\000u\000r\000c\000e}{}% 4
\BOOKMARK [2][-]{subsection.3.1}{\376\377\000C\000o\000n\000t\000i\000n\000u\000u\000m\000\040\000d\000e\000f\000i\000n\000i\000t\000i\000o\000n}{section.3}% 5
\BOOKMARK [2][-]{subsection.3.2}{\376\377\000R\000e\000l\000a\000t\000i\000o\000n\000\040\000t\000o\000\040\000a\000b\000s\000o\000r\000b\000e\000d\000\040\000d\000o\000s\000e}{section.3}% 6
\BOOKMARK [2][-]{subsection.3.3}{\376\377\000W\000h\000y\000\040\000t\000h\000e\000\040\000r\000a\000d\000i\000a\000t\000i\000o\000n\000\040\000s\000o\000u\000r\000c\000e\000\040\000i\000s\000\040\000n\000o\000t\000\040\000a\000u\000t\000o\000m\000a\000t\000i\000c\000a\000l\000l\000y\000\040\000h\000e\000a\000t}{section.3}% 7
\BOOKMARK [1][-]{section.4}{\376\377\000F\000r\000o\000m\000\040\000d\000i\000s\000c\000r\000e\000t\000e\000\040\000M\000o\000n\000t\000e\000\040\000C\000a\000r\000l\000o\000\040\000s\000t\000e\000p\000s\000\040\000t\000o\000\040\000a\000\040\000b\000i\000n\000n\000e\000d\000\040\000s\000o\000u\000r\000c\000e\000\040\000m\000a\000p}{}% 8
\BOOKMARK [2][-]{subsection.4.1}{\376\377\000D\000i\000s\000c\000r\000e\000t\000e\000\040\000s\000t\000e\000p\000\040\000s\000c\000o\000r\000i\000n\000g}{section.4}% 9
\BOOKMARK [2][-]{subsection.4.2}{\376\377\000N\000o\000r\000m\000a\000l\000i\000z\000a\000t\000i\000o\000n\000\040\000t\000o\000\040\000f\000l\000u\000e\000n\000c\000e\000\040\000r\000a\000t\000e}{section.4}% 10
\BOOKMARK [2][-]{subsection.4.3}{\376\377\000U\000n\000c\000e\000r\000t\000a\000i\000n\000t\000y\000\040\000o\000f\000\040\000t\000h\000e\000\040\000s\000c\000o\000r\000e\000d\000\040\000m\000a\000p}{section.4}% 11
\BOOKMARK [1][-]{section.5}{\376\377\000R\000a\000d\000i\000a\000t\000i\000o\000n\000\040\000t\000r\000a\000n\000s\000p\000o\000r\000t\000\040\000a\000s\000\040\000a\000n\000\040\000e\000n\000e\000r\000g\000y\000-\000b\000a\000l\000a\000n\000c\000e\000\040\000p\000r\000o\000b\000l\000e\000m}{}% 12
\BOOKMARK [1][-]{section.6}{\376\377\000C\000h\000a\000r\000g\000e\000d\000-\000p\000a\000r\000t\000i\000c\000l\000e\000\040\000e\000n\000e\000r\000g\000y\000\040\000l\000o\000s\000s\000\040\000a\000n\000d\000\040\000l\000i\000n\000e\000a\000r\000\040\000e\000n\000e\000r\000g\000y\000\040\000t\000r\000a\000n\000s\000f\000e\000r}{}% 13
\BOOKMARK [2][-]{subsection.6.1}{\376\377\000S\000t\000o\000p\000p\000i\000n\000g\000\040\000p\000o\000w\000e\000r\000\040\000a\000n\000d\000\040\000L\000E\000T}{section.6}% 14
\BOOKMARK [2][-]{subsection.6.2}{\376\377\000Q\000u\000a\000l\000i\000t\000a\000t\000i\000v\000e\000\040\000d\000e\000r\000i\000v\000a\000t\000i\000o\000n\000\040\000o\000f\000\040\000c\000h\000a\000r\000g\000e\000d\000-\000p\000a\000r\000t\000i\000c\000l\000e\000\040\000s\000t\000o\000p\000p\000i\000n\000g}{section.6}% 15
\BOOKMARK [2][-]{subsection.6.3}{\376\377\000W\000h\000y\000\040\000a\000\040\000c\000h\000a\000r\000g\000e\000d\000-\000p\000a\000r\000t\000i\000c\000l\000e\000\040\000t\000r\000a\000c\000k\000\040\000c\000a\000n\000\040\000l\000o\000o\000k\000\040\000s\000t\000r\000a\000i\000g\000h\000t\000\040\000o\000r\000\040\000t\000o\000r\000t\000u\000o\000u\000s}{section.6}% 16
\BOOKMARK [1][-]{section.7}{\376\377\000P\000h\000o\000t\000o\000n\000\040\000i\000n\000t\000e\000r\000a\000c\000t\000i\000o\000n\000s\000\040\000i\000n\000\040\000s\000i\000l\000i\000c\000o\000n}{}% 17
\BOOKMARK [2][-]{subsection.7.1}{\376\377\000P\000h\000o\000t\000o\000e\000l\000e\000c\000t\000r\000i\000c\000\040\000a\000b\000s\000o\000r\000p\000t\000i\000o\000n}{section.7}% 18
\BOOKMARK [2][-]{subsection.7.2}{\376\377\000C\000o\000m\000p\000t\000o\000n\000\040\000s\000c\000a\000t\000t\000e\000r\000i\000n\000g}{section.7}% 19
\BOOKMARK [2][-]{subsection.7.3}{\376\377\000P\000a\000i\000r\000\040\000p\000r\000o\000d\000u\000c\000t\000i\000o\000n}{section.7}% 20
\BOOKMARK [2][-]{subsection.7.4}{\376\377\000P\000h\000o\000t\000o\000n\000u\000c\000l\000e\000a\000r\000\040\000r\000e\000a\000c\000t\000i\000o\000n\000s}{section.7}% 21
\BOOKMARK [1][-]{section.8}{\376\377\000N\000e\000u\000t\000r\000o\000n\000\040\000i\000n\000t\000e\000r\000a\000c\000t\000i\000o\000n\000s\000\040\000i\000n\000\040\000s\000i\000l\000i\000c\000o\000n}{}% 22
\BOOKMARK [2][-]{subsection.8.1}{\376\377\000E\000l\000a\000s\000t\000i\000c\000\040\000r\000e\000c\000o\000i\000l\000\040\000e\000n\000e\000r\000g\000y\000\040\000t\000r\000a\000n\000s\000f\000e\000r}{section.8}% 23
\BOOKMARK [2][-]{subsection.8.2}{\376\377\000W\000h\000y\000\040\000n\000e\000u\000t\000r\000o\000n\000\040\000m\000a\000p\000s\000\040\000a\000r\000e\000\040\000s\000p\000a\000r\000s\000e\000\040\000b\000u\000t\000\040\000i\000m\000p\000o\000r\000t\000a\000n\000t}{section.8}% 24
\BOOKMARK [1][-]{section.9}{\376\377\000D\000i\000s\000p\000l\000a\000c\000e\000m\000e\000n\000t\000\040\000d\000a\000m\000a\000g\000e\000\040\000a\000n\000d\000\040\000d\000e\000f\000e\000c\000t\000\040\000s\000o\000u\000r\000c\000e\000\040\000c\000o\000n\000s\000t\000r\000u\000c\000t\000i\000o\000n}{}% 25
\BOOKMARK [2][-]{subsection.9.1}{\376\377\000V\000a\000c\000a\000n\000c\000y\000-\000i\000n\000t\000e\000r\000s\000t\000i\000t\000i\000a\000l\000\040\000p\000a\000i\000r\000\040\000c\000r\000e\000a\000t\000i\000o\000n}{section.9}% 26
\BOOKMARK [2][-]{subsection.9.2}{\376\377\000F\000r\000o\000m\000\040\000r\000e\000c\000o\000i\000l\000\040\000e\000n\000e\000r\000g\000y\000\040\000t\000o\000\040\000a\000\040\000d\000e\000f\000e\000c\000t\000-\000g\000e\000n\000e\000r\000a\000t\000i\000o\000n\000\040\000r\000a\000t\000e}{section.9}% 27
\BOOKMARK [2][-]{subsection.9.3}{\376\377\000N\000I\000E\000L\000-\000b\000a\000s\000e\000d\000\040\000r\000e\000d\000u\000c\000e\000d\000\040\000s\000o\000u\000r\000c\000e}{section.9}% 28
\BOOKMARK [1][-]{section.10}{\376\377\000I\000o\000n\000i\000z\000a\000t\000i\000o\000n\000\040\000s\000o\000u\000r\000c\000e\000\040\000a\000n\000d\000\040\000e\000l\000e\000c\000t\000r\000o\000n\000-\000h\000o\000l\000e\000\040\000p\000a\000i\000r\000\040\000g\000e\000n\000e\000r\000a\000t\000i\000o\000n}{}% 29
\BOOKMARK [1][-]{section.11}{\376\377\000T\000h\000e\000r\000m\000a\000l\000\040\000s\000o\000u\000r\000c\000e\000\040\000p\000a\000s\000s\000e\000d\000\040\000t\000o\000\040\000M\000o\000d\000u\000l\000e\000\040\0004}{}% 30
\BOOKMARK [1][-]{section.12}{\376\377\000M\000a\000p\000p\000i\000n\000g\000\040\000t\000h\000r\000e\000e\000-\000d\000i\000m\000e\000n\000s\000i\000o\000n\000a\000l\000\040\000t\000r\000a\000n\000s\000p\000o\000r\000t\000\040\000t\000o\000\040\000a\000\040\000t\000w\000o\000-\000d\000i\000m\000e\000n\000s\000i\000o\000n\000a\000l\000\040\000p\000r\000o\000j\000e\000c\000t\000\040\000m\000o\000d\000e\000l}{}% 31
\BOOKMARK [2][-]{subsection.12.1}{\376\377\000F\000u\000l\000l\000\040\0003\000D\000\040\000s\000o\000u\000r\000c\000e}{section.12}% 32
\BOOKMARK [2][-]{subsection.12.2}{\376\377\000D\000e\000p\000t\000h\000\040\000a\000v\000e\000r\000a\000g\000i\000n\000g}{section.12}% 33
\BOOKMARK [2][-]{subsection.12.3}{\376\377\000W\000h\000e\000n\000\040\0002\000D\000\040\000i\000s\000\040\000p\000h\000y\000s\000i\000c\000a\000l\000l\000y\000\040\000a\000c\000c\000e\000p\000t\000a\000b\000l\000e}{section.12}% 34
\BOOKMARK [1][-]{section.13}{\376\377\000I\000n\000t\000e\000r\000a\000c\000t\000i\000o\000n\000-\000r\000e\000s\000o\000l\000v\000e\000d\000\040\000c\000a\000m\000p\000a\000i\000g\000n\000\040\000p\000h\000i\000l\000o\000s\000o\000p\000h\000y}{}% 35
\BOOKMARK [2][-]{subsection.13.1}{\376\377\000P\000h\000o\000t\000o\000n\000\040\000c\000a\000m\000p\000a\000i\000g\000n\000\040\000l\000o\000g\000i\000c}{section.13}% 36
\BOOKMARK [2][-]{subsection.13.2}{\376\377\000N\000e\000u\000t\000r\000o\000n\000\040\000c\000a\000m\000p\000a\000i\000g\000n\000\040\000l\000o\000g\000i\000c}{section.13}% 37
\BOOKMARK [2][-]{subsection.13.3}{\376\377\000C\000h\000a\000r\000g\000e\000d\000-\000p\000a\000r\000t\000i\000c\000l\000e\000\040\000c\000a\000m\000p\000a\000i\000g\000n\000\040\000l\000o\000g\000i\000c}{section.13}% 38
\BOOKMARK [1][-]{section.14}{\376\377\000M\000o\000d\000u\000l\000e\000\040\0001\000\040\000o\000u\000t\000p\000u\000t\000s\000\040\000r\000e\000q\000u\000i\000r\000e\000d\000\040\000b\000y\000\040\000l\000a\000t\000e\000r\000\040\000m\000o\000d\000u\000l\000e\000s}{}% 39
\BOOKMARK [2][-]{subsection.14.1}{\376\377\000O\000u\000t\000p\000u\000t\000\040\000t\000o\000\040\000M\000o\000d\000u\000l\000e\000\040\0003\000:\000\040\000d\000e\000f\000e\000c\000t\000-\000g\000e\000n\000e\000r\000a\000t\000i\000o\000n\000\040\000m\000a\000p}{section.14}% 40
\BOOKMARK [2][-]{subsection.14.2}{\376\377\000O\000u\000t\000p\000u\000t\000\040\000t\000o\000\040\000M\000o\000d\000u\000l\000e\000\040\0004\000:\000\040\000t\000h\000e\000r\000m\000a\000l\000\040\000s\000o\000u\000r\000c\000e}{section.14}% 41
\BOOKMARK [2][-]{subsection.14.3}{\376\377\000O\000u\000t\000p\000u\000t\000\040\000t\000o\000\040\000M\000o\000d\000u\000l\000e\000\040\0005\000:\000\040\000c\000a\000r\000r\000i\000e\000r\000-\000g\000e\000n\000e\000r\000a\000t\000i\000o\000n\000\040\000s\000o\000u\000r\000c\000e}{section.14}% 42
\BOOKMARK [2][-]{subsection.14.4}{\376\377\000O\000u\000t\000p\000u\000t\000\040\000t\000o\000\040\000M\000o\000d\000u\000l\000e\000\040\0002\000:\000\040\000i\000n\000d\000i\000r\000e\000c\000t\000\040\000c\000h\000a\000r\000g\000e\000\040\000s\000o\000u\000r\000c\000e\000\040\000t\000h\000r\000o\000u\000g\000h\000\040\000d\000e\000f\000e\000c\000t\000s}{section.14}% 43
\BOOKMARK [1][-]{section.15}{\376\377\000R\000e\000d\000u\000c\000e\000d\000\040\000s\000o\000u\000r\000c\000e\000\040\000m\000o\000d\000e\000l\000s\000\040\000f\000o\000r\000\040\000e\000a\000r\000l\000y\000\040\000M\000A\000T\000L\000A\000B\000\040\000d\000e\000v\000e\000l\000o\000p\000m\000e\000n\000t}{}% 44
\BOOKMARK [2][-]{subsection.15.1}{\376\377\000G\000a\000u\000s\000s\000i\000a\000n\000\040\000d\000e\000p\000o\000s\000i\000t\000i\000o\000n\000\040\000m\000a\000p}{section.15}% 45
\BOOKMARK [2][-]{subsection.15.2}{\376\377\000T\000r\000a\000c\000k\000-\000l\000i\000k\000e\000\040\000d\000e\000p\000o\000s\000i\000t\000i\000o\000n\000\040\000m\000a\000p}{section.15}% 46
\BOOKMARK [2][-]{subsection.15.3}{\376\377\000S\000p\000a\000r\000s\000e\000\040\000r\000e\000c\000o\000i\000l\000-\000e\000v\000e\000n\000t\000\040\000m\000a\000p}{section.15}% 47
\BOOKMARK [1][-]{section.16}{\376\377\000B\000o\000u\000n\000d\000a\000r\000y\000\040\000a\000n\000d\000\040\000g\000e\000o\000m\000e\000t\000r\000y\000\040\000c\000o\000n\000s\000i\000d\000e\000r\000a\000t\000i\000o\000n\000s\000\040\000f\000o\000r\000\040\000G\000e\000a\000n\000t\0004\000\040\000s\000c\000o\000r\000i\000n\000g}{}% 48
\BOOKMARK [1][-]{section.17}{\376\377\000S\000p\000a\000t\000i\000a\000l\000\040\000r\000e\000s\000o\000l\000u\000t\000i\000o\000n\000\040\000a\000n\000d\000\040\000p\000h\000y\000s\000i\000c\000a\000l\000\040\000l\000e\000n\000g\000t\000h\000\040\000s\000c\000a\000l\000e\000s}{}% 49
\BOOKMARK [1][-]{section.18}{\376\377\000T\000i\000m\000e\000\040\000s\000t\000r\000u\000c\000t\000u\000r\000e\000\040\000o\000f\000\040\000r\000a\000d\000i\000a\000t\000i\000o\000n\000\040\000f\000o\000r\000c\000i\000n\000g}{}% 50
\BOOKMARK [2][-]{subsection.18.1}{\376\377\000P\000u\000l\000s\000e\000\040\000a\000p\000p\000r\000o\000x\000i\000m\000a\000t\000i\000o\000n}{section.18}% 51
\BOOKMARK [2][-]{subsection.18.2}{\376\377\000S\000t\000e\000a\000d\000y\000\040\000i\000r\000r\000a\000d\000i\000a\000t\000i\000o\000n\000\040\000a\000p\000p\000r\000o\000x\000i\000m\000a\000t\000i\000o\000n}{section.18}% 52
\BOOKMARK [2][-]{subsection.18.3}{\376\377\000W\000h\000y\000\040\000t\000h\000e\000\040\000c\000h\000o\000i\000c\000e\000\040\000m\000a\000t\000t\000e\000r\000s}{section.18}% 53
\BOOKMARK [1][-]{section.19}{\376\377\000V\000e\000r\000i\000f\000i\000c\000a\000t\000i\000o\000n\000\040\000a\000n\000d\000\040\000s\000a\000n\000i\000t\000y\000\040\000c\000h\000e\000c\000k\000s\000\040\000f\000o\000r\000\040\000M\000o\000d\000u\000l\000e\000\040\0001}{}% 54
\BOOKMARK [2][-]{subsection.19.1}{\376\377\000E\000n\000e\000r\000g\000y\000\040\000c\000o\000n\000s\000e\000r\000v\000a\000t\000i\000o\000n\000\040\000c\000h\000e\000c\000k}{section.19}% 55
\BOOKMARK [2][-]{subsection.19.2}{\376\377\000R\000a\000n\000g\000e\000\040\000a\000n\000d\000\040\000p\000e\000n\000e\000t\000r\000a\000t\000i\000o\000n\000\040\000c\000h\000e\000c\000k}{section.19}% 56
\BOOKMARK [2][-]{subsection.19.3}{\376\377\000M\000e\000s\000h\000-\000c\000o\000n\000s\000e\000r\000v\000a\000t\000i\000o\000n\000\040\000c\000h\000e\000c\000k}{section.19}% 57
\BOOKMARK [2][-]{subsection.19.4}{\376\377\000U\000n\000c\000e\000r\000t\000a\000i\000n\000t\000y\000\040\000c\000h\000e\000c\000k}{section.19}% 58
\BOOKMARK [1][-]{section.20}{\376\377\000M\000i\000n\000i\000m\000a\000l\000\040\000M\000o\000d\000u\000l\000e\000\040\0001\000\040\000d\000a\000t\000a\000\040\000p\000r\000o\000d\000u\000c\000t\000s}{}% 59
\BOOKMARK [1][-]{section.21}{\376\377\000R\000e\000c\000o\000m\000m\000e\000n\000d\000e\000d\000\040\000n\000o\000t\000a\000t\000i\000o\000n\000\040\000f\000o\000r\000\040\000t\000h\000e\000\040\000r\000e\000s\000t\000\040\000o\000f\000\040\000t\000h\000e\000\040\000p\000r\000o\000j\000e\000c\000t}{}% 60
\BOOKMARK [1][-]{section.22}{\376\377\000H\000o\000w\000\040\000t\000h\000i\000s\000\040\000m\000o\000d\000u\000l\000e\000\040\000c\000o\000n\000n\000e\000c\000t\000s\000\040\000t\000o\000\040\000t\000h\000e\000\040\000s\000l\000i\000d\000e\000\040\000d\000r\000a\000w\000i\000n\000g\000s}{}% 61
\BOOKMARK [1][-]{section.23}{\376\377\000S\000u\000m\000m\000a\000r\000y}{}% 62
