\BOOKMARK [1][-]{Doc-Start}{\376\377\000S\000y\000m\000b\000o\000l\000s\000\040\000a\000n\000d\000\040\000a\000c\000r\000o\000n\000y\000m\000s\000\040\000u\000s\000e\000d\000\040\000i\000n\000\040\000t\000h\000i\000s\000\040\000d\000o\000c\000u\000m\000e\000n\000t}{}% 1
\BOOKMARK [1][-]{section.1}{\376\377\000W\000h\000a\000t\000\040\000M\000o\000d\000u\000l\000e\000\040\0005\000\040\000d\000i\000d\000\040\000b\000e\000f\000o\000r\000e\000\040\000s\000u\000p\000e\000r\000c\000o\000n\000d\000u\000c\000t\000i\000v\000i\000t\000y}{}% 2
\BOOKMARK [1][-]{section.2}{\376\377\000T\000h\000e\000\040\000f\000i\000r\000s\000t\000\040\000c\000o\000n\000c\000e\000p\000t\000u\000a\000l\000\040\000c\000h\000a\000n\000g\000e\000\040\000b\000e\000l\000o\000w\000\040\000t\000h\000e\000\040\000s\000u\000p\000e\000r\000c\000o\000n\000d\000u\000c\000t\000i\000n\000g\000\040\000t\000r\000a\000n\000s\000i\000t\000i\000o\000n}{}% 3
\BOOKMARK [2][-]{subsection.2.1}{\376\377\000W\000h\000i\000c\000h\000\040\000c\000a\000r\000r\000i\000e\000r\000\040\000p\000o\000p\000u\000l\000a\000t\000i\000o\000n\000s\000\040\000r\000e\000m\000a\000i\000n\000\040\000r\000e\000l\000e\000v\000a\000n\000t\000?}{section.2}% 4
\BOOKMARK [1][-]{section.3}{\376\377\000S\000e\000m\000i\000c\000o\000n\000d\000u\000c\000t\000o\000r\000\040\000c\000a\000r\000r\000i\000e\000r\000s\000\040\000a\000t\000\040\000c\000r\000y\000o\000g\000e\000n\000i\000c\000\040\000t\000e\000m\000p\000e\000r\000a\000t\000u\000r\000e\000:\000\040\000f\000r\000e\000e\000z\000e\000-\000o\000u\000t\000\040\000a\000n\000d\000\040\000r\000a\000d\000i\000a\000t\000i\000o\000n\000\040\000b\000u\000r\000s\000t\000s}{}% 5
\BOOKMARK [2][-]{subsection.3.1}{\376\377\000D\000r\000i\000f\000t\000\040\000a\000n\000d\000\040\000d\000i\000f\000f\000u\000s\000i\000o\000n\000\040\000a\000r\000e\000\040\000s\000t\000i\000l\000l\000\040\000p\000o\000s\000s\000i\000b\000l\000e\000,\000\040\000b\000u\000t\000\040\000t\000h\000e\000\040\000p\000a\000r\000a\000m\000e\000t\000e\000r\000s\000\040\000c\000h\000a\000n\000g\000e}{section.3}% 6
\BOOKMARK [1][-]{section.4}{\376\377\000S\000u\000p\000e\000r\000c\000o\000n\000d\000u\000c\000t\000i\000n\000g\000\040\000c\000u\000r\000r\000e\000n\000t\000\040\000i\000s\000\040\000n\000o\000t\000\040\000o\000r\000d\000i\000n\000a\000r\000y\000\040\000d\000r\000i\000f\000t\000-\000d\000i\000f\000f\000u\000s\000i\000o\000n}{}% 7
\BOOKMARK [2][-]{subsection.4.1}{\376\377\000C\000o\000n\000t\000i\000n\000u\000i\000t\000y\000\040\000e\000q\000u\000a\000t\000i\000o\000n\000\040\000f\000o\000r\000\040\000c\000o\000n\000d\000e\000n\000s\000a\000t\000e\000\040\000c\000h\000a\000r\000g\000e}{section.4}% 8
\BOOKMARK [2][-]{subsection.4.2}{\376\377\000K\000i\000n\000e\000t\000i\000c\000\040\000i\000n\000d\000u\000c\000t\000a\000n\000c\000e\000\040\000a\000s\000\040\000t\000h\000e\000\040\000t\000r\000a\000n\000s\000p\000o\000r\000t\000\040\000o\000u\000t\000p\000u\000t\000\040\000o\000f\000\040\000t\000h\000e\000\040\000c\000o\000n\000d\000e\000n\000s\000a\000t\000e}{section.4}% 9
\BOOKMARK [1][-]{section.5}{\376\377\000Q\000u\000a\000s\000i\000p\000a\000r\000t\000i\000c\000l\000e\000\040\000t\000r\000a\000n\000s\000p\000o\000r\000t\000\040\000i\000n\000\040\000s\000u\000p\000e\000r\000c\000o\000n\000d\000u\000c\000t\000i\000n\000g\000\040\000f\000i\000l\000m\000s}{}% 10
\BOOKMARK [2][-]{subsection.5.1}{\376\377\000W\000h\000y\000\040\000q\000u\000a\000s\000i\000p\000a\000r\000t\000i\000c\000l\000e\000\040\000t\000r\000a\000n\000s\000p\000o\000r\000t\000\040\000i\000s\000\040\000M\000o\000d\000u\000l\000e\000\040\0005\000,\000\040\000n\000o\000t\000\040\000o\000n\000l\000y\000\040\000M\000o\000d\000u\000l\000e\000\040\0004}{section.5}% 11
\BOOKMARK [2][-]{subsection.5.2}{\376\377\000N\000o\000r\000m\000a\000l\000i\000z\000e\000d\000\040\000q\000u\000a\000s\000i\000p\000a\000r\000t\000i\000c\000l\000e\000\040\000d\000e\000n\000s\000i\000t\000y}{section.5}% 12
\BOOKMARK [1][-]{section.6}{\376\377\000Q\000u\000a\000s\000i\000p\000a\000r\000t\000i\000c\000l\000e\000\040\000c\000u\000r\000r\000e\000n\000t\000\040\000a\000n\000d\000\040\000c\000h\000a\000r\000g\000e\000\040\000i\000m\000b\000a\000l\000a\000n\000c\000e}{}% 13
\BOOKMARK [1][-]{section.7}{\376\377\000J\000o\000s\000e\000p\000h\000s\000o\000n\000\040\000j\000u\000n\000c\000t\000i\000o\000n\000\040\000t\000r\000a\000n\000s\000p\000o\000r\000t\000\040\000r\000e\000p\000l\000a\000c\000e\000s\000\040\000o\000r\000d\000i\000n\000a\000r\000y\000\040\000d\000r\000i\000f\000t\000\040\000c\000u\000r\000r\000e\000n\000t\000\040\000a\000c\000r\000o\000s\000s\000\040\000t\000h\000e\000\040\000w\000e\000a\000k\000\040\000l\000i\000n\000k}{}% 14
\BOOKMARK [2][-]{subsection.7.1}{\376\377\000J\000o\000s\000e\000p\000h\000s\000o\000n\000\040\000e\000n\000e\000r\000g\000y\000\040\000a\000n\000d\000\040\000c\000h\000a\000r\000g\000i\000n\000g\000\040\000e\000n\000e\000r\000g\000y}{section.7}% 15
\BOOKMARK [1][-]{section.8}{\376\377\000Q\000u\000a\000s\000i\000p\000a\000r\000t\000i\000c\000l\000e\000\040\000t\000u\000n\000n\000e\000l\000i\000n\000g\000\040\000a\000n\000d\000\040\000p\000o\000i\000s\000o\000n\000i\000n\000g}{}% 16
\BOOKMARK [2][-]{subsection.8.1}{\376\377\000P\000a\000i\000r\000-\000b\000r\000e\000a\000k\000i\000n\000g\000\040\000g\000e\000n\000e\000r\000a\000t\000i\000o\000n\000\040\000s\000o\000u\000r\000c\000e\000\040\000f\000r\000o\000m\000\040\000M\000o\000d\000u\000l\000e\000\040\0004}{section.8}% 17
\BOOKMARK [1][-]{section.9}{\376\377\000O\000f\000f\000s\000e\000t\000\040\000c\000h\000a\000r\000g\000e\000\040\000f\000r\000o\000m\000\040\000r\000a\000d\000i\000a\000t\000i\000o\000n\000-\000g\000e\000n\000e\000r\000a\000t\000e\000d\000\040\000c\000a\000r\000r\000i\000e\000r\000s\000\040\000a\000n\000d\000\040\000t\000r\000a\000p\000s}{}% 18
\BOOKMARK [2][-]{subsection.9.1}{\376\377\000T\000r\000a\000p\000\040\000o\000c\000c\000u\000p\000a\000t\000i\000o\000n\000\040\000a\000s\000\040\000a\000\040\000s\000t\000o\000c\000h\000a\000s\000t\000i\000c\000\040\000o\000r\000\040\000c\000o\000n\000t\000i\000n\000u\000u\000m\000\040\000v\000a\000r\000i\000a\000b\000l\000e}{section.9}% 19
\BOOKMARK [1][-]{section.10}{\376\377\000C\000a\000p\000a\000c\000i\000t\000a\000n\000c\000e\000-\000m\000a\000t\000r\000i\000x\000\040\000f\000o\000r\000m\000u\000l\000a\000t\000i\000o\000n\000\040\000f\000o\000r\000\040\000s\000u\000p\000e\000r\000c\000o\000n\000d\000u\000c\000t\000i\000n\000g\000\040\000i\000s\000l\000a\000n\000d\000s}{}% 20
\BOOKMARK [1][-]{section.11}{\376\377\000H\000o\000w\000\040\000d\000e\000f\000e\000c\000t\000s\000\040\000a\000l\000t\000e\000r\000\040\000s\000u\000p\000e\000r\000c\000o\000n\000d\000u\000c\000t\000i\000n\000g\000\040\000c\000a\000r\000r\000i\000e\000r\000\040\000r\000e\000s\000p\000o\000n\000s\000e}{}% 21
\BOOKMARK [1][-]{section.12}{\376\377\000R\000a\000d\000i\000a\000t\000i\000o\000n\000\040\000e\000v\000e\000n\000t\000\040\000c\000h\000a\000i\000n\000\040\000f\000o\000r\000\040\000s\000u\000p\000e\000r\000c\000o\000n\000d\000u\000c\000t\000i\000n\000g\000\040\000M\000o\000d\000u\000l\000e\000\040\0005}{}% 22
\BOOKMARK [2][-]{subsection.12.1}{\376\377\000C\000h\000a\000r\000g\000e\000\040\000b\000r\000a\000n\000c\000h}{section.12}% 23
\BOOKMARK [2][-]{subsection.12.2}{\376\377\000Q\000u\000a\000s\000i\000p\000a\000r\000t\000i\000c\000l\000e\000\040\000b\000r\000a\000n\000c\000h}{section.12}% 24
\BOOKMARK [1][-]{section.13}{\376\377\000B\000o\000u\000n\000d\000a\000r\000y\000\040\000a\000n\000d\000\040\000i\000n\000t\000e\000r\000f\000a\000c\000e\000\040\000c\000o\000n\000d\000i\000t\000i\000o\000n\000s}{}% 25
\BOOKMARK [2][-]{subsection.13.1}{\376\377\000S\000u\000b\000s\000t\000r\000a\000t\000e\000\040\000c\000h\000a\000r\000g\000e\000\040\000b\000o\000u\000n\000d\000a\000r\000i\000e\000s}{section.13}% 26
\BOOKMARK [2][-]{subsection.13.2}{\376\377\000Q\000u\000a\000s\000i\000p\000a\000r\000t\000i\000c\000l\000e\000\040\000f\000i\000l\000m\000\040\000b\000o\000u\000n\000d\000a\000r\000i\000e\000s}{section.13}% 27
\BOOKMARK [2][-]{subsection.13.3}{\376\377\000J\000u\000n\000c\000t\000i\000o\000n\000\040\000c\000o\000u\000p\000l\000i\000n\000g\000\040\000b\000o\000u\000n\000d\000a\000r\000y}{section.13}% 28
\BOOKMARK [1][-]{section.14}{\376\377\000F\000E\000M\000\040\000w\000e\000a\000k\000\040\000f\000o\000r\000m\000s\000\040\000f\000o\000r\000\040\000s\000u\000p\000e\000r\000c\000o\000n\000d\000u\000c\000t\000i\000n\000g\000\040\000M\000o\000d\000u\000l\000e\000\040\0005}{}% 29
\BOOKMARK [2][-]{subsection.14.1}{\376\377\000W\000e\000a\000k\000\040\000f\000o\000r\000m\000\040\000f\000o\000r\000\040\000t\000r\000a\000p\000\040\000o\000c\000c\000u\000p\000a\000t\000i\000o\000n}{section.14}% 30
\BOOKMARK [1][-]{section.15}{\376\377\000P\000I\000N\000N\000\040\000a\000n\000d\000\040\000c\000a\000u\000s\000a\000l\000-\000P\000I\000N\000N\000\040\000i\000m\000p\000l\000i\000c\000a\000t\000i\000o\000n\000s}{}% 31
\BOOKMARK [1][-]{section.16}{\376\377\000S\000u\000g\000g\000e\000s\000t\000e\000d\000\040\000s\000t\000a\000t\000e\000\040\000v\000e\000c\000t\000o\000r\000\040\000f\000o\000r\000\040\000a\000\040\000f\000u\000t\000u\000r\000e\000\040\000M\000A\000T\000L\000A\000B\000\040\000i\000m\000p\000l\000e\000m\000e\000n\000t\000a\000t\000i\000o\000n}{}% 32
\BOOKMARK [2][-]{subsection.16.1}{\376\377\000M\000i\000n\000i\000m\000u\000m\000\040\000u\000s\000e\000f\000u\000l\000\040\000s\000u\000p\000e\000r\000c\000o\000n\000d\000u\000c\000t\000i\000n\000g\000\040\000M\000o\000d\000u\000l\000e\000\040\0005\000\040\000s\000t\000a\000t\000e}{section.16}% 33
\BOOKMARK [2][-]{subsection.16.2}{\376\377\000R\000e\000c\000o\000m\000m\000e\000n\000d\000e\000d\000\040\000M\000A\000T\000L\000A\000B\000\040\000d\000a\000t\000a\000\040\000f\000i\000e\000l\000d\000s}{section.16}% 34
\BOOKMARK [2][-]{subsection.16.3}{\376\377\000R\000e\000d\000u\000c\000e\000d\000\040\000s\000o\000l\000v\000e\000r\000\040\000s\000e\000q\000u\000e\000n\000c\000e}{section.16}% 35
\BOOKMARK [1][-]{section.17}{\376\377\000D\000e\000v\000i\000c\000e\000-\000l\000e\000v\000e\000l\000\040\000r\000e\000s\000p\000o\000n\000s\000e\000\040\000m\000e\000t\000r\000i\000c\000s}{}% 36
\BOOKMARK [2][-]{subsection.17.1}{\376\377\000Q\000u\000a\000s\000i\000p\000a\000r\000t\000i\000c\000l\000e\000\040\000p\000o\000i\000s\000o\000n\000i\000n\000g\000\040\000s\000c\000o\000r\000e}{section.17}% 37
\BOOKMARK [2][-]{subsection.17.2}{\376\377\000C\000h\000a\000r\000g\000e\000-\000n\000o\000i\000s\000e\000\040\000a\000n\000d\000\040\000o\000f\000f\000s\000e\000t\000-\000c\000h\000a\000r\000g\000e\000\040\000s\000c\000o\000r\000e}{section.17}% 38
\BOOKMARK [2][-]{subsection.17.3}{\376\377\000K\000i\000n\000e\000t\000i\000c\000-\000i\000n\000d\000u\000c\000t\000a\000n\000c\000e\000\040\000r\000e\000s\000p\000o\000n\000s\000e}{section.17}% 39
\BOOKMARK [1][-]{section.18}{\376\377\000R\000e\000d\000u\000c\000e\000d\000-\000m\000o\000d\000e\000l\000\040\000f\000i\000d\000e\000l\000i\000t\000y\000\040\000l\000a\000d\000d\000e\000r}{}% 40
\BOOKMARK [1][-]{section.19}{\376\377\000V\000e\000r\000i\000f\000i\000c\000a\000t\000i\000o\000n\000\040\000t\000e\000s\000t\000s}{}% 41
\BOOKMARK [2][-]{subsection.19.1}{\376\377\000T\000e\000s\000t\000\040\0001\000:\000\040\000z\000e\000r\000o\000-\000s\000o\000u\000r\000c\000e\000\040\000e\000q\000u\000i\000l\000i\000b\000r\000i\000u\000m}{section.19}% 42
\BOOKMARK [2][-]{subsection.19.2}{\376\377\000T\000e\000s\000t\000\040\0002\000:\000\040\000u\000n\000i\000f\000o\000r\000m\000\040\000Q\000P\000\040\000g\000e\000n\000e\000r\000a\000t\000i\000o\000n\000\040\000w\000i\000t\000h\000\040\000n\000o\000\040\000d\000i\000f\000f\000u\000s\000i\000o\000n}{section.19}% 43
\BOOKMARK [2][-]{subsection.19.3}{\376\377\000T\000e\000s\000t\000\040\0003\000:\000\040\000d\000i\000f\000f\000u\000s\000i\000o\000n\000\040\000f\000r\000o\000m\000\040\000a\000\040\000l\000o\000c\000a\000l\000i\000z\000e\000d\000\040\000Q\000P\000\040\000b\000u\000r\000s\000t}{section.19}% 44
\BOOKMARK [2][-]{subsection.19.4}{\376\377\000T\000e\000s\000t\000\040\0004\000:\000\040\000w\000e\000i\000g\000h\000t\000i\000n\000g\000-\000p\000o\000t\000e\000n\000t\000i\000a\000l\000\040\000o\000f\000f\000s\000e\000t\000\040\000c\000h\000a\000r\000g\000e}{section.19}% 45
\BOOKMARK [2][-]{subsection.19.5}{\376\377\000T\000e\000s\000t\000\040\0005\000:\000\040\000j\000u\000n\000c\000t\000i\000o\000n\000-\000l\000o\000c\000a\000l\000\040\000p\000o\000i\000s\000o\000n\000i\000n\000g\000\040\000m\000e\000t\000r\000i\000c}{section.19}% 46
\BOOKMARK [1][-]{section.20}{\376\377\000H\000o\000w\000\040\000t\000h\000i\000s\000\040\000c\000h\000a\000n\000g\000e\000s\000\040\000t\000h\000e\000\040\000r\000o\000l\000e\000\040\000o\000f\000\040\000M\000o\000d\000u\000l\000e\000\040\0005\000\040\000i\000n\000\040\000t\000h\000e\000\040\000f\000u\000l\000l\000\040\000p\000r\000o\000j\000e\000c\000t}{}% 47
\BOOKMARK [1][-]{section.21}{\376\377\000S\000u\000m\000m\000a\000r\000y\000\040\000o\000f\000\040\000m\000o\000d\000e\000l\000i\000n\000g\000\040\000r\000e\000p\000l\000a\000c\000e\000m\000e\000n\000t\000s}{}% 48
\BOOKMARK [1][-]{section.21}{\376\377\000R\000e\000f\000e\000r\000e\000n\000c\000e\000s\000\040\000f\000o\000r\000\040\000f\000u\000r\000t\000h\000e\000r\000\040\000s\000t\000u\000d\000y}{}% 49
