\BOOKMARK [1][-]{Doc-Start}{\376\377\000S\000y\000m\000b\000o\000l\000s\000\040\000a\000n\000d\000\040\000a\000c\000r\000o\000n\000y\000m\000s\000\040\000u\000s\000e\000d\000\040\000i\000n\000\040\000t\000h\000i\000s\000\040\000d\000o\000c\000u\000m\000e\000n\000t}{}% 1
\BOOKMARK [1][-]{section.1}{\376\377\000M\000o\000d\000u\000l\000e\000\040\0001\0001\000\040\000i\000n\000\040\000o\000n\000e\000\040\000s\000e\000n\000t\000e\000n\000c\000e}{}% 2
\BOOKMARK [1][-]{section.2}{\376\377\000S\000c\000o\000p\000e\000:\000\040\000o\000n\000e\000\040\000g\000r\000a\000p\000h\000\040\000a\000n\000d\000\040\000o\000n\000l\000y\000\040\000o\000n\000e\000\040\000g\000r\000a\000p\000h}{}% 3
\BOOKMARK [2][-]{subsection.2.1}{\376\377\000T\000h\000e\000\040\000p\000h\000y\000s\000i\000c\000a\000l\000\040\000d\000e\000p\000e\000n\000d\000e\000n\000c\000y\000\040\000g\000r\000a\000p\000h}{section.2}% 4
\BOOKMARK [2][-]{subsection.2.2}{\376\377\000W\000h\000a\000t\000\040\000i\000s\000\040\000d\000e\000l\000i\000b\000e\000r\000a\000t\000e\000l\000y\000\040\000e\000x\000c\000l\000u\000d\000e\000d}{section.2}% 5
\BOOKMARK [2][-]{subsection.2.3}{\376\377\000W\000h\000y\000\040\000t\000h\000i\000s\000\040\000n\000a\000r\000r\000o\000w\000e\000r\000\040\000o\000b\000j\000e\000c\000t\000i\000v\000e\000\040\000i\000s\000\040\000s\000c\000i\000e\000n\000t\000i\000f\000i\000c\000a\000l\000l\000y\000\040\000s\000t\000r\000o\000n\000g\000e\000r}{section.2}% 6
\BOOKMARK [1][-]{section.3}{\376\377\000W\000h\000a\000t\000\040\000d\000o\000e\000s\000\040\000`\000`\000o\000p\000t\000i\000m\000i\000z\000e\000d\000\040\000p\000h\000y\000s\000i\000c\000a\000l\000\040\000d\000e\000p\000e\000n\000d\000e\000n\000c\000y\000\040\000g\000r\000a\000p\000h\000'\000'\000\040\000m\000e\000a\000n\000?}{}% 7
\BOOKMARK [1][-]{section.4}{\376\377\000P\000h\000y\000s\000i\000c\000a\000l\000\040\000v\000a\000r\000i\000a\000b\000l\000e\000s\000\040\000a\000n\000d\000\040\000e\000q\000u\000a\000t\000i\000o\000n\000s\000\040\000i\000n\000h\000e\000r\000i\000t\000e\000d\000\040\000f\000r\000o\000m\000\040\000M\000o\000d\000u\000l\000e\000s\000\040\0002\040\023\0005}{}% 8
\BOOKMARK [2][-]{subsection.4.1}{\376\377\000D\000e\000f\000e\000c\000t\000\040\000e\000v\000o\000l\000u\000t\000i\000o\000n}{section.4}% 9
\BOOKMARK [2][-]{subsection.4.2}{\376\377\000E\000l\000e\000c\000t\000r\000o\000s\000t\000a\000t\000i\000c\000s}{section.4}% 10
\BOOKMARK [2][-]{subsection.4.3}{\376\377\000C\000a\000r\000r\000i\000e\000r\000\040\000t\000r\000a\000n\000s\000p\000o\000r\000t}{section.4}% 11
\BOOKMARK [2][-]{subsection.4.4}{\376\377\000T\000h\000e\000r\000m\000a\000l\000\040\000t\000r\000a\000n\000s\000p\000o\000r\000t}{section.4}% 12
\BOOKMARK [1][-]{section.5}{\376\377\000T\000h\000e\000\040\000c\000a\000n\000d\000i\000d\000a\000t\000e\000\040\000p\000h\000y\000s\000i\000c\000a\000l\000\040\000d\000e\000p\000e\000n\000d\000e\000n\000c\000y\000\040\000g\000r\000a\000p\000h\000\040\000f\000o\000r\000\040\000t\000h\000e\000\040\000c\000u\000r\000r\000e\000n\000t\000\040\000p\000r\000o\000j\000e\000c\000t}{}% 13
\BOOKMARK [2][-]{subsection.5.1}{\376\377\000R\000e\000d\000u\000c\000e\000d\000\040\000e\000x\000e\000c\000u\000t\000a\000b\000l\000e\000\040\000g\000r\000a\000p\000h}{section.5}% 14
\BOOKMARK [2][-]{subsection.5.2}{\376\377\000D\000i\000r\000e\000c\000t\000,\000\040\000i\000n\000d\000i\000r\000e\000c\000t\000,\000\040\000a\000n\000d\000\040\000r\000e\000d\000u\000n\000d\000a\000n\000t\000\040\000e\000d\000g\000e\000s}{section.5}% 15
\BOOKMARK [2][-]{subsection.5.3}{\376\377\000E\000d\000g\000e\000\040\000m\000e\000c\000h\000a\000n\000i\000s\000m\000\040\000t\000a\000x\000o\000n\000o\000m\000y}{section.5}% 16
\BOOKMARK [1][-]{section.6}{\376\377\000C\000o\000u\000p\000l\000i\000n\000g\000\040\000s\000e\000q\000u\000e\000n\000c\000e\000s\000\040\000d\000e\000r\000i\000v\000e\000d\000\040\000f\000r\000o\000m\000\040\000a\000\040\000p\000h\000y\000s\000i\000c\000a\000l\000\040\000g\000r\000a\000p\000h}{}% 17
\BOOKMARK [2][-]{subsection.6.1}{\376\377\000W\000h\000y\000\040\000a\000\040\000t\000o\000t\000a\000l\000\040\000o\000r\000d\000e\000r\000i\000n\000g\000\040\000m\000a\000y\000\040\000n\000o\000t\000\040\000e\000x\000i\000s\000t}{section.6}% 18
\BOOKMARK [2][-]{subsection.6.2}{\376\377\000T\000i\000m\000e\000\040\000u\000n\000r\000o\000l\000l\000i\000n\000g}{section.6}% 19
\BOOKMARK [2][-]{subsection.6.3}{\376\377\000S\000t\000r\000o\000n\000g\000l\000y\000\040\000c\000o\000n\000n\000e\000c\000t\000e\000d\000\040\000c\000o\000m\000p\000o\000n\000e\000n\000t\000s}{section.6}% 20
\BOOKMARK [2][-]{subsection.6.4}{\376\377\000W\000h\000a\000t\000\040\000t\000h\000e\000\040\000G\000N\000N\000\040\000s\000h\000o\000u\000l\000d\000\040\000o\000u\000t\000p\000u\000t}{section.6}% 21
\BOOKMARK [1][-]{section.7}{\376\377\000G\000r\000a\000p\000h\000\040\000f\000u\000n\000d\000a\000m\000e\000n\000t\000a\000l\000s}{}% 22
\BOOKMARK [2][-]{subsection.7.1}{\376\377\000W\000h\000y\000\040\000g\000r\000a\000p\000h\000s\000\040\000a\000r\000e\000\040\000t\000h\000e\000\040\000n\000a\000t\000u\000r\000a\000l\000\040\000r\000e\000p\000r\000e\000s\000e\000n\000t\000a\000t\000i\000o\000n}{section.7}% 23
\BOOKMARK [2][-]{subsection.7.2}{\376\377\000D\000i\000r\000e\000c\000t\000e\000d\000,\000\040\000u\000n\000d\000i\000r\000e\000c\000t\000e\000d\000,\000\040\000h\000o\000m\000o\000g\000e\000n\000e\000o\000u\000s\000,\000\040\000a\000n\000d\000\040\000h\000e\000t\000e\000r\000o\000g\000e\000n\000e\000o\000u\000s\000\040\000g\000r\000a\000p\000h\000s}{section.7}% 24
\BOOKMARK [2][-]{subsection.7.3}{\376\377\000A\000d\000j\000a\000c\000e\000n\000c\000y\000\040\000m\000a\000t\000r\000i\000c\000e\000s}{section.7}% 25
\BOOKMARK [2][-]{subsection.7.4}{\376\377\000P\000e\000r\000m\000u\000t\000a\000t\000i\000o\000n\000\040\000e\000q\000u\000i\000v\000a\000r\000i\000a\000n\000c\000e}{section.7}% 26
\BOOKMARK [2][-]{subsection.7.5}{\376\377\000R\000e\000c\000e\000p\000t\000i\000v\000e\000\040\000f\000i\000e\000l\000d\000\040\000a\000n\000d\000\040\000d\000e\000p\000t\000h}{section.7}% 27
\BOOKMARK [1][-]{section.8}{\376\377\000N\000e\000u\000r\000a\000l\000-\000n\000e\000t\000w\000o\000r\000k\000\040\000f\000o\000u\000n\000d\000a\000t\000i\000o\000n\000s\000\040\000n\000e\000e\000d\000e\000d\000\040\000f\000o\000r\000\040\000G\000N\000N\000s}{}% 28
\BOOKMARK [2][-]{subsection.8.1}{\376\377\000A\000\040\000n\000e\000u\000r\000o\000n\000\040\000a\000n\000d\000\040\000a\000\040\000m\000u\000l\000t\000i\000l\000a\000y\000e\000r\000\040\000p\000e\000r\000c\000e\000p\000t\000r\000o\000n}{section.8}% 29
\BOOKMARK [2][-]{subsection.8.2}{\376\377\000T\000r\000a\000i\000n\000i\000n\000g\000\040\000a\000s\000\040\000o\000p\000t\000i\000m\000i\000z\000a\000t\000i\000o\000n}{section.8}% 30
\BOOKMARK [2][-]{subsection.8.3}{\376\377\000N\000o\000r\000m\000a\000l\000i\000z\000a\000t\000i\000o\000n\000\040\000i\000s\000\040\000p\000h\000y\000s\000i\000c\000a\000l\000l\000y\000\040\000e\000s\000s\000e\000n\000t\000i\000a\000l}{section.8}% 31
\BOOKMARK [2][-]{subsection.8.4}{\376\377\000O\000v\000e\000r\000f\000i\000t\000t\000i\000n\000g\000\040\000a\000n\000d\000\040\000l\000e\000a\000k\000a\000g\000e}{section.8}% 32
\BOOKMARK [1][-]{section.9}{\376\377\000M\000e\000s\000s\000a\000g\000e\000\040\000p\000a\000s\000s\000i\000n\000g\000:\000\040\000t\000h\000e\000\040\000c\000o\000r\000e\000\040\000G\000N\000N\000\040\000o\000p\000e\000r\000a\000t\000i\000o\000n}{}% 33
\BOOKMARK [2][-]{subsection.9.1}{\376\377\000G\000e\000n\000e\000r\000a\000l\000\040\000e\000q\000u\000a\000t\000i\000o\000n\000s}{section.9}% 34
\BOOKMARK [2][-]{subsection.9.2}{\376\377\000D\000i\000r\000e\000c\000t\000e\000d\000\040\000t\000y\000p\000e\000d\000\040\000m\000e\000s\000s\000a\000g\000e\000s}{section.9}% 35
\BOOKMARK [2][-]{subsection.9.3}{\376\377\000P\000r\000o\000j\000e\000c\000t\000-\000s\000p\000e\000c\000i\000f\000i\000c\000\040\000e\000d\000g\000e\000\040\000i\000n\000f\000e\000r\000e\000n\000c\000e}{section.9}% 36
\BOOKMARK [2][-]{subsection.9.4}{\376\377\000R\000e\000a\000d\000o\000u\000t\000\040\000f\000u\000n\000c\000t\000i\000o\000n\000s}{section.9}% 37
\BOOKMARK [1][-]{section.10}{\376\377\000M\000a\000j\000o\000r\000\040\000G\000N\000N\000\040\000a\000r\000c\000h\000i\000t\000e\000c\000t\000u\000r\000e\000s\000\040\000a\000n\000d\000\040\000t\000h\000e\000i\000r\000\040\000r\000e\000l\000e\000v\000a\000n\000c\000e}{}% 38
\BOOKMARK [2][-]{subsection.10.1}{\376\377\000G\000r\000a\000p\000h\000\040\000c\000o\000n\000v\000o\000l\000u\000t\000i\000o\000n\000a\000l\000\040\000n\000e\000t\000w\000o\000r\000k\000s}{section.10}% 39
\BOOKMARK [2][-]{subsection.10.2}{\376\377\000G\000r\000a\000p\000h\000S\000A\000G\000E}{section.10}% 40
\BOOKMARK [2][-]{subsection.10.3}{\376\377\000G\000r\000a\000p\000h\000\040\000a\000t\000t\000e\000n\000t\000i\000o\000n\000\040\000n\000e\000t\000w\000o\000r\000k\000s}{section.10}% 41
\BOOKMARK [2][-]{subsection.10.4}{\376\377\000T\000y\000p\000e\000d\000\040\000m\000e\000s\000s\000a\000g\000e\000-\000p\000a\000s\000s\000i\000n\000g\000\040\000n\000e\000t\000w\000o\000r\000k\000s}{section.10}% 42
\BOOKMARK [2][-]{subsection.10.5}{\376\377\000N\000e\000u\000r\000a\000l\000\040\000r\000e\000l\000a\000t\000i\000o\000n\000a\000l\000\040\000i\000n\000f\000e\000r\000e\000n\000c\000e}{section.10}% 43
\BOOKMARK [1][-]{section.11}{\376\377\000T\000e\000m\000p\000o\000r\000a\000l\000\040\000g\000r\000a\000p\000h\000s\000\040\000a\000n\000d\000\040\000d\000y\000n\000a\000m\000i\000c\000a\000l\000\040\000d\000e\000p\000e\000n\000d\000e\000n\000c\000e}{}% 44
\BOOKMARK [2][-]{subsection.11.1}{\376\377\000I\000n\000s\000t\000a\000n\000t\000a\000n\000e\000o\000u\000s\000\040\000a\000n\000d\000\040\000l\000a\000g\000g\000e\000d\000\040\000e\000d\000g\000e\000s}{section.11}% 45
\BOOKMARK [2][-]{subsection.11.2}{\376\377\000R\000e\000c\000u\000r\000r\000e\000n\000t\000\040\000g\000r\000a\000p\000h\000\040\000m\000o\000d\000e\000l}{section.11}% 46
\BOOKMARK [2][-]{subsection.11.3}{\376\377\000S\000t\000a\000t\000e\000-\000d\000e\000p\000e\000n\000d\000e\000n\000t\000\040\000g\000r\000a\000p\000h\000\040\000s\000t\000r\000e\000n\000g\000t\000h}{section.11}% 47
\BOOKMARK [1][-]{section.12}{\376\377\000L\000e\000a\000r\000n\000i\000n\000g\000\040\000g\000r\000a\000p\000h\000\040\000s\000t\000r\000u\000c\000t\000u\000r\000e}{}% 48
\BOOKMARK [2][-]{subsection.12.1}{\376\377\000F\000i\000x\000e\000d\000\040\000c\000a\000n\000d\000i\000d\000a\000t\000e\000\040\000g\000r\000a\000p\000h\000,\000\040\000w\000e\000i\000g\000h\000t\000e\000d\000\040\000g\000r\000a\000p\000h\000,\000\040\000a\000n\000d\000\040\000l\000a\000t\000e\000n\000t\000\040\000g\000r\000a\000p\000h}{section.12}% 49
\BOOKMARK [2][-]{subsection.12.2}{\376\377\000C\000o\000n\000t\000i\000n\000u\000o\000u\000s\000\040\000e\000d\000g\000e\000\040\000g\000a\000t\000e\000s}{section.12}% 50
\BOOKMARK [2][-]{subsection.12.3}{\376\377\000D\000i\000s\000c\000r\000e\000t\000e\000\040\000e\000d\000g\000e\000\040\000t\000y\000p\000e\000s}{section.12}% 51
\BOOKMARK [2][-]{subsection.12.4}{\376\377\000C\000a\000u\000s\000a\000l\000\040\000d\000i\000s\000c\000o\000v\000e\000r\000y\000\040\000i\000s\000\040\000n\000o\000t\000\040\000a\000u\000t\000o\000m\000a\000t\000i\000c}{section.12}% 52
\BOOKMARK [2][-]{subsection.12.5}{\376\377\000I\000n\000t\000e\000r\000v\000e\000n\000t\000i\000o\000n\000s}{section.12}% 53
\BOOKMARK [1][-]{section.13}{\376\377\000P\000r\000o\000p\000o\000s\000e\000d\000\040\000M\000o\000d\000u\000l\000e\000\040\0001\0001\000\040\000a\000r\000c\000h\000i\000t\000e\000c\000t\000u\000r\000e}{}% 54
\BOOKMARK [2][-]{subsection.13.1}{\376\377\000N\000o\000d\000e\000\040\000d\000e\000f\000i\000n\000i\000t\000i\000o\000n}{section.13}% 55
\BOOKMARK [2][-]{subsection.13.2}{\376\377\000F\000i\000e\000l\000d\000-\000t\000o\000-\000n\000o\000d\000e\000\040\000f\000e\000a\000t\000u\000r\000e\000\040\000e\000x\000t\000r\000a\000c\000t\000i\000o\000n}{section.13}% 56
\BOOKMARK [2][-]{subsection.13.3}{\376\377\000N\000o\000d\000e\000-\000t\000y\000p\000e\000\040\000e\000n\000c\000o\000d\000e\000r}{section.13}% 57
\BOOKMARK [2][-]{subsection.13.4}{\376\377\000E\000d\000g\000e\000\040\000p\000r\000i\000o\000r\000\040\000m\000a\000s\000k}{section.13}% 58
\BOOKMARK [2][-]{subsection.13.5}{\376\377\000E\000n\000c\000o\000d\000e\000r\000-\000d\000e\000c\000o\000d\000e\000r\000\040\000s\000t\000r\000u\000c\000t\000u\000r\000e}{section.13}% 59
\BOOKMARK [2][-]{subsection.13.6}{\376\377\000G\000r\000a\000p\000h\000\040\000o\000u\000t\000p\000u\000t\000\040\000a\000n\000d\000\040\000t\000h\000r\000e\000s\000h\000o\000l\000d\000i\000n\000g}{section.13}% 60
\BOOKMARK [1][-]{section.14}{\376\377\000S\000y\000n\000t\000h\000e\000t\000i\000c\000\040\000d\000a\000t\000a\000:\000\040\000w\000h\000a\000t\000\040\000i\000t\000\040\000c\000a\000n\000\040\000a\000n\000d\000\040\000c\000a\000n\000n\000o\000t\000\040\000e\000s\000t\000a\000b\000l\000i\000s\000h}{}% 61
\BOOKMARK [2][-]{subsection.14.1}{\376\377\000W\000h\000a\000t\000\040\000s\000y\000n\000t\000h\000e\000t\000i\000c\000\040\000d\000a\000t\000a\000\040\000c\000a\000n\000\040\000p\000r\000o\000v\000e}{section.14}% 62
\BOOKMARK [2][-]{subsection.14.2}{\376\377\000W\000h\000a\000t\000\040\000s\000y\000n\000t\000h\000e\000t\000i\000c\000\040\000d\000a\000t\000a\000\040\000c\000a\000n\000n\000o\000t\000\040\000p\000r\000o\000v\000e}{section.14}% 63
\BOOKMARK [2][-]{subsection.14.3}{\376\377\000A\000v\000o\000i\000d\000i\000n\000g\000\040\000c\000i\000r\000c\000u\000l\000a\000r\000i\000t\000y}{section.14}% 64
\BOOKMARK [1][-]{section.15}{\376\377\000S\000y\000n\000t\000h\000e\000t\000i\000c\000\040\000s\000a\000m\000p\000l\000e\000\040\000d\000e\000f\000i\000n\000i\000t\000i\000o\000n}{}% 65
\BOOKMARK [1][-]{section.16}{\376\377\000S\000y\000n\000t\000h\000e\000t\000i\000c\000\040\000g\000e\000n\000e\000r\000a\000t\000o\000r\000\040\000a\000r\000c\000h\000i\000t\000e\000c\000t\000u\000r\000e}{}% 66
\BOOKMARK [2][-]{subsection.16.1}{\376\377\000L\000a\000y\000e\000r\000\040\0001\000:\000\040\000g\000r\000a\000p\000h\000-\000f\000a\000m\000i\000l\000y\000\040\000s\000a\000m\000p\000l\000e\000r}{section.16}% 67
\BOOKMARK [2][-]{subsection.16.2}{\376\377\000L\000a\000y\000e\000r\000\040\0002\000:\000\040\000p\000a\000r\000a\000m\000e\000t\000e\000r\000\040\000s\000a\000m\000p\000l\000e\000r}{section.16}% 68
\BOOKMARK [2][-]{subsection.16.3}{\376\377\000L\000a\000y\000e\000r\000\040\0003\000:\000\040\000s\000o\000u\000r\000c\000e\000\040\000a\000n\000d\000\040\000i\000n\000i\000t\000i\000a\000l\000-\000c\000o\000n\000d\000i\000t\000i\000o\000n\000\040\000s\000a\000m\000p\000l\000e\000r}{section.16}% 69
\BOOKMARK [2][-]{subsection.16.4}{\376\377\000L\000a\000y\000e\000r\000\040\0004\000:\000\040\000m\000e\000c\000h\000a\000n\000i\000s\000t\000i\000c\000\040\000t\000r\000a\000j\000e\000c\000t\000o\000r\000y\000\040\000g\000e\000n\000e\000r\000a\000t\000o\000r}{section.16}% 70
\BOOKMARK [2][-]{subsection.16.5}{\376\377\000L\000a\000y\000e\000r\000\040\0005\000:\000\040\000i\000n\000t\000e\000r\000v\000e\000n\000t\000i\000o\000n\000\040\000g\000e\000n\000e\000r\000a\000t\000o\000r}{section.16}% 71
\BOOKMARK [2][-]{subsection.16.6}{\376\377\000L\000a\000y\000e\000r\000\040\0006\000:\000\040\000o\000b\000s\000e\000r\000v\000a\000t\000i\000o\000n\000\040\000a\000n\000d\000\040\000n\000o\000i\000s\000e\000\040\000m\000o\000d\000e\000l}{section.16}% 72
\BOOKMARK [1][-]{section.17}{\376\377\000R\000e\000c\000o\000m\000m\000e\000n\000d\000e\000d\000\040\000s\000y\000n\000t\000h\000e\000t\000i\000c\000\040\000p\000a\000r\000a\000m\000e\000t\000e\000r\000\040\000r\000a\000n\000g\000e\000s}{}% 73
\BOOKMARK [2][-]{subsection.17.1}{\376\377\000C\000o\000r\000r\000e\000l\000a\000t\000e\000d\000\040\000s\000a\000m\000p\000l\000i\000n\000g}{section.17}% 74
\BOOKMARK [2][-]{subsection.17.2}{\376\377\000D\000i\000m\000e\000n\000s\000i\000o\000n\000l\000e\000s\000s\000\040\000r\000e\000g\000i\000m\000e\000\040\000s\000a\000m\000p\000l\000i\000n\000g}{section.17}% 75
\BOOKMARK [1][-]{section.18}{\376\377\000D\000e\000t\000a\000i\000l\000e\000d\000\040\000i\000n\000t\000e\000r\000v\000e\000n\000t\000i\000o\000n\000\040\000l\000i\000b\000r\000a\000r\000y}{}% 76
\BOOKMARK [2][-]{subsection.18.1}{\376\377\000H\000a\000r\000d\000\040\000e\000d\000g\000e\000\040\000r\000e\000m\000o\000v\000a\000l}{section.18}% 77
\BOOKMARK [2][-]{subsection.18.2}{\376\377\000S\000o\000f\000t\000\040\000i\000n\000t\000e\000r\000v\000e\000n\000t\000i\000o\000n}{section.18}% 78
\BOOKMARK [2][-]{subsection.18.3}{\376\377\000N\000o\000d\000e\000\040\000i\000n\000t\000e\000r\000v\000e\000n\000t\000i\000o\000n}{section.18}% 79
\BOOKMARK [2][-]{subsection.18.4}{\376\377\000S\000o\000u\000r\000c\000e\000\040\000i\000n\000t\000e\000r\000v\000e\000n\000t\000i\000o\000n}{section.18}% 80
\BOOKMARK [2][-]{subsection.18.5}{\376\377\000F\000a\000c\000t\000o\000r\000i\000a\000l\000\040\000i\000n\000t\000e\000r\000v\000e\000n\000t\000i\000o\000n\000\040\000d\000e\000s\000i\000g\000n}{section.18}% 81
\BOOKMARK [1][-]{section.19}{\376\377\000S\000y\000n\000t\000h\000e\000t\000i\000c\000\040\000d\000a\000t\000a\000s\000e\000t\000\040\000g\000e\000n\000e\000r\000a\000t\000i\000o\000n\000\040\000a\000l\000g\000o\000r\000i\000t\000h\000m}{}% 82
\BOOKMARK [2][-]{subsection.19.1}{\376\377\000P\000s\000e\000u\000d\000o\000c\000o\000d\000e}{section.19}% 83
\BOOKMARK [2][-]{subsection.19.2}{\376\377\000D\000a\000t\000a\000s\000e\000t\000\040\000s\000i\000z\000e\000\040\000l\000a\000d\000d\000e\000r}{section.19}% 84
\BOOKMARK [2][-]{subsection.19.3}{\376\377\000A\000c\000t\000i\000v\000e\000\040\000s\000a\000m\000p\000l\000i\000n\000g}{section.19}% 85
\BOOKMARK [1][-]{section.20}{\376\377\000T\000r\000a\000i\000n\000i\000n\000g\000\040\000t\000a\000r\000g\000e\000t\000s\000\040\000a\000n\000d\000\040\000l\000o\000s\000s\000e\000s}{}% 86
\BOOKMARK [2][-]{subsection.20.1}{\376\377\000M\000u\000l\000t\000i\000-\000t\000a\000s\000k\000\040\000o\000b\000j\000e\000c\000t\000i\000v\000e}{section.20}% 87
\BOOKMARK [2][-]{subsection.20.2}{\376\377\000S\000t\000a\000t\000e\000-\000p\000r\000e\000d\000i\000c\000t\000i\000o\000n\000\040\000l\000o\000s\000s}{section.20}% 88
\BOOKMARK [2][-]{subsection.20.3}{\376\377\000E\000d\000g\000e\000-\000e\000x\000i\000s\000t\000e\000n\000c\000e\000\040\000l\000o\000s\000s}{section.20}% 89
\BOOKMARK [2][-]{subsection.20.4}{\376\377\000E\000d\000g\000e\000-\000t\000y\000p\000e\000\040\000a\000n\000d\000\040\000d\000i\000r\000e\000c\000t\000i\000o\000n\000\040\000l\000o\000s\000s}{section.20}% 90
\BOOKMARK [2][-]{subsection.20.5}{\376\377\000L\000a\000g\000\040\000l\000o\000s\000s}{section.20}% 91
\BOOKMARK [2][-]{subsection.20.6}{\376\377\000P\000h\000y\000s\000i\000c\000s\000\040\000r\000e\000s\000i\000d\000u\000a\000l\000\040\000l\000o\000s\000s\000e\000s}{section.20}% 92
\BOOKMARK [2][-]{subsection.20.7}{\376\377\000C\000o\000n\000s\000e\000r\000v\000a\000t\000i\000o\000n\000\040\000l\000o\000s\000s\000e\000s}{section.20}% 93
\BOOKMARK [2][-]{subsection.20.8}{\376\377\000I\000n\000t\000e\000r\000v\000e\000n\000t\000i\000o\000n\000\040\000c\000o\000n\000s\000i\000s\000t\000e\000n\000c\000y}{section.20}% 94
\BOOKMARK [2][-]{subsection.20.9}{\376\377\000P\000r\000i\000o\000r\000\040\000c\000o\000n\000s\000i\000s\000t\000e\000n\000c\000y\000\040\000a\000n\000d\000\040\000f\000o\000r\000b\000i\000d\000d\000e\000n\000\040\000e\000d\000g\000e\000s}{section.20}% 95
\BOOKMARK [2][-]{subsection.20.10}{\376\377\000L\000o\000s\000s\000-\000w\000e\000i\000g\000h\000t\000\040\000s\000e\000l\000e\000c\000t\000i\000o\000n}{section.20}% 96
\BOOKMARK [1][-]{section.21}{\376\377\000T\000r\000a\000i\000n\000i\000n\000g\000\040\000c\000u\000r\000r\000i\000c\000u\000l\000u\000m}{}% 97
\BOOKMARK [2][-]{subsection.21.1}{\376\377\000P\000h\000a\000s\000e\000\040\0000\000:\000\040\000a\000n\000a\000l\000y\000t\000i\000c\000\040\000t\000w\000o\000-\000\040\000a\000n\000d\000\040\000t\000h\000r\000e\000e\000-\000n\000o\000d\000e\000\040\000s\000y\000s\000t\000e\000m\000s}{section.21}% 98
\BOOKMARK [2][-]{subsection.21.2}{\376\377\000P\000h\000a\000s\000e\000\040\0001\000:\000\040\000f\000i\000x\000e\000d\000\040\000g\000r\000a\000p\000h\000,\000\040\000s\000t\000a\000t\000e\000\040\000p\000r\000e\000d\000i\000c\000t\000i\000o\000n}{section.21}% 99
\BOOKMARK [2][-]{subsection.21.3}{\376\377\000P\000h\000a\000s\000e\000\040\0002\000:\000\040\000e\000d\000g\000e\000\040\000s\000t\000r\000e\000n\000g\000t\000h}{section.21}% 100
\BOOKMARK [2][-]{subsection.21.4}{\376\377\000P\000h\000a\000s\000e\000\040\0003\000:\000\040\000e\000d\000g\000e\000\040\000p\000r\000e\000s\000e\000n\000c\000e\000\040\000a\000n\000d\000\040\000t\000y\000p\000e}{section.21}% 101
\BOOKMARK [2][-]{subsection.21.5}{\376\377\000P\000h\000a\000s\000e\000\040\0004\000:\000\040\000l\000a\000g\000\040\000a\000n\000d\000\040\000f\000e\000e\000d\000b\000a\000c\000k\000\040\000g\000r\000o\000u\000p\000s}{section.21}% 102
\BOOKMARK [2][-]{subsection.21.6}{\376\377\000P\000h\000a\000s\000e\000\040\0005\000:\000\040\000n\000o\000i\000s\000y\000\040\000a\000n\000d\000\040\000d\000i\000s\000c\000r\000e\000p\000a\000n\000t\000\040\000d\000a\000t\000a}{section.21}% 103
\BOOKMARK [1][-]{section.22}{\376\377\000T\000r\000a\000i\000n\000,\000\040\000v\000a\000l\000i\000d\000a\000t\000i\000o\000n\000,\000\040\000t\000e\000s\000t\000,\000\040\000a\000n\000d\000\040\000O\000O\000D\000\040\000s\000p\000l\000i\000t\000s}{}% 104
\BOOKMARK [2][-]{subsection.22.1}{\376\377\000S\000p\000l\000i\000t\000\040\000b\000y\000\040\000c\000o\000m\000p\000l\000e\000t\000e\000\040\000p\000h\000y\000s\000i\000c\000a\000l\000\040\000f\000a\000m\000i\000l\000y}{section.22}% 105
\BOOKMARK [2][-]{subsection.22.2}{\376\377\000T\000o\000p\000o\000l\000o\000g\000y\000\040\000s\000p\000l\000i\000t}{section.22}% 106
\BOOKMARK [2][-]{subsection.22.3}{\376\377\000P\000a\000r\000a\000m\000e\000t\000e\000r\000\040\000e\000x\000t\000r\000a\000p\000o\000l\000a\000t\000i\000o\000n}{section.22}% 107
\BOOKMARK [2][-]{subsection.22.4}{\376\377\000M\000e\000c\000h\000a\000n\000i\000s\000m\000\040\000O\000O\000D}{section.22}% 108
\BOOKMARK [2][-]{subsection.22.5}{\376\377\000S\000o\000u\000r\000c\000e\000-\000s\000h\000a\000p\000e\000\040\000t\000r\000a\000n\000s\000f\000e\000r}{section.22}% 109
\BOOKMARK [1][-]{section.23}{\376\377\000E\000v\000a\000l\000u\000a\000t\000i\000o\000n\000\040\000m\000e\000t\000r\000i\000c\000s}{}% 110
\BOOKMARK [2][-]{subsection.23.1}{\376\377\000G\000r\000a\000p\000h\000\040\000t\000o\000p\000o\000l\000o\000g\000y}{section.23}% 111
\BOOKMARK [2][-]{subsection.23.2}{\376\377\000D\000i\000r\000e\000c\000t\000i\000o\000n\000\040\000a\000n\000d\000\040\000t\000y\000p\000e}{section.23}% 112
\BOOKMARK [2][-]{subsection.23.3}{\376\377\000L\000a\000g}{section.23}% 113
\BOOKMARK [2][-]{subsection.23.4}{\376\377\000E\000d\000g\000e\000\040\000s\000t\000r\000e\000n\000g\000t\000h}{section.23}% 114
\BOOKMARK [2][-]{subsection.23.5}{\376\377\000T\000r\000a\000j\000e\000c\000t\000o\000r\000y\000\040\000a\000n\000d\000\040\000i\000n\000t\000e\000r\000v\000e\000n\000t\000i\000o\000n\000\040\000p\000r\000e\000d\000i\000c\000t\000i\000o\000n}{section.23}% 115
\BOOKMARK [2][-]{subsection.23.6}{\376\377\000S\000C\000C\000\040\000a\000n\000d\000\040\000s\000e\000q\000u\000e\000n\000c\000e\000\040\000r\000e\000c\000o\000v\000e\000r\000y}{section.23}% 116
\BOOKMARK [2][-]{subsection.23.7}{\376\377\000C\000a\000l\000i\000b\000r\000a\000t\000i\000o\000n}{section.23}% 117
\BOOKMARK [1][-]{section.24}{\376\377\000B\000a\000s\000e\000l\000i\000n\000e\000s\000\040\000t\000h\000e\000\040\000G\000N\000N\000\040\000m\000u\000s\000t\000\040\000b\000e\000a\000t}{}% 118
\BOOKMARK [1][-]{section.25}{\376\377\000P\000r\000o\000o\000f\000-\000o\000f\000-\000c\000o\000n\000c\000e\000p\000t\000\040\000e\000x\000p\000e\000r\000i\000m\000e\000n\000t\000\040\000l\000a\000d\000d\000e\000r}{}% 119
\BOOKMARK [2][-]{subsection.25.1}{\376\377\000E\000x\000p\000e\000r\000i\000m\000e\000n\000t\000\040\0000\000:\000\040\000t\000h\000r\000e\000e\000-\000n\000o\000d\000e\000\040\000c\000h\000a\000i\000n}{section.25}% 120
\BOOKMARK [2][-]{subsection.25.2}{\376\377\000E\000x\000p\000e\000r\000i\000m\000e\000n\000t\000\040\0001\000:\000\040\000c\000o\000m\000m\000o\000n\000\040\000c\000a\000u\000s\000e}{section.25}% 121
\BOOKMARK [2][-]{subsection.25.3}{\376\377\000E\000x\000p\000e\000r\000i\000m\000e\000n\000t\000\040\0002\000:\000\040\000d\000e\000l\000a\000y\000e\000d\000\040\000f\000e\000e\000d\000b\000a\000c\000k}{section.25}% 122
\BOOKMARK [2][-]{subsection.25.4}{\376\377\000E\000x\000p\000e\000r\000i\000m\000e\000n\000t\000\040\0003\000:\000\040\000l\000u\000m\000p\000e\000d\000\040\000M\000o\000d\000u\000l\000e\000\040\0002\040\023\0005\000\040\000m\000o\000d\000e\000l}{section.25}% 123
\BOOKMARK [2][-]{subsection.25.5}{\376\377\000E\000x\000p\000e\000r\000i\000m\000e\000n\000t\000\040\0004\000:\000\040\000r\000e\000d\000u\000c\000e\000d\000\040\000f\000i\000e\000l\000d\000\040\000s\000i\000m\000u\000l\000a\000t\000i\000o\000n}{section.25}% 124
\BOOKMARK [2][-]{subsection.25.6}{\376\377\000E\000x\000p\000e\000r\000i\000m\000e\000n\000t\000\040\0005\000:\000\040\000h\000i\000d\000d\000e\000n\000-\000m\000e\000c\000h\000a\000n\000i\000s\000m\000\040\000d\000i\000s\000c\000r\000e\000p\000a\000n\000c\000y}{section.25}% 125
\BOOKMARK [1][-]{section.26}{\376\377\000U\000n\000c\000e\000r\000t\000a\000i\000n\000t\000y\000\040\000a\000n\000d\000\040\000s\000a\000f\000e\000\040\000i\000n\000t\000e\000r\000p\000r\000e\000t\000a\000t\000i\000o\000n}{}% 126
\BOOKMARK [2][-]{subsection.26.1}{\376\377\000S\000o\000u\000r\000c\000e\000s\000\040\000o\000f\000\040\000u\000n\000c\000e\000r\000t\000a\000i\000n\000t\000y}{section.26}% 127
\BOOKMARK [2][-]{subsection.26.2}{\376\377\000P\000r\000a\000c\000t\000i\000c\000a\000l\000\040\000m\000e\000t\000h\000o\000d\000s}{section.26}% 128
\BOOKMARK [2][-]{subsection.26.3}{\376\377\000A\000b\000s\000t\000e\000n\000t\000i\000o\000n}{section.26}% 129
\BOOKMARK [1][-]{section.27}{\376\377\000I\000n\000t\000e\000r\000p\000r\000e\000t\000a\000b\000i\000l\000i\000t\000y}{}% 130
\BOOKMARK [2][-]{subsection.27.1}{\376\377\000E\000d\000g\000e\000\040\000p\000r\000o\000b\000a\000b\000i\000l\000i\000t\000y\000\040\000i\000s\000\040\000n\000o\000t\000\040\000e\000n\000o\000u\000g\000h}{section.27}% 131
\BOOKMARK [2][-]{subsection.27.2}{\376\377\000C\000o\000u\000n\000t\000e\000r\000f\000a\000c\000t\000u\000a\000l\000\040\000e\000x\000p\000l\000a\000n\000a\000t\000i\000o\000n}{section.27}% 132
\BOOKMARK [2][-]{subsection.27.3}{\376\377\000R\000e\000g\000i\000m\000e\000\040\000m\000a\000p\000s}{section.27}% 133
\BOOKMARK [1][-]{section.28}{\376\377\000C\000o\000m\000p\000u\000t\000a\000t\000i\000o\000n\000a\000l\000\040\000c\000o\000n\000s\000i\000d\000e\000r\000a\000t\000i\000o\000n\000s}{}% 134
\BOOKMARK [1][-]{section.29}{\376\377\000M\000A\000T\000L\000A\000B\000-\000o\000r\000i\000e\000n\000t\000e\000d\000\040\000d\000a\000t\000a\000\040\000r\000e\000p\000r\000e\000s\000e\000n\000t\000a\000t\000i\000o\000n}{}% 135
\BOOKMARK [2][-]{subsection.29.1}{\376\377\000R\000e\000c\000o\000m\000m\000e\000n\000d\000e\000d\000\040\000c\000a\000s\000e\000\040\000s\000t\000r\000u\000c\000t\000u\000r\000e}{section.29}% 136
\BOOKMARK [2][-]{subsection.29.2}{\376\377\000N\000o\000d\000e\000-\000f\000e\000a\000t\000u\000r\000e\000\040\000s\000c\000h\000e\000m\000a}{section.29}% 137
\BOOKMARK [2][-]{subsection.29.3}{\376\377\000E\000d\000g\000e\000-\000l\000a\000b\000e\000l\000\040\000s\000c\000h\000e\000m\000a}{section.29}% 138
\BOOKMARK [2][-]{subsection.29.4}{\376\377\000M\000A\000T\000L\000A\000B\000\040\000v\000e\000r\000s\000u\000s\000\040\000P\000y\000t\000h\000o\000n\000\040\000t\000r\000a\000i\000n\000i\000n\000g}{section.29}% 139
\BOOKMARK [1][-]{section.30}{\376\377\000P\000r\000o\000p\000o\000s\000e\000d\000\040\000M\000o\000d\000u\000l\000e\000\040\0001\0001\000\040\000f\000i\000l\000e\000\040\000a\000r\000c\000h\000i\000t\000e\000c\000t\000u\000r\000e}{}% 140
\BOOKMARK [1][-]{section.31}{\376\377\000V\000e\000r\000i\000f\000i\000c\000a\000t\000i\000o\000n\000\040\000a\000n\000d\000\040\000a\000c\000c\000e\000p\000t\000a\000n\000c\000e\000\040\000c\000r\000i\000t\000e\000r\000i\000a}{}% 141
\BOOKMARK [1][-]{section.32}{\376\377\000C\000o\000m\000m\000o\000n\000\040\000f\000a\000i\000l\000u\000r\000e\000\040\000m\000o\000d\000e\000s}{}% 142
\BOOKMARK [2][-]{subsection.32.1}{\376\377\000C\000o\000n\000f\000u\000s\000i\000n\000g\000\040\000a\000s\000s\000o\000c\000i\000a\000t\000i\000o\000n\000\040\000w\000i\000t\000h\000\040\000d\000i\000r\000e\000c\000t\000\040\000d\000e\000p\000e\000n\000d\000e\000n\000c\000e}{section.32}% 143
\BOOKMARK [2][-]{subsection.32.2}{\376\377\000F\000o\000r\000c\000i\000n\000g\000\040\000a\000c\000y\000c\000l\000i\000c\000i\000t\000y}{section.32}% 144
\BOOKMARK [2][-]{subsection.32.3}{\376\377\000U\000s\000i\000n\000g\000\040\000a\000t\000t\000e\000n\000t\000i\000o\000n\000\040\000a\000s\000\040\000p\000r\000o\000o\000f\000\040\000o\000f\000\040\000c\000a\000u\000s\000a\000l\000i\000t\000y}{section.32}% 145
\BOOKMARK [2][-]{subsection.32.4}{\376\377\000T\000r\000a\000i\000n\000i\000n\000g\000\040\000o\000n\000\040\000o\000n\000l\000y\000\040\000o\000n\000e\000\040\000g\000r\000a\000p\000h}{section.32}% 146
\BOOKMARK [2][-]{subsection.32.5}{\376\377\000C\000o\000m\000m\000o\000n\000-\000s\000o\000u\000r\000c\000e\000\040\000c\000o\000n\000f\000o\000u\000n\000d\000i\000n\000g}{section.32}% 147
\BOOKMARK [2][-]{subsection.32.6}{\376\377\000I\000n\000s\000u\000f\000f\000i\000c\000i\000e\000n\000t\000\040\000t\000e\000m\000p\000o\000r\000a\000l\000\040\000r\000e\000s\000o\000l\000u\000t\000i\000o\000n}{section.32}% 148
\BOOKMARK [2][-]{subsection.32.7}{\376\377\000U\000n\000o\000b\000s\000e\000r\000v\000e\000d\000\040\000m\000e\000d\000i\000a\000t\000o\000r\000s}{section.32}% 149
\BOOKMARK [2][-]{subsection.32.8}{\376\377\000P\000h\000y\000s\000i\000c\000a\000l\000l\000y\000\040\000i\000m\000p\000o\000s\000s\000i\000b\000l\000e\000\040\000r\000a\000n\000d\000o\000m\000\040\000s\000a\000m\000p\000l\000e\000s}{section.32}% 150
\BOOKMARK [2][-]{subsection.32.9}{\376\377\000C\000l\000a\000s\000s\000\040\000i\000m\000b\000a\000l\000a\000n\000c\000e}{section.32}% 151
\BOOKMARK [2][-]{subsection.32.10}{\376\377\000O\000v\000e\000r\000l\000y\000\040\000f\000l\000e\000x\000i\000b\000l\000e\000\040\000c\000a\000n\000d\000i\000d\000a\000t\000e\000\040\000g\000r\000a\000p\000h}{section.32}% 152
\BOOKMARK [2][-]{subsection.32.11}{\376\377\000S\000y\000n\000t\000h\000e\000t\000i\000c\000-\000g\000e\000n\000e\000r\000a\000t\000o\000r\000\040\000a\000r\000t\000i\000f\000a\000c\000t\000s}{section.32}% 153
\BOOKMARK [1][-]{section.33}{\376\377\000S\000c\000i\000e\000n\000t\000i\000f\000i\000c\000\040\000c\000l\000a\000i\000m\000s\000\040\000t\000h\000a\000t\000\040\000a\000r\000e\000\040\000a\000n\000d\000\040\000a\000r\000e\000\040\000n\000o\000t\000\040\000d\000e\000f\000e\000n\000s\000i\000b\000l\000e}{}% 154
\BOOKMARK [2][-]{subsection.33.1}{\376\377\000D\000e\000f\000e\000n\000s\000i\000b\000l\000e\000\040\000p\000r\000o\000o\000f\000-\000o\000f\000-\000c\000o\000n\000c\000e\000p\000t\000\040\000c\000l\000a\000i\000m\000s}{section.33}% 155
\BOOKMARK [2][-]{subsection.33.2}{\376\377\000C\000l\000a\000i\000m\000s\000\040\000r\000e\000q\000u\000i\000r\000i\000n\000g\000\040\000e\000x\000p\000e\000r\000i\000m\000e\000n\000t\000a\000l\000\040\000d\000a\000t\000a}{section.33}% 156
\BOOKMARK [1][-]{section.34}{\376\377\000P\000o\000t\000e\000n\000t\000i\000a\000l\000\040\000r\000e\000s\000e\000a\000r\000c\000h\000\040\000c\000o\000n\000t\000r\000i\000b\000u\000t\000i\000o\000n}{}% 157
\BOOKMARK [1][-]{section.35}{\376\377\000E\000x\000t\000e\000n\000s\000i\000o\000n\000\040\000t\000o\000\040\000t\000h\000e\000\040\000s\000u\000p\000e\000r\000c\000o\000n\000d\000u\000c\000t\000i\000n\000g\000\040\000b\000r\000a\000n\000c\000h}{}% 158
\BOOKMARK [1][-]{section.36}{\376\377\000R\000e\000c\000o\000m\000m\000e\000n\000d\000e\000d\000\040\000d\000e\000v\000e\000l\000o\000p\000m\000e\000n\000t\000\040\000r\000o\000a\000d\000m\000a\000p}{}% 159
\BOOKMARK [1][-]{section.37}{\376\377\000I\000m\000m\000e\000d\000i\000a\000t\000e\000\040\000f\000i\000r\000s\000t\000\040\000i\000m\000p\000l\000e\000m\000e\000n\000t\000a\000t\000i\000o\000n}{}% 160
\BOOKMARK [1][-]{section.38}{\376\377\000S\000u\000m\000m\000a\000r\000y}{}% 161
\BOOKMARK [1][-]{section.39}{\376\377\000A\000p\000p\000e\000n\000d\000i\000x\000\040\000A\000:\000\040\000d\000e\000t\000a\000i\000l\000e\000d\000\040\000c\000a\000n\000d\000i\000d\000a\000t\000e\000\040\000d\000e\000p\000e\000n\000d\000e\000n\000c\000y\000\040\000t\000a\000b\000l\000e}{}% 162
\BOOKMARK [1][-]{section.40}{\376\377\000A\000p\000p\000e\000n\000d\000i\000x\000\040\000B\000:\000\040\000e\000x\000a\000m\000p\000l\000e\000\040\000g\000r\000a\000p\000h\000-\000f\000a\000m\000i\000l\000y\000\040\000t\000a\000b\000l\000e}{}% 163
\BOOKMARK [1][-]{section.41}{\376\377\000A\000p\000p\000e\000n\000d\000i\000x\000\040\000C\000:\000\040\000d\000e\000r\000i\000v\000a\000t\000i\000o\000n\000\040\000o\000f\000\040\000G\000C\000N\000\040\000n\000o\000r\000m\000a\000l\000i\000z\000a\000t\000i\000o\000n}{}% 164
\BOOKMARK [1][-]{section.42}{\376\377\000A\000p\000p\000e\000n\000d\000i\000x\000\040\000D\000:\000\040\000r\000e\000p\000r\000o\000d\000u\000c\000i\000b\000i\000l\000i\000t\000y\000\040\000c\000h\000e\000c\000k\000l\000i\000s\000t}{}% 165
\BOOKMARK [1][-]{section.43}{\376\377\000R\000e\000f\000e\000r\000e\000n\000c\000e\000s}{}% 166
