\BOOKMARK [1][-]{Doc-Start}{\376\377\000S\000y\000m\000b\000o\000l\000s\000\040\000a\000n\000d\000\040\000a\000c\000r\000o\000n\000y\000m\000s\000\040\000u\000s\000e\000d\000\040\000i\000n\000\040\000t\000h\000i\000s\000\040\000d\000o\000c\000u\000m\000e\000n\000t}{}% 1
\BOOKMARK [1][-]{section.1}{\376\377\000R\000o\000l\000e\000\040\000o\000f\000\040\000M\000o\000d\000u\000l\000e\000\040\0006\000\040\000i\000n\000\040\000t\000h\000e\000\040\000p\000r\000o\000j\000e\000c\000t}{}% 2
\BOOKMARK [1][-]{section.2}{\376\377\000T\000h\000e\000\040\000f\000o\000u\000r\000\040\000c\000o\000u\000p\000l\000e\000d\000\040\000m\000a\000p\000s\000\040\000o\000v\000e\000r\000\040\000t\000h\000e\000\040\000s\000a\000m\000e\000\040\000d\000e\000v\000i\000c\000e\000\040\000c\000r\000o\000s\000s\000\040\000s\000e\000c\000t\000i\000o\000n}{}% 3
\BOOKMARK [2][-]{subsection.2.1}{\376\377\000D\000e\000f\000e\000c\000t\000\040\000m\000a\000p}{section.2}% 4
\BOOKMARK [2][-]{subsection.2.2}{\376\377\000P\000o\000t\000e\000n\000t\000i\000a\000l\000\040\000m\000a\000p}{section.2}% 5
\BOOKMARK [2][-]{subsection.2.3}{\376\377\000T\000e\000m\000p\000e\000r\000a\000t\000u\000r\000e\000\040\000m\000a\000p}{section.2}% 6
\BOOKMARK [2][-]{subsection.2.4}{\376\377\000C\000a\000r\000r\000i\000e\000r\000\040\000m\000a\000p}{section.2}% 7
\BOOKMARK [1][-]{section.3}{\376\377\000C\000o\000u\000p\000l\000e\000d\000\040\000g\000o\000v\000e\000r\000n\000i\000n\000g\000\040\000e\000q\000u\000a\000t\000i\000o\000n\000s}{}% 8
\BOOKMARK [2][-]{subsection.3.1}{\376\377\000D\000e\000f\000e\000c\000t\000\040\000e\000v\000o\000l\000u\000t\000i\000o\000n\000\040\000e\000q\000u\000a\000t\000i\000o\000n}{section.3}% 9
\BOOKMARK [2][-]{subsection.3.2}{\376\377\000E\000l\000e\000c\000t\000r\000o\000s\000t\000a\000t\000i\000c\000\040\000p\000o\000t\000e\000n\000t\000i\000a\000l\000\040\000e\000q\000u\000a\000t\000i\000o\000n}{section.3}% 10
\BOOKMARK [2][-]{subsection.3.3}{\376\377\000T\000h\000e\000r\000m\000a\000l\000\040\000e\000q\000u\000a\000t\000i\000o\000n}{section.3}% 11
\BOOKMARK [2][-]{subsection.3.4}{\376\377\000C\000a\000r\000r\000i\000e\000r\000\040\000t\000r\000a\000n\000s\000p\000o\000r\000t\000\040\000e\000q\000u\000a\000t\000i\000o\000n\000s}{section.3}% 12
\BOOKMARK [1][-]{section.4}{\376\377\000W\000h\000e\000r\000e\000\040\000t\000h\000e\000\040\000f\000e\000e\000d\000b\000a\000c\000k\000\040\000l\000o\000o\000p\000s\000\040\000c\000o\000m\000e\000\040\000f\000r\000o\000m}{}% 13
\BOOKMARK [2][-]{subsection.4.1}{\376\377\000D\000e\000f\000e\000c\000t\000s\000\040\000p\000e\000r\000t\000u\000r\000b\000\040\000e\000l\000e\000c\000t\000r\000o\000s\000t\000a\000t\000i\000c\000s}{section.4}% 14
\BOOKMARK [2][-]{subsection.4.2}{\376\377\000E\000l\000e\000c\000t\000r\000o\000s\000t\000a\000t\000i\000c\000s\000\040\000s\000t\000e\000e\000r\000s\000\040\000c\000a\000r\000r\000i\000e\000r\000s\000\040\000a\000n\000d\000\040\000c\000h\000a\000r\000g\000e\000d\000\040\000d\000e\000f\000e\000c\000t\000s}{section.4}% 15
\BOOKMARK [2][-]{subsection.4.3}{\376\377\000D\000e\000f\000e\000c\000t\000s\000\040\000m\000o\000d\000i\000f\000y\000\040\000m\000o\000b\000i\000l\000i\000t\000y}{section.4}% 16
\BOOKMARK [2][-]{subsection.4.4}{\376\377\000D\000e\000f\000e\000c\000t\000s\000\040\000m\000o\000d\000i\000f\000y\000\040\000r\000e\000c\000o\000m\000b\000i\000n\000a\000t\000i\000o\000n}{section.4}% 17
\BOOKMARK [2][-]{subsection.4.5}{\376\377\000T\000e\000m\000p\000e\000r\000a\000t\000u\000r\000e\000\040\000m\000o\000d\000i\000f\000i\000e\000s\000\040\000a\000l\000m\000o\000s\000t\000\040\000e\000v\000e\000r\000y\000\040\000c\000o\000e\000f\000f\000i\000c\000i\000e\000n\000t}{section.4}% 18
\BOOKMARK [2][-]{subsection.4.6}{\376\377\000C\000a\000r\000r\000i\000e\000r\000s\000\040\000a\000n\000d\000\040\000c\000u\000r\000r\000e\000n\000t\000s\000\040\000g\000e\000n\000e\000r\000a\000t\000e\000\040\000h\000e\000a\000t}{section.4}% 19
\BOOKMARK [1][-]{section.5}{\376\377\000M\000o\000n\000o\000l\000i\000t\000h\000i\000c\000\040\000c\000o\000u\000p\000l\000e\000d\000\040\000s\000y\000s\000t\000e\000m}{}% 20
\BOOKMARK [1][-]{section.6}{\376\377\000W\000e\000a\000k\000\040\000f\000o\000r\000m\000s\000\040\000f\000o\000r\000\040\000a\000\040\000t\000w\000o\000-\000d\000i\000m\000e\000n\000s\000i\000o\000n\000a\000l\000\040\000F\000E\000M\000\040\000i\000m\000p\000l\000e\000m\000e\000n\000t\000a\000t\000i\000o\000n}{}% 21
\BOOKMARK [2][-]{subsection.6.1}{\376\377\000P\000o\000i\000s\000s\000o\000n\000\040\000w\000e\000a\000k\000\040\000f\000o\000r\000m}{section.6}% 22
\BOOKMARK [2][-]{subsection.6.2}{\376\377\000T\000h\000e\000r\000m\000a\000l\000\040\000w\000e\000a\000k\000\040\000f\000o\000r\000m}{section.6}% 23
\BOOKMARK [2][-]{subsection.6.3}{\376\377\000D\000e\000f\000e\000c\000t\000\040\000w\000e\000a\000k\000\040\000f\000o\000r\000m}{section.6}% 24
\BOOKMARK [2][-]{subsection.6.4}{\376\377\000C\000a\000r\000r\000i\000e\000r\000\040\000w\000e\000a\000k\000\040\000f\000o\000r\000m\000s}{section.6}% 25
\BOOKMARK [1][-]{section.7}{\376\377\000S\000t\000a\000g\000g\000e\000r\000e\000d\000\040\000c\000o\000u\000p\000l\000i\000n\000g\000\040\000s\000t\000r\000a\000t\000e\000g\000y\000\040\000f\000o\000r\000\040\000t\000h\000e\000\040\000f\000i\000r\000s\000t\000\040\000i\000m\000p\000l\000e\000m\000e\000n\000t\000a\000t\000i\000o\000n}{}% 26
\BOOKMARK [1][-]{section.8}{\376\377\000B\000o\000u\000n\000d\000a\000r\000y\000\040\000a\000n\000d\000\040\000i\000n\000i\000t\000i\000a\000l\000\040\000c\000o\000n\000d\000i\000t\000i\000o\000n\000s}{}% 27
\BOOKMARK [2][-]{subsection.8.1}{\376\377\000D\000e\000f\000e\000c\000t\000\040\000b\000o\000u\000n\000d\000a\000r\000y\000\040\000c\000o\000n\000d\000i\000t\000i\000o\000n\000s}{section.8}% 28
\BOOKMARK [2][-]{subsection.8.2}{\376\377\000E\000l\000e\000c\000t\000r\000o\000s\000t\000a\000t\000i\000c\000\040\000b\000o\000u\000n\000d\000a\000r\000y\000\040\000c\000o\000n\000d\000i\000t\000i\000o\000n\000s}{section.8}% 29
\BOOKMARK [2][-]{subsection.8.3}{\376\377\000T\000h\000e\000r\000m\000a\000l\000\040\000b\000o\000u\000n\000d\000a\000r\000y\000\040\000c\000o\000n\000d\000i\000t\000i\000o\000n\000s}{section.8}% 30
\BOOKMARK [2][-]{subsection.8.4}{\376\377\000C\000a\000r\000r\000i\000e\000r\000\040\000b\000o\000u\000n\000d\000a\000r\000y\000\040\000c\000o\000n\000d\000i\000t\000i\000o\000n\000s}{section.8}% 31
\BOOKMARK [2][-]{subsection.8.5}{\376\377\000I\000n\000i\000t\000i\000a\000l\000\040\000c\000o\000n\000d\000i\000t\000i\000o\000n\000s}{section.8}% 32
\BOOKMARK [1][-]{section.9}{\376\377\000T\000i\000m\000e\000\040\000s\000c\000a\000l\000e\000s\000\040\000a\000n\000d\000\040\000s\000t\000i\000f\000f\000n\000e\000s\000s}{}% 33
\BOOKMARK [2][-]{subsection.9.1}{\376\377\000D\000i\000m\000e\000n\000s\000i\000o\000n\000l\000e\000s\000s\000\040\000i\000n\000d\000i\000c\000a\000t\000o\000r\000s}{section.9}% 34
\BOOKMARK [1][-]{section.10}{\376\377\000R\000e\000c\000o\000m\000m\000e\000n\000d\000e\000d\000\040\000f\000i\000r\000s\000t\000\040\000i\000m\000p\000l\000e\000m\000e\000n\000t\000a\000t\000i\000o\000n\000\040\000p\000a\000t\000h}{}% 35
\BOOKMARK [2][-]{subsection.10.1}{\376\377\000L\000e\000v\000e\000l\000\040\0000\000:\000\040\000o\000n\000e\000-\000w\000a\000y\000\040\000c\000o\000u\000p\000l\000i\000n\000g}{section.10}% 36
\BOOKMARK [2][-]{subsection.10.2}{\376\377\000L\000e\000v\000e\000l\000\040\0001\000:\000\040\000e\000l\000e\000c\000t\000r\000o\000s\000t\000a\000t\000i\000c\000-\000c\000a\000r\000r\000i\000e\000r\000\040\000c\000o\000u\000p\000l\000i\000n\000g}{section.10}% 37
\BOOKMARK [2][-]{subsection.10.3}{\376\377\000L\000e\000v\000e\000l\000\040\0002\000:\000\040\000d\000e\000f\000e\000c\000t\000-\000e\000l\000e\000c\000t\000r\000o\000s\000t\000a\000t\000i\000c\000-\000c\000a\000r\000r\000i\000e\000r\000\040\000c\000o\000u\000p\000l\000i\000n\000g}{section.10}% 38
\BOOKMARK [2][-]{subsection.10.4}{\376\377\000L\000e\000v\000e\000l\000\040\0003\000:\000\040\000t\000h\000e\000r\000m\000a\000l\000\040\000f\000e\000e\000d\000b\000a\000c\000k}{section.10}% 39
\BOOKMARK [2][-]{subsection.10.5}{\376\377\000L\000e\000v\000e\000l\000\040\0004\000:\000\040\000f\000u\000l\000l\000\040\000c\000o\000u\000p\000l\000e\000d\000\040\000i\000t\000e\000r\000a\000t\000i\000o\000n}{section.10}% 40
\BOOKMARK [1][-]{section.11}{\376\377\000C\000o\000n\000s\000e\000r\000v\000a\000t\000i\000o\000n\000\040\000a\000n\000d\000\040\000c\000o\000n\000s\000i\000s\000t\000e\000n\000c\000y\000\040\000c\000h\000e\000c\000k\000s}{}% 41
\BOOKMARK [2][-]{subsection.11.1}{\376\377\000C\000h\000a\000r\000g\000e\000\040\000c\000o\000n\000s\000i\000s\000t\000e\000n\000c\000y}{section.11}% 42
\BOOKMARK [2][-]{subsection.11.2}{\376\377\000E\000n\000e\000r\000g\000y\000\040\000c\000o\000n\000s\000i\000s\000t\000e\000n\000c\000y}{section.11}% 43
\BOOKMARK [2][-]{subsection.11.3}{\376\377\000C\000a\000r\000r\000i\000e\000r\000\040\000c\000o\000n\000s\000e\000r\000v\000a\000t\000i\000o\000n}{section.11}% 44
\BOOKMARK [1][-]{section.12}{\376\377\000D\000e\000v\000i\000c\000e\000-\000r\000e\000s\000p\000o\000n\000s\000e\000\040\000o\000u\000t\000p\000u\000t\000s}{}% 45
\BOOKMARK [1][-]{section.13}{\376\377\000C\000o\000m\000m\000o\000n\000\040\000f\000a\000i\000l\000u\000r\000e\000\040\000m\000o\000d\000e\000s}{}% 46
\BOOKMARK [2][-]{subsection.13.1}{\376\377\000U\000n\000i\000t\000\040\000i\000n\000c\000o\000n\000s\000i\000s\000t\000e\000n\000c\000y}{section.13}% 47
\BOOKMARK [2][-]{subsection.13.2}{\376\377\000U\000s\000i\000n\000g\000\040\000s\000t\000a\000l\000e\000\040\000f\000i\000e\000l\000d\000s}{section.13}% 48
\BOOKMARK [2][-]{subsection.13.3}{\376\377\000S\000i\000g\000n\000\040\000e\000r\000r\000o\000r\000s\000\040\000i\000n\000\040\000c\000a\000r\000r\000i\000e\000r\000\040\000t\000r\000a\000n\000s\000p\000o\000r\000t}{section.13}% 49
\BOOKMARK [2][-]{subsection.13.4}{\376\377\000O\000v\000e\000r\000-\000c\000o\000u\000p\000l\000i\000n\000g\000\040\000t\000o\000o\000\040\000e\000a\000r\000l\000y}{section.13}% 50
\BOOKMARK [1][-]{section.14}{\376\377\000S\000u\000m\000m\000a\000r\000y}{}% 51
